<?xml version="1.0" encoding="UTF-8"?>
<!-- Generated by org.testng.reporters.JUnitXMLReporter -->
<testsuite hostname="LAPTOP-G420SG1V" ignored="0" name="Default test" tests="98" failures="0" timestamp="22 Nov 2019 11:49:09 GMT" time="1.991" errors="0">
  <testcase name="@BeforeTest setup" time="1.672" classname="Unipupil.UniMavenTests.Chrome77BuyCourseAddFeesAgentDomesticIndivCommFullPaymentTest">
    <failure type="java.lang.NullPointerException">
      <![CDATA[java.lang.NullPointerException
at java.util.Objects.requireNonNull(Objects.java:203)
at org.openqa.selenium.support.ui.FluentWait.<init>(FluentWait.java:106)
at org.openqa.selenium.support.ui.WebDriverWait.<init>(WebDriverWait.java:85)
at org.openqa.selenium.support.ui.WebDriverWait.<init>(WebDriverWait.java:45)
at Unipupil.TestFramework.pageObjects.LoginPage.<init>(LoginPage.java:48)
at Unipupil.UniMavenTests.Chrome77BuyCourseAddFeesAgentDomesticIndivCommFullPaymentTest.setup(Chrome77BuyCourseAddFeesAgentDomesticIndivCommFullPaymentTest.java:301)
at sun.reflect.NativeMethodAccessorImpl.invoke0(Native Method)
at sun.reflect.NativeMethodAccessorImpl.invoke(NativeMethodAccessorImpl.java:62)
at sun.reflect.DelegatingMethodAccessorImpl.invoke(DelegatingMethodAccessorImpl.java:43)
at java.lang.reflect.Method.invoke(Method.java:498)
at org.testng.internal.MethodInvocationHelper.invokeMethod(MethodInvocationHelper.java:124)
at org.testng.internal.MethodInvocationHelper.invokeMethodConsideringTimeout(MethodInvocationHelper.java:59)
at org.testng.internal.Invoker.invokeConfigurationMethod(Invoker.java:458)
at org.testng.internal.Invoker.invokeConfigurations(Invoker.java:222)
at org.testng.internal.Invoker.invokeConfigurations(Invoker.java:142)
at org.testng.TestRunner.beforeRun(TestRunner.java:529)
at org.testng.TestRunner.run(TestRunner.java:497)
at org.testng.SuiteRunner.runTest(SuiteRunner.java:455)
at org.testng.SuiteRunner.runSequentially(SuiteRunner.java:450)
at org.testng.SuiteRunner.privateRun(SuiteRunner.java:415)
at org.testng.SuiteRunner.run(SuiteRunner.java:364)
at org.testng.SuiteRunnerWorker.runSuite(SuiteRunnerWorker.java:52)
at org.testng.SuiteRunnerWorker.run(SuiteRunnerWorker.java:84)
at org.testng.TestNG.runSuitesSequentially(TestNG.java:1208)
at org.testng.TestNG.runSuitesLocally(TestNG.java:1137)
at org.testng.TestNG.runSuites(TestNG.java:1049)
at org.testng.TestNG.run(TestNG.java:1017)
at org.testng.remote.AbstractRemoteTestNG.run(AbstractRemoteTestNG.java:114)
at org.testng.remote.RemoteTestNG.initAndRun(RemoteTestNG.java:251)
at org.testng.remote.RemoteTestNG.main(RemoteTestNG.java:77)
]]>
    </failure>
  </testcase> <!-- @BeforeTest setup -->
  <testcase name="@AfterTest shutdown" time="0.0" classname="Unipupil.UniMavenTests.Chrome77BuyCourseAddFeesAgentDomesticIndivCommFullPaymentTest">
    <skipped/>
  </testcase> <!-- @AfterTest shutdown -->
  <testcase name="goToHomepage" time="0.0" classname="Unipupil.UniMavenTests.Chrome77BuyCourseAddFeesAgentDomesticIndivCommFullPaymentTest">
    <skipped/>
  </testcase> <!-- goToHomepage -->
  <testcase name="agreeCookiePolicy" time="0.0" classname="Unipupil.UniMavenTests.Chrome77BuyCourseAddFeesAgentDomesticIndivCommFullPaymentTest">
    <skipped/>
  </testcase> <!-- agreeCookiePolicy -->
  <testcase name="institutionLogin" time="0.001" classname="Unipupil.UniMavenTests.Chrome77BuyCourseAddFeesAgentDomesticIndivCommFullPaymentTest">
    <skipped/>
  </testcase> <!-- institutionLogin -->
  <testcase name="enterInstitutionLoginDetails" time="0.0" classname="Unipupil.UniMavenTests.Chrome77BuyCourseAddFeesAgentDomesticIndivCommFullPaymentTest">
    <skipped/>
  </testcase> <!-- enterInstitutionLoginDetails -->
  <testcase name="getCourseList" time="0.0" classname="Unipupil.UniMavenTests.Chrome77BuyCourseAddFeesAgentDomesticIndivCommFullPaymentTest">
    <skipped/>
  </testcase> <!-- getCourseList -->
  <testcase name="goToCourseEditPage" time="0.0" classname="Unipupil.UniMavenTests.Chrome77BuyCourseAddFeesAgentDomesticIndivCommFullPaymentTest">
    <skipped/>
  </testcase> <!-- goToCourseEditPage -->
  <testcase name="getCourseFees" time="0.0" classname="Unipupil.UniMavenTests.Chrome77BuyCourseAddFeesAgentDomesticIndivCommFullPaymentTest">
    <skipped/>
  </testcase> <!-- getCourseFees -->
  <testcase name="institutionLogout" time="0.0" classname="Unipupil.UniMavenTests.Chrome77BuyCourseAddFeesAgentDomesticIndivCommFullPaymentTest">
    <skipped/>
  </testcase> <!-- institutionLogout -->
  <testcase name="studentLogin" time="0.0" classname="Unipupil.UniMavenTests.Chrome77BuyCourseAddFeesAgentDomesticIndivCommFullPaymentTest">
    <skipped/>
  </testcase> <!-- studentLogin -->
  <testcase name="enterStudentLoginDetails" time="0.0" classname="Unipupil.UniMavenTests.Chrome77BuyCourseAddFeesAgentDomesticIndivCommFullPaymentTest">
    <skipped/>
  </testcase> <!-- enterStudentLoginDetails -->
  <testcase name="findInstitution" time="0.0" classname="Unipupil.UniMavenTests.Chrome77BuyCourseAddFeesAgentDomesticIndivCommFullPaymentTest">
    <skipped/>
  </testcase> <!-- findInstitution -->
  <testcase name="selectInstitution" time="0.0" classname="Unipupil.UniMavenTests.Chrome77BuyCourseAddFeesAgentDomesticIndivCommFullPaymentTest">
    <skipped/>
  </testcase> <!-- selectInstitution -->
  <testcase name="selectCourse" time="0.0" classname="Unipupil.UniMavenTests.Chrome77BuyCourseAddFeesAgentDomesticIndivCommFullPaymentTest">
    <skipped/>
  </testcase> <!-- selectCourse -->
  <testcase name="addCourseToCart" time="0.0" classname="Unipupil.UniMavenTests.Chrome77BuyCourseAddFeesAgentDomesticIndivCommFullPaymentTest">
    <skipped/>
  </testcase> <!-- addCourseToCart -->
  <testcase name="cartProductName" time="0.0" classname="Unipupil.UniMavenTests.Chrome77BuyCourseAddFeesAgentDomesticIndivCommFullPaymentTest">
    <skipped/>
  </testcase> <!-- cartProductName -->
  <testcase name="cartAdditionalFeesTitle" time="0.0" classname="Unipupil.UniMavenTests.Chrome77BuyCourseAddFeesAgentDomesticIndivCommFullPaymentTest">
    <skipped/>
  </testcase> <!-- cartAdditionalFeesTitle -->
  <testcase name="cartProductUnitPrice" time="0.0" classname="Unipupil.UniMavenTests.Chrome77BuyCourseAddFeesAgentDomesticIndivCommFullPaymentTest">
    <skipped/>
  </testcase> <!-- cartProductUnitPrice -->
  <testcase name="cartLinePrice" time="0.0" classname="Unipupil.UniMavenTests.Chrome77BuyCourseAddFeesAgentDomesticIndivCommFullPaymentTest">
    <skipped/>
  </testcase> <!-- cartLinePrice -->
  <testcase name="cartAdditionalFees" time="0.0" classname="Unipupil.UniMavenTests.Chrome77BuyCourseAddFeesAgentDomesticIndivCommFullPaymentTest">
    <skipped/>
  </testcase> <!-- cartAdditionalFees -->
  <testcase name="checkCartSubTotalAgainstGrossFees" time="0.0" classname="Unipupil.UniMavenTests.Chrome77BuyCourseAddFeesAgentDomesticIndivCommFullPaymentTest">
    <skipped/>
  </testcase> <!-- checkCartSubTotalAgainstGrossFees -->
  <testcase name="checkAggregateFeesEqualCartSubtotal" time="0.0" classname="Unipupil.UniMavenTests.Chrome77BuyCourseAddFeesAgentDomesticIndivCommFullPaymentTest">
    <skipped/>
  </testcase> <!-- checkAggregateFeesEqualCartSubtotal -->
  <testcase name="goToCheckout" time="0.0" classname="Unipupil.UniMavenTests.Chrome77BuyCourseAddFeesAgentDomesticIndivCommFullPaymentTest">
    <skipped/>
  </testcase> <!-- goToCheckout -->
  <testcase name="checkoutLineProductName" time="0.0" classname="Unipupil.UniMavenTests.Chrome77BuyCourseAddFeesAgentDomesticIndivCommFullPaymentTest">
    <skipped/>
  </testcase> <!-- checkoutLineProductName -->
  <testcase name="checkoutAdditionalFeesTitle" time="0.0" classname="Unipupil.UniMavenTests.Chrome77BuyCourseAddFeesAgentDomesticIndivCommFullPaymentTest">
    <skipped/>
  </testcase> <!-- checkoutAdditionalFeesTitle -->
  <testcase name="checkoutInstitutionTitle" time="0.0" classname="Unipupil.UniMavenTests.Chrome77BuyCourseAddFeesAgentDomesticIndivCommFullPaymentTest">
    <skipped/>
  </testcase> <!-- checkoutInstitutionTitle -->
  <testcase name="checkoutProductUnitPrice" time="0.0" classname="Unipupil.UniMavenTests.Chrome77BuyCourseAddFeesAgentDomesticIndivCommFullPaymentTest">
    <skipped/>
  </testcase> <!-- checkoutProductUnitPrice -->
  <testcase name="checkoutLinePrice" time="0.0" classname="Unipupil.UniMavenTests.Chrome77BuyCourseAddFeesAgentDomesticIndivCommFullPaymentTest">
    <skipped/>
  </testcase> <!-- checkoutLinePrice -->
  <testcase name="checkoutAdditionalFees" time="0.0" classname="Unipupil.UniMavenTests.Chrome77BuyCourseAddFeesAgentDomesticIndivCommFullPaymentTest">
    <skipped/>
  </testcase> <!-- checkoutAdditionalFees -->
  <testcase name="checkoutTotal" time="0.0" classname="Unipupil.UniMavenTests.Chrome77BuyCourseAddFeesAgentDomesticIndivCommFullPaymentTest">
    <skipped/>
  </testcase> <!-- checkoutTotal -->
  <testcase name="checkAggregateFeesEqualCheckoutTotal" time="0.0" classname="Unipupil.UniMavenTests.Chrome77BuyCourseAddFeesAgentDomesticIndivCommFullPaymentTest">
    <skipped/>
  </testcase> <!-- checkAggregateFeesEqualCheckoutTotal -->
  <testcase name="enterAddressAndContinue" time="0.0" classname="Unipupil.UniMavenTests.Chrome77BuyCourseAddFeesAgentDomesticIndivCommFullPaymentTest">
    <skipped/>
  </testcase> <!-- enterAddressAndContinue -->
  <testcase name="reviewOrderHeader" time="0.0" classname="Unipupil.UniMavenTests.Chrome77BuyCourseAddFeesAgentDomesticIndivCommFullPaymentTest">
    <skipped/>
  </testcase> <!-- reviewOrderHeader -->
  <testcase name="reviewOrderProductName" time="0.0" classname="Unipupil.UniMavenTests.Chrome77BuyCourseAddFeesAgentDomesticIndivCommFullPaymentTest">
    <skipped/>
  </testcase> <!-- reviewOrderProductName -->
  <testcase name="reviewOrderAdditionalFeesTitle" time="0.0" classname="Unipupil.UniMavenTests.Chrome77BuyCourseAddFeesAgentDomesticIndivCommFullPaymentTest">
    <skipped/>
  </testcase> <!-- reviewOrderAdditionalFeesTitle -->
  <testcase name="reviewOrderInstitutionTitle" time="0.0" classname="Unipupil.UniMavenTests.Chrome77BuyCourseAddFeesAgentDomesticIndivCommFullPaymentTest">
    <skipped/>
  </testcase> <!-- reviewOrderInstitutionTitle -->
  <testcase name="reviewOrderProductUnitPrice" time="0.0" classname="Unipupil.UniMavenTests.Chrome77BuyCourseAddFeesAgentDomesticIndivCommFullPaymentTest">
    <skipped/>
  </testcase> <!-- reviewOrderProductUnitPrice -->
  <testcase name="reviewOrderLinePrice" time="0.0" classname="Unipupil.UniMavenTests.Chrome77BuyCourseAddFeesAgentDomesticIndivCommFullPaymentTest">
    <skipped/>
  </testcase> <!-- reviewOrderLinePrice -->
  <testcase name="reviewOrderAdditionalFees" time="0.0" classname="Unipupil.UniMavenTests.Chrome77BuyCourseAddFeesAgentDomesticIndivCommFullPaymentTest">
    <skipped/>
  </testcase> <!-- reviewOrderAdditionalFees -->
  <testcase name="reviewOrderSubTotal" time="0.0" classname="Unipupil.UniMavenTests.Chrome77BuyCourseAddFeesAgentDomesticIndivCommFullPaymentTest">
    <skipped/>
  </testcase> <!-- reviewOrderSubTotal -->
  <testcase name="reviewOrderTotal" time="0.0" classname="Unipupil.UniMavenTests.Chrome77BuyCourseAddFeesAgentDomesticIndivCommFullPaymentTest">
    <skipped/>
  </testcase> <!-- reviewOrderTotal -->
  <testcase name="aggregateFeesEqualReviewOrderSubTotal" time="0.0" classname="Unipupil.UniMavenTests.Chrome77BuyCourseAddFeesAgentDomesticIndivCommFullPaymentTest">
    <skipped/>
  </testcase> <!-- aggregateFeesEqualReviewOrderSubTotal -->
  <testcase name="submitOrder" time="0.0" classname="Unipupil.UniMavenTests.Chrome77BuyCourseAddFeesAgentDomesticIndivCommFullPaymentTest">
    <skipped/>
  </testcase> <!-- submitOrder -->
  <testcase name="ppLoginPageSummaryAmount" time="0.0" classname="Unipupil.UniMavenTests.Chrome77BuyCourseAddFeesAgentDomesticIndivCommFullPaymentTest">
    <skipped/>
  </testcase> <!-- ppLoginPageSummaryAmount -->
  <testcase name="ppLoginPageSummaryTotal" time="0.0" classname="Unipupil.UniMavenTests.Chrome77BuyCourseAddFeesAgentDomesticIndivCommFullPaymentTest">
    <skipped/>
  </testcase> <!-- ppLoginPageSummaryTotal -->
  <testcase name="payPalLogin" time="0.0" classname="Unipupil.UniMavenTests.Chrome77BuyCourseAddFeesAgentDomesticIndivCommFullPaymentTest">
    <skipped/>
  </testcase> <!-- payPalLogin -->
  <testcase name="ppConfirmPageSummaryAmount" time="0.0" classname="Unipupil.UniMavenTests.Chrome77BuyCourseAddFeesAgentDomesticIndivCommFullPaymentTest">
    <skipped/>
  </testcase> <!-- ppConfirmPageSummaryAmount -->
  <testcase name="ppConfirmPageSummaryTotal" time="0.0" classname="Unipupil.UniMavenTests.Chrome77BuyCourseAddFeesAgentDomesticIndivCommFullPaymentTest">
    <skipped/>
  </testcase> <!-- ppConfirmPageSummaryTotal -->
  <testcase name="ppConfirmPayment" time="0.0" classname="Unipupil.UniMavenTests.Chrome77BuyCourseAddFeesAgentDomesticIndivCommFullPaymentTest">
    <skipped/>
  </testcase> <!-- ppConfirmPayment -->
  <testcase name="completeOrderTitle" time="0.0" classname="Unipupil.UniMavenTests.Chrome77BuyCourseAddFeesAgentDomesticIndivCommFullPaymentTest">
    <skipped/>
  </testcase> <!-- completeOrderTitle -->
  <testcase name="completeOrderPageMessage" time="0.0" classname="Unipupil.UniMavenTests.Chrome77BuyCourseAddFeesAgentDomesticIndivCommFullPaymentTest">
    <skipped/>
  </testcase> <!-- completeOrderPageMessage -->
  <testcase name="paymentOrderHistoryPage" time="0.0" classname="Unipupil.UniMavenTests.Chrome77BuyCourseAddFeesAgentDomesticIndivCommFullPaymentTest">
    <skipped/>
  </testcase> <!-- paymentOrderHistoryPage -->
  <testcase name="paymentOrderHistoryHeader" time="0.0" classname="Unipupil.UniMavenTests.Chrome77BuyCourseAddFeesAgentDomesticIndivCommFullPaymentTest">
    <skipped/>
  </testcase> <!-- paymentOrderHistoryHeader -->
  <testcase name="paymentOrderHistoryProductName" time="0.0" classname="Unipupil.UniMavenTests.Chrome77BuyCourseAddFeesAgentDomesticIndivCommFullPaymentTest">
    <skipped/>
  </testcase> <!-- paymentOrderHistoryProductName -->
  <testcase name="paymentOrderHistoryProductDescription" time="0.0" classname="Unipupil.UniMavenTests.Chrome77BuyCourseAddFeesAgentDomesticIndivCommFullPaymentTest">
    <skipped/>
  </testcase> <!-- paymentOrderHistoryProductDescription -->
  <testcase name="paymentOrderHistoryUnitPrice" time="0.0" classname="Unipupil.UniMavenTests.Chrome77BuyCourseAddFeesAgentDomesticIndivCommFullPaymentTest">
    <skipped/>
  </testcase> <!-- paymentOrderHistoryUnitPrice -->
  <testcase name="paymentOrderHistoryQuantity" time="0.0" classname="Unipupil.UniMavenTests.Chrome77BuyCourseAddFeesAgentDomesticIndivCommFullPaymentTest">
    <skipped/>
  </testcase> <!-- paymentOrderHistoryQuantity -->
  <testcase name="paymentOrderHistoryLinePrice" time="0.0" classname="Unipupil.UniMavenTests.Chrome77BuyCourseAddFeesAgentDomesticIndivCommFullPaymentTest">
    <skipped/>
  </testcase> <!-- paymentOrderHistoryLinePrice -->
  <testcase name="paymentOrderHistoryAdditionalFees" time="0.0" classname="Unipupil.UniMavenTests.Chrome77BuyCourseAddFeesAgentDomesticIndivCommFullPaymentTest">
    <skipped/>
  </testcase> <!-- paymentOrderHistoryAdditionalFees -->
  <testcase name="paymentOrderHistoryTotal" time="0.0" classname="Unipupil.UniMavenTests.Chrome77BuyCourseAddFeesAgentDomesticIndivCommFullPaymentTest">
    <skipped/>
  </testcase> <!-- paymentOrderHistoryTotal -->
  <testcase name="checkAggregateFeesEqualPaymentOrderHistoryTotal" time="0.0" classname="Unipupil.UniMavenTests.Chrome77BuyCourseAddFeesAgentDomesticIndivCommFullPaymentTest">
    <skipped/>
  </testcase> <!-- checkAggregateFeesEqualPaymentOrderHistoryTotal -->
  <testcase name="goToStudentAccount" time="0.0" classname="Unipupil.UniMavenTests.Chrome77BuyCourseAddFeesAgentDomesticIndivCommFullPaymentTest">
    <skipped/>
  </testcase> <!-- goToStudentAccount -->
  <testcase name="studentAccountPurchaseDate" time="0.0" classname="Unipupil.UniMavenTests.Chrome77BuyCourseAddFeesAgentDomesticIndivCommFullPaymentTest">
    <skipped/>
  </testcase> <!-- studentAccountPurchaseDate -->
  <testcase name="studentAccountCourseName" time="0.0" classname="Unipupil.UniMavenTests.Chrome77BuyCourseAddFeesAgentDomesticIndivCommFullPaymentTest">
    <skipped/>
  </testcase> <!-- studentAccountCourseName -->
  <testcase name="studentAccountStartDate" time="0.0" classname="Unipupil.UniMavenTests.Chrome77BuyCourseAddFeesAgentDomesticIndivCommFullPaymentTest">
    <skipped/>
  </testcase> <!-- studentAccountStartDate -->
  <testcase name="studentAccountFinishDate" time="0.0" classname="Unipupil.UniMavenTests.Chrome77BuyCourseAddFeesAgentDomesticIndivCommFullPaymentTest">
    <skipped/>
  </testcase> <!-- studentAccountFinishDate -->
  <testcase name="studentAccountCoursePrice" time="0.0" classname="Unipupil.UniMavenTests.Chrome77BuyCourseAddFeesAgentDomesticIndivCommFullPaymentTest">
    <skipped/>
  </testcase> <!-- studentAccountCoursePrice -->
  <testcase name="studentAccountAdditionalFeeName" time="0.0" classname="Unipupil.UniMavenTests.Chrome77BuyCourseAddFeesAgentDomesticIndivCommFullPaymentTest">
    <skipped/>
  </testcase> <!-- studentAccountAdditionalFeeName -->
  <testcase name="studentAccountAdditionalFee" time="0.0" classname="Unipupil.UniMavenTests.Chrome77BuyCourseAddFeesAgentDomesticIndivCommFullPaymentTest">
    <skipped/>
  </testcase> <!-- studentAccountAdditionalFee -->
  <testcase name="studentAccountAdditionalFeeTotal" time="0.0" classname="Unipupil.UniMavenTests.Chrome77BuyCourseAddFeesAgentDomesticIndivCommFullPaymentTest">
    <skipped/>
  </testcase> <!-- studentAccountAdditionalFeeTotal -->
  <testcase name="adminLogin" time="0.0" classname="Unipupil.UniMavenTests.Chrome77BuyCourseAddFeesAgentDomesticIndivCommFullPaymentTest">
    <skipped/>
  </testcase> <!-- adminLogin -->
  <testcase name="getCommissionPercentages" time="0.0" classname="Unipupil.UniMavenTests.Chrome77BuyCourseAddFeesAgentDomesticIndivCommFullPaymentTest">
    <skipped/>
  </testcase> <!-- getCommissionPercentages -->
  <testcase name="agentLogin" time="0.0" classname="Unipupil.UniMavenTests.Chrome77BuyCourseAddFeesAgentDomesticIndivCommFullPaymentTest">
    <skipped/>
  </testcase> <!-- agentLogin -->
  <testcase name="agentAccountPurchaseDate" time="0.0" classname="Unipupil.UniMavenTests.Chrome77BuyCourseAddFeesAgentDomesticIndivCommFullPaymentTest">
    <skipped/>
  </testcase> <!-- agentAccountPurchaseDate -->
  <testcase name="agentAccountDisplayedTotalCommissionPercent" time="0.0" classname="Unipupil.UniMavenTests.Chrome77BuyCourseAddFeesAgentDomesticIndivCommFullPaymentTest">
    <skipped/>
  </testcase> <!-- agentAccountDisplayedTotalCommissionPercent -->
  <testcase name="agentAccountTotalPaid" time="0.0" classname="Unipupil.UniMavenTests.Chrome77BuyCourseAddFeesAgentDomesticIndivCommFullPaymentTest">
    <skipped/>
  </testcase> <!-- agentAccountTotalPaid -->
  <testcase name="agentAccountTotalPrice" time="0.0" classname="Unipupil.UniMavenTests.Chrome77BuyCourseAddFeesAgentDomesticIndivCommFullPaymentTest">
    <skipped/>
  </testcase> <!-- agentAccountTotalPrice -->
  <testcase name="agentAccountTotalRevenue" time="0.0" classname="Unipupil.UniMavenTests.Chrome77BuyCourseAddFeesAgentDomesticIndivCommFullPaymentTest">
    <skipped/>
  </testcase> <!-- agentAccountTotalRevenue -->
  <testcase name="checkInstitutionAccount" time="0.0" classname="Unipupil.UniMavenTests.Chrome77BuyCourseAddFeesAgentDomesticIndivCommFullPaymentTest">
    <skipped/>
  </testcase> <!-- checkInstitutionAccount -->
  <testcase name="institutionAccountOverviewPage" time="0.0" classname="Unipupil.UniMavenTests.Chrome77BuyCourseAddFeesAgentDomesticIndivCommFullPaymentTest">
    <skipped/>
  </testcase> <!-- institutionAccountOverviewPage -->
  <testcase name="institutionAccountDisplayedTotalCommissionPercent" time="0.0" classname="Unipupil.UniMavenTests.Chrome77BuyCourseAddFeesAgentDomesticIndivCommFullPaymentTest">
    <skipped/>
  </testcase> <!-- institutionAccountDisplayedTotalCommissionPercent -->
  <testcase name="institutionAccountDisplayedAgentPercent" time="0.0" classname="Unipupil.UniMavenTests.Chrome77BuyCourseAddFeesAgentDomesticIndivCommFullPaymentTest">
    <skipped/>
  </testcase> <!-- institutionAccountDisplayedAgentPercent -->
  <testcase name="institutionAccountDisplayedInstitutionPercent" time="0.0" classname="Unipupil.UniMavenTests.Chrome77BuyCourseAddFeesAgentDomesticIndivCommFullPaymentTest">
    <skipped/>
  </testcase> <!-- institutionAccountDisplayedInstitutionPercent -->
  <testcase name="institutionAccountTotalPaid" time="0.0" classname="Unipupil.UniMavenTests.Chrome77BuyCourseAddFeesAgentDomesticIndivCommFullPaymentTest">
    <skipped/>
  </testcase> <!-- institutionAccountTotalPaid -->
  <testcase name="institutionAccountPurchaseDate" time="0.0" classname="Unipupil.UniMavenTests.Chrome77BuyCourseAddFeesAgentDomesticIndivCommFullPaymentTest">
    <skipped/>
  </testcase> <!-- institutionAccountPurchaseDate -->
  <testcase name="institutionAccountStartDate" time="0.0" classname="Unipupil.UniMavenTests.Chrome77BuyCourseAddFeesAgentDomesticIndivCommFullPaymentTest">
    <skipped/>
  </testcase> <!-- institutionAccountStartDate -->
  <testcase name="institutionAccountFinishDate" time="0.0" classname="Unipupil.UniMavenTests.Chrome77BuyCourseAddFeesAgentDomesticIndivCommFullPaymentTest">
    <skipped/>
  </testcase> <!-- institutionAccountFinishDate -->
  <testcase name="institutionAccountCoursePrice" time="0.0" classname="Unipupil.UniMavenTests.Chrome77BuyCourseAddFeesAgentDomesticIndivCommFullPaymentTest">
    <skipped/>
  </testcase> <!-- institutionAccountCoursePrice -->
  <testcase name="institutionAccountAdditionalFeeName" time="0.0" classname="Unipupil.UniMavenTests.Chrome77BuyCourseAddFeesAgentDomesticIndivCommFullPaymentTest">
    <skipped/>
  </testcase> <!-- institutionAccountAdditionalFeeName -->
  <testcase name="institutionAccountAdditionalFee" time="0.0" classname="Unipupil.UniMavenTests.Chrome77BuyCourseAddFeesAgentDomesticIndivCommFullPaymentTest">
    <skipped/>
  </testcase> <!-- institutionAccountAdditionalFee -->
  <testcase name="institutionAccountAdditionalFeeTotal" time="0.0" classname="Unipupil.UniMavenTests.Chrome77BuyCourseAddFeesAgentDomesticIndivCommFullPaymentTest">
    <skipped/>
  </testcase> <!-- institutionAccountAdditionalFeeTotal -->
  <testcase name="studentPayPalAccount" time="0.0" classname="Unipupil.UniMavenTests.Chrome77BuyCourseAddFeesAgentDomesticIndivCommFullPaymentTest">
    <skipped/>
  </testcase> <!-- studentPayPalAccount -->
  <testcase name="studentPaymentStatus" time="0.0" classname="Unipupil.UniMavenTests.Chrome77BuyCourseAddFeesAgentDomesticIndivCommFullPaymentTest">
    <skipped/>
  </testcase> <!-- studentPaymentStatus -->
  <testcase name="unipupilPayPalAccount" time="0.0" classname="Unipupil.UniMavenTests.Chrome77BuyCourseAddFeesAgentDomesticIndivCommFullPaymentTest">
    <skipped/>
  </testcase> <!-- unipupilPayPalAccount -->
  <testcase name="agentPayPalAccount" time="0.0" classname="Unipupil.UniMavenTests.Chrome77BuyCourseAddFeesAgentDomesticIndivCommFullPaymentTest">
    <skipped/>
  </testcase> <!-- agentPayPalAccount -->
  <testcase name="eduInstitutionPaymentStatus" time="0.0" classname="Unipupil.UniMavenTests.Chrome77BuyCourseAddFeesAgentDomesticIndivCommFullPaymentTest">
    <skipped/>
  </testcase> <!-- eduInstitutionPaymentStatus -->
  <testcase name="eduInstitutionPayPalAccountGrossFees" time="0.0" classname="Unipupil.UniMavenTests.Chrome77BuyCourseAddFeesAgentDomesticIndivCommFullPaymentTest">
    <skipped/>
  </testcase> <!-- eduInstitutionPayPalAccountGrossFees -->
  <testcase name="eduInstitutionPayPalAccountAgentCommission" time="0.0" classname="Unipupil.UniMavenTests.Chrome77BuyCourseAddFeesAgentDomesticIndivCommFullPaymentTest">
    <skipped/>
  </testcase> <!-- eduInstitutionPayPalAccountAgentCommission -->
  <testcase name="eduInstitutionPayPalAccountUnipupilCommission" time="0.0" classname="Unipupil.UniMavenTests.Chrome77BuyCourseAddFeesAgentDomesticIndivCommFullPaymentTest">
    <skipped/>
  </testcase> <!-- eduInstitutionPayPalAccountUnipupilCommission -->
</testsuite> <!-- Default test -->
