<?xml version="1.0" encoding="UTF-8"?>
<testng-results skipped="94" failed="1" ignored="0" total="98" passed="3">
  <reporter-output>
  </reporter-output>
  <suite name="Unipupil.UniMavenTests.Chrome77BuyCourseAddFeesAgentDomesticIndivCommFullPaymentTest" duration-ms="134431" started-at="2020-01-29T16:42:52Z" finished-at="2020-01-29T16:45:07Z">
    <groups>
    </groups>
    <test name="Command line test" duration-ms="134431" started-at="2020-01-29T16:42:52Z" finished-at="2020-01-29T16:45:07Z">
      <class name="Unipupil.UniMavenTests.Chrome77BuyCourseAddFeesAgentDomesticIndivCommFullPaymentTest">
        <test-method status="PASS" signature="setup()[pri:0, instance:Unipupil.UniMavenTests.Chrome77BuyCourseAddFeesAgentDomesticIndivCommFullPaymentTest@215be6bb]" name="setup" is-config="true" duration-ms="13379" started-at="2020-01-29T16:42:52Z" finished-at="2020-01-29T16:43:06Z">
          <reporter-output>
          </reporter-output>
        </test-method> <!-- setup -->
        <test-method status="PASS" signature="goToHomepage()[pri:0, instance:Unipupil.UniMavenTests.Chrome77BuyCourseAddFeesAgentDomesticIndivCommFullPaymentTest@215be6bb]" name="goToHomepage" duration-ms="9257" started-at="2020-01-29T16:43:07Z" finished-at="2020-01-29T16:43:16Z">
          <reporter-output>
          </reporter-output>
        </test-method> <!-- goToHomepage -->
        <test-method status="PASS" signature="agreeCookiePolicy()[pri:0, instance:Unipupil.UniMavenTests.Chrome77BuyCourseAddFeesAgentDomesticIndivCommFullPaymentTest@215be6bb]" name="agreeCookiePolicy" duration-ms="698" started-at="2020-01-29T16:43:16Z" depends-on-methods="Unipupil.UniMavenTests.Chrome77BuyCourseAddFeesAgentDomesticIndivCommFullPaymentTest.goToHomepage" finished-at="2020-01-29T16:43:17Z">
          <reporter-output>
          </reporter-output>
        </test-method> <!-- agreeCookiePolicy -->
        <test-method status="PASS" signature="institutionLogin()[pri:0, instance:Unipupil.UniMavenTests.Chrome77BuyCourseAddFeesAgentDomesticIndivCommFullPaymentTest@215be6bb]" name="institutionLogin" duration-ms="1545" started-at="2020-01-29T16:43:17Z" depends-on-methods="Unipupil.UniMavenTests.Chrome77BuyCourseAddFeesAgentDomesticIndivCommFullPaymentTest.agreeCookiePolicy" finished-at="2020-01-29T16:43:18Z">
          <reporter-output>
          </reporter-output>
        </test-method> <!-- institutionLogin -->
        <test-method status="FAIL" signature="enterInstitutionLoginDetails()[pri:0, instance:Unipupil.UniMavenTests.Chrome77BuyCourseAddFeesAgentDomesticIndivCommFullPaymentTest@215be6bb]" name="enterInstitutionLoginDetails" duration-ms="102674" started-at="2020-01-29T16:43:18Z" depends-on-methods="Unipupil.UniMavenTests.Chrome77BuyCourseAddFeesAgentDomesticIndivCommFullPaymentTest.institutionLogin" finished-at="2020-01-29T16:45:01Z">
          <exception class="org.openqa.selenium.TimeoutException">
            <message>
              <![CDATA[Expected condition failed: waiting for url to be "https://unipupil.com/user". Current url: "https://unipupil.com/users/unipupil-university-sample" (tried for 100 second(s) with 500 milliseconds interval)
Build info: version: '3.141.59', revision: 'e82be7d358', time: '2018-11-14T08:17:03'
System info: host: 'LAPTOP-G420SG1V', ip: '192.168.0.106', os.name: 'Windows 10', os.arch: 'amd64', os.version: '10.0', java.version: '1.8.0_231'
Driver info: org.openqa.selenium.chrome.ChromeDriver
Capabilities {acceptInsecureCerts: false, browserName: chrome, browserVersion: 79.0.3945.117, chrome: {chromedriverVersion: 78.0.3904.70 (edb9c9f3de024..., userDataDir: C:\Users\Ankita\AppData\Loc...}, goog:chromeOptions: {debuggerAddress: localhost:51498}, javascriptEnabled: true, networkConnectionEnabled: false, pageLoadStrategy: normal, platform: XP, platformName: XP, proxy: Proxy(), setWindowRect: true, strictFileInteractability: false, timeouts: {implicit: 0, pageLoad: 300000, script: 30000}, unhandledPromptBehavior: dismiss and notify}
Session ID: 8f68557dab79e77aa7b0205389b07fbd]]>
            </message>
            <full-stacktrace>
              <![CDATA[org.openqa.selenium.TimeoutException: Expected condition failed: waiting for url to be "https://unipupil.com/user". Current url: "https://unipupil.com/users/unipupil-university-sample" (tried for 100 second(s) with 500 milliseconds interval)
Build info: version: '3.141.59', revision: 'e82be7d358', time: '2018-11-14T08:17:03'
System info: host: 'LAPTOP-G420SG1V', ip: '192.168.0.106', os.name: 'Windows 10', os.arch: 'amd64', os.version: '10.0', java.version: '1.8.0_231'
Driver info: org.openqa.selenium.chrome.ChromeDriver
Capabilities {acceptInsecureCerts: false, browserName: chrome, browserVersion: 79.0.3945.117, chrome: {chromedriverVersion: 78.0.3904.70 (edb9c9f3de024..., userDataDir: C:\Users\Ankita\AppData\Loc...}, goog:chromeOptions: {debuggerAddress: localhost:51498}, javascriptEnabled: true, networkConnectionEnabled: false, pageLoadStrategy: normal, platform: XP, platformName: XP, proxy: Proxy(), setWindowRect: true, strictFileInteractability: false, timeouts: {implicit: 0, pageLoad: 300000, script: 30000}, unhandledPromptBehavior: dismiss and notify}
Session ID: 8f68557dab79e77aa7b0205389b07fbd
at org.openqa.selenium.support.ui.WebDriverWait.timeoutException(WebDriverWait.java:95)
at org.openqa.selenium.support.ui.FluentWait.until(FluentWait.java:272)
at Unipupil.UniMavenTests.Chrome77BuyCourseAddFeesAgentDomesticIndivCommFullPaymentTest.enterInstitutionLoginDetails(Chrome77BuyCourseAddFeesAgentDomesticIndivCommFullPaymentTest.java:374)
at sun.reflect.NativeMethodAccessorImpl.invoke0(Native Method)
at sun.reflect.NativeMethodAccessorImpl.invoke(NativeMethodAccessorImpl.java:62)
at sun.reflect.DelegatingMethodAccessorImpl.invoke(DelegatingMethodAccessorImpl.java:43)
at java.lang.reflect.Method.invoke(Method.java:498)
at org.testng.internal.MethodInvocationHelper.invokeMethod(MethodInvocationHelper.java:124)
at org.testng.internal.Invoker.invokeMethod(Invoker.java:583)
at org.testng.internal.Invoker.invokeTestMethod(Invoker.java:719)
at org.testng.internal.Invoker.invokeTestMethods(Invoker.java:989)
at org.testng.internal.TestMethodWorker.invokeTestMethods(TestMethodWorker.java:125)
at org.testng.internal.TestMethodWorker.run(TestMethodWorker.java:109)
at org.testng.TestRunner.privateRun(TestRunner.java:648)
at org.testng.TestRunner.run(TestRunner.java:505)
at org.testng.SuiteRunner.runTest(SuiteRunner.java:455)
at org.testng.SuiteRunner.runSequentially(SuiteRunner.java:450)
at org.testng.SuiteRunner.privateRun(SuiteRunner.java:415)
at org.testng.SuiteRunner.run(SuiteRunner.java:364)
at org.testng.SuiteRunnerWorker.runSuite(SuiteRunnerWorker.java:52)
at org.testng.SuiteRunnerWorker.run(SuiteRunnerWorker.java:84)
at org.testng.TestNG.runSuitesSequentially(TestNG.java:1208)
at org.testng.TestNG.runSuitesLocally(TestNG.java:1137)
at org.testng.TestNG.runSuites(TestNG.java:1049)
at org.testng.TestNG.run(TestNG.java:1017)
at org.apache.maven.surefire.testng.TestNGExecutor.run(TestNGExecutor.java:77)
at org.apache.maven.surefire.testng.TestNGDirectoryTestSuite.execute(TestNGDirectoryTestSuite.java:110)
at org.apache.maven.surefire.testng.TestNGProvider.invoke(TestNGProvider.java:106)
at sun.reflect.NativeMethodAccessorImpl.invoke0(Native Method)
at sun.reflect.NativeMethodAccessorImpl.invoke(NativeMethodAccessorImpl.java:62)
at sun.reflect.DelegatingMethodAccessorImpl.invoke(DelegatingMethodAccessorImpl.java:43)
at java.lang.reflect.Method.invoke(Method.java:498)
at org.apache.maven.surefire.util.ReflectionUtils.invokeMethodWithArray(ReflectionUtils.java:189)
at org.apache.maven.surefire.booter.ProviderFactory$ProviderProxy.invoke(ProviderFactory.java:165)
at org.apache.maven.surefire.booter.ProviderFactory.invokeProvider(ProviderFactory.java:85)
at org.apache.maven.surefire.booter.ForkedBooter.runSuitesInProcess(ForkedBooter.java:115)
at org.apache.maven.surefire.booter.ForkedBooter.main(ForkedBooter.java:75)
]]>
            </full-stacktrace>
          </exception> <!-- org.openqa.selenium.TimeoutException -->
          <reporter-output>
          </reporter-output>
        </test-method> <!-- enterInstitutionLoginDetails -->
        <test-method status="SKIP" signature="goToCourseEditPage()[pri:0, instance:Unipupil.UniMavenTests.Chrome77BuyCourseAddFeesAgentDomesticIndivCommFullPaymentTest@215be6bb]" name="goToCourseEditPage" duration-ms="0" started-at="2020-01-29T16:45:01Z" depends-on-methods="Unipupil.UniMavenTests.Chrome77BuyCourseAddFeesAgentDomesticIndivCommFullPaymentTest.getCourseList" finished-at="2020-01-29T16:45:01Z">
          <exception class="java.lang.Throwable">
            <message>
              <![CDATA[Method Chrome77BuyCourseAddFeesAgentDomesticIndivCommFullPaymentTest.goToCourseEditPage()[pri:0, instance:Unipupil.UniMavenTests.Chrome77BuyCourseAddFeesAgentDomesticIndivCommFullPaymentTest@215be6bb] depends on not successfully finished methods]]>
            </message>
            <full-stacktrace>
              <![CDATA[java.lang.Throwable: Method Chrome77BuyCourseAddFeesAgentDomesticIndivCommFullPaymentTest.goToCourseEditPage()[pri:0, instance:Unipupil.UniMavenTests.Chrome77BuyCourseAddFeesAgentDomesticIndivCommFullPaymentTest@215be6bb] depends on not successfully finished methods
at org.testng.internal.Invoker.invokeTestMethods(Invoker.java:888)
at org.testng.internal.TestMethodWorker.invokeTestMethods(TestMethodWorker.java:125)
at org.testng.internal.TestMethodWorker.run(TestMethodWorker.java:109)
at org.testng.TestRunner.privateRun(TestRunner.java:648)
at org.testng.TestRunner.run(TestRunner.java:505)
at org.testng.SuiteRunner.runTest(SuiteRunner.java:455)
at org.testng.SuiteRunner.runSequentially(SuiteRunner.java:450)
at org.testng.SuiteRunner.privateRun(SuiteRunner.java:415)
at org.testng.SuiteRunner.run(SuiteRunner.java:364)
at org.testng.SuiteRunnerWorker.runSuite(SuiteRunnerWorker.java:52)
at org.testng.SuiteRunnerWorker.run(SuiteRunnerWorker.java:84)
at org.testng.TestNG.runSuitesSequentially(TestNG.java:1208)
at org.testng.TestNG.runSuitesLocally(TestNG.java:1137)
at org.testng.TestNG.runSuites(TestNG.java:1049)
at org.testng.TestNG.run(TestNG.java:1017)
at org.apache.maven.surefire.testng.TestNGExecutor.run(TestNGExecutor.java:77)
at org.apache.maven.surefire.testng.TestNGDirectoryTestSuite.execute(TestNGDirectoryTestSuite.java:110)
at org.apache.maven.surefire.testng.TestNGProvider.invoke(TestNGProvider.java:106)
at sun.reflect.NativeMethodAccessorImpl.invoke0(Native Method)
at sun.reflect.NativeMethodAccessorImpl.invoke(NativeMethodAccessorImpl.java:62)
at sun.reflect.DelegatingMethodAccessorImpl.invoke(DelegatingMethodAccessorImpl.java:43)
at java.lang.reflect.Method.invoke(Method.java:498)
at org.apache.maven.surefire.util.ReflectionUtils.invokeMethodWithArray(ReflectionUtils.java:189)
at org.apache.maven.surefire.booter.ProviderFactory$ProviderProxy.invoke(ProviderFactory.java:165)
at org.apache.maven.surefire.booter.ProviderFactory.invokeProvider(ProviderFactory.java:85)
at org.apache.maven.surefire.booter.ForkedBooter.runSuitesInProcess(ForkedBooter.java:115)
at org.apache.maven.surefire.booter.ForkedBooter.main(ForkedBooter.java:75)
]]>
            </full-stacktrace>
          </exception> <!-- java.lang.Throwable -->
          <reporter-output>
          </reporter-output>
        </test-method> <!-- goToCourseEditPage -->
        <test-method status="SKIP" signature="getCourseList()[pri:0, instance:Unipupil.UniMavenTests.Chrome77BuyCourseAddFeesAgentDomesticIndivCommFullPaymentTest@215be6bb]" name="getCourseList" duration-ms="0" started-at="2020-01-29T16:45:01Z" depends-on-methods="Unipupil.UniMavenTests.Chrome77BuyCourseAddFeesAgentDomesticIndivCommFullPaymentTest.enterInstitutionLoginDetails" finished-at="2020-01-29T16:45:01Z">
          <exception class="java.lang.Throwable">
            <message>
              <![CDATA[Method Chrome77BuyCourseAddFeesAgentDomesticIndivCommFullPaymentTest.getCourseList()[pri:0, instance:Unipupil.UniMavenTests.Chrome77BuyCourseAddFeesAgentDomesticIndivCommFullPaymentTest@215be6bb] depends on not successfully finished methods]]>
            </message>
            <full-stacktrace>
              <![CDATA[java.lang.Throwable: Method Chrome77BuyCourseAddFeesAgentDomesticIndivCommFullPaymentTest.getCourseList()[pri:0, instance:Unipupil.UniMavenTests.Chrome77BuyCourseAddFeesAgentDomesticIndivCommFullPaymentTest@215be6bb] depends on not successfully finished methods
at org.testng.internal.Invoker.invokeTestMethods(Invoker.java:888)
at org.testng.internal.TestMethodWorker.invokeTestMethods(TestMethodWorker.java:125)
at org.testng.internal.TestMethodWorker.run(TestMethodWorker.java:109)
at org.testng.TestRunner.privateRun(TestRunner.java:648)
at org.testng.TestRunner.run(TestRunner.java:505)
at org.testng.SuiteRunner.runTest(SuiteRunner.java:455)
at org.testng.SuiteRunner.runSequentially(SuiteRunner.java:450)
at org.testng.SuiteRunner.privateRun(SuiteRunner.java:415)
at org.testng.SuiteRunner.run(SuiteRunner.java:364)
at org.testng.SuiteRunnerWorker.runSuite(SuiteRunnerWorker.java:52)
at org.testng.SuiteRunnerWorker.run(SuiteRunnerWorker.java:84)
at org.testng.TestNG.runSuitesSequentially(TestNG.java:1208)
at org.testng.TestNG.runSuitesLocally(TestNG.java:1137)
at org.testng.TestNG.runSuites(TestNG.java:1049)
at org.testng.TestNG.run(TestNG.java:1017)
at org.apache.maven.surefire.testng.TestNGExecutor.run(TestNGExecutor.java:77)
at org.apache.maven.surefire.testng.TestNGDirectoryTestSuite.execute(TestNGDirectoryTestSuite.java:110)
at org.apache.maven.surefire.testng.TestNGProvider.invoke(TestNGProvider.java:106)
at sun.reflect.NativeMethodAccessorImpl.invoke0(Native Method)
at sun.reflect.NativeMethodAccessorImpl.invoke(NativeMethodAccessorImpl.java:62)
at sun.reflect.DelegatingMethodAccessorImpl.invoke(DelegatingMethodAccessorImpl.java:43)
at java.lang.reflect.Method.invoke(Method.java:498)
at org.apache.maven.surefire.util.ReflectionUtils.invokeMethodWithArray(ReflectionUtils.java:189)
at org.apache.maven.surefire.booter.ProviderFactory$ProviderProxy.invoke(ProviderFactory.java:165)
at org.apache.maven.surefire.booter.ProviderFactory.invokeProvider(ProviderFactory.java:85)
at org.apache.maven.surefire.booter.ForkedBooter.runSuitesInProcess(ForkedBooter.java:115)
at org.apache.maven.surefire.booter.ForkedBooter.main(ForkedBooter.java:75)
]]>
            </full-stacktrace>
          </exception> <!-- java.lang.Throwable -->
          <reporter-output>
          </reporter-output>
        </test-method> <!-- getCourseList -->
        <test-method status="SKIP" signature="institutionLogout()[pri:0, instance:Unipupil.UniMavenTests.Chrome77BuyCourseAddFeesAgentDomesticIndivCommFullPaymentTest@215be6bb]" name="institutionLogout" duration-ms="0" started-at="2020-01-29T16:45:01Z" depends-on-methods="Unipupil.UniMavenTests.Chrome77BuyCourseAddFeesAgentDomesticIndivCommFullPaymentTest.getCourseFees" finished-at="2020-01-29T16:45:01Z">
          <exception class="java.lang.Throwable">
            <message>
              <![CDATA[Method Chrome77BuyCourseAddFeesAgentDomesticIndivCommFullPaymentTest.institutionLogout()[pri:0, instance:Unipupil.UniMavenTests.Chrome77BuyCourseAddFeesAgentDomesticIndivCommFullPaymentTest@215be6bb] depends on not successfully finished methods]]>
            </message>
            <full-stacktrace>
              <![CDATA[java.lang.Throwable: Method Chrome77BuyCourseAddFeesAgentDomesticIndivCommFullPaymentTest.institutionLogout()[pri:0, instance:Unipupil.UniMavenTests.Chrome77BuyCourseAddFeesAgentDomesticIndivCommFullPaymentTest@215be6bb] depends on not successfully finished methods
at org.testng.internal.Invoker.invokeTestMethods(Invoker.java:888)
at org.testng.internal.TestMethodWorker.invokeTestMethods(TestMethodWorker.java:125)
at org.testng.internal.TestMethodWorker.run(TestMethodWorker.java:109)
at org.testng.TestRunner.privateRun(TestRunner.java:648)
at org.testng.TestRunner.run(TestRunner.java:505)
at org.testng.SuiteRunner.runTest(SuiteRunner.java:455)
at org.testng.SuiteRunner.runSequentially(SuiteRunner.java:450)
at org.testng.SuiteRunner.privateRun(SuiteRunner.java:415)
at org.testng.SuiteRunner.run(SuiteRunner.java:364)
at org.testng.SuiteRunnerWorker.runSuite(SuiteRunnerWorker.java:52)
at org.testng.SuiteRunnerWorker.run(SuiteRunnerWorker.java:84)
at org.testng.TestNG.runSuitesSequentially(TestNG.java:1208)
at org.testng.TestNG.runSuitesLocally(TestNG.java:1137)
at org.testng.TestNG.runSuites(TestNG.java:1049)
at org.testng.TestNG.run(TestNG.java:1017)
at org.apache.maven.surefire.testng.TestNGExecutor.run(TestNGExecutor.java:77)
at org.apache.maven.surefire.testng.TestNGDirectoryTestSuite.execute(TestNGDirectoryTestSuite.java:110)
at org.apache.maven.surefire.testng.TestNGProvider.invoke(TestNGProvider.java:106)
at sun.reflect.NativeMethodAccessorImpl.invoke0(Native Method)
at sun.reflect.NativeMethodAccessorImpl.invoke(NativeMethodAccessorImpl.java:62)
at sun.reflect.DelegatingMethodAccessorImpl.invoke(DelegatingMethodAccessorImpl.java:43)
at java.lang.reflect.Method.invoke(Method.java:498)
at org.apache.maven.surefire.util.ReflectionUtils.invokeMethodWithArray(ReflectionUtils.java:189)
at org.apache.maven.surefire.booter.ProviderFactory$ProviderProxy.invoke(ProviderFactory.java:165)
at org.apache.maven.surefire.booter.ProviderFactory.invokeProvider(ProviderFactory.java:85)
at org.apache.maven.surefire.booter.ForkedBooter.runSuitesInProcess(ForkedBooter.java:115)
at org.apache.maven.surefire.booter.ForkedBooter.main(ForkedBooter.java:75)
]]>
            </full-stacktrace>
          </exception> <!-- java.lang.Throwable -->
          <reporter-output>
          </reporter-output>
        </test-method> <!-- institutionLogout -->
        <test-method status="SKIP" signature="getCourseFees()[pri:0, instance:Unipupil.UniMavenTests.Chrome77BuyCourseAddFeesAgentDomesticIndivCommFullPaymentTest@215be6bb]" name="getCourseFees" duration-ms="0" started-at="2020-01-29T16:45:01Z" depends-on-methods="Unipupil.UniMavenTests.Chrome77BuyCourseAddFeesAgentDomesticIndivCommFullPaymentTest.goToCourseEditPage" finished-at="2020-01-29T16:45:01Z">
          <exception class="java.lang.Throwable">
            <message>
              <![CDATA[Method Chrome77BuyCourseAddFeesAgentDomesticIndivCommFullPaymentTest.getCourseFees()[pri:0, instance:Unipupil.UniMavenTests.Chrome77BuyCourseAddFeesAgentDomesticIndivCommFullPaymentTest@215be6bb] depends on not successfully finished methods]]>
            </message>
            <full-stacktrace>
              <![CDATA[java.lang.Throwable: Method Chrome77BuyCourseAddFeesAgentDomesticIndivCommFullPaymentTest.getCourseFees()[pri:0, instance:Unipupil.UniMavenTests.Chrome77BuyCourseAddFeesAgentDomesticIndivCommFullPaymentTest@215be6bb] depends on not successfully finished methods
at org.testng.internal.Invoker.invokeTestMethods(Invoker.java:888)
at org.testng.internal.TestMethodWorker.invokeTestMethods(TestMethodWorker.java:125)
at org.testng.internal.TestMethodWorker.run(TestMethodWorker.java:109)
at org.testng.TestRunner.privateRun(TestRunner.java:648)
at org.testng.TestRunner.run(TestRunner.java:505)
at org.testng.SuiteRunner.runTest(SuiteRunner.java:455)
at org.testng.SuiteRunner.runSequentially(SuiteRunner.java:450)
at org.testng.SuiteRunner.privateRun(SuiteRunner.java:415)
at org.testng.SuiteRunner.run(SuiteRunner.java:364)
at org.testng.SuiteRunnerWorker.runSuite(SuiteRunnerWorker.java:52)
at org.testng.SuiteRunnerWorker.run(SuiteRunnerWorker.java:84)
at org.testng.TestNG.runSuitesSequentially(TestNG.java:1208)
at org.testng.TestNG.runSuitesLocally(TestNG.java:1137)
at org.testng.TestNG.runSuites(TestNG.java:1049)
at org.testng.TestNG.run(TestNG.java:1017)
at org.apache.maven.surefire.testng.TestNGExecutor.run(TestNGExecutor.java:77)
at org.apache.maven.surefire.testng.TestNGDirectoryTestSuite.execute(TestNGDirectoryTestSuite.java:110)
at org.apache.maven.surefire.testng.TestNGProvider.invoke(TestNGProvider.java:106)
at sun.reflect.NativeMethodAccessorImpl.invoke0(Native Method)
at sun.reflect.NativeMethodAccessorImpl.invoke(NativeMethodAccessorImpl.java:62)
at sun.reflect.DelegatingMethodAccessorImpl.invoke(DelegatingMethodAccessorImpl.java:43)
at java.lang.reflect.Method.invoke(Method.java:498)
at org.apache.maven.surefire.util.ReflectionUtils.invokeMethodWithArray(ReflectionUtils.java:189)
at org.apache.maven.surefire.booter.ProviderFactory$ProviderProxy.invoke(ProviderFactory.java:165)
at org.apache.maven.surefire.booter.ProviderFactory.invokeProvider(ProviderFactory.java:85)
at org.apache.maven.surefire.booter.ForkedBooter.runSuitesInProcess(ForkedBooter.java:115)
at org.apache.maven.surefire.booter.ForkedBooter.main(ForkedBooter.java:75)
]]>
            </full-stacktrace>
          </exception> <!-- java.lang.Throwable -->
          <reporter-output>
          </reporter-output>
        </test-method> <!-- getCourseFees -->
        <test-method status="SKIP" signature="findInstitution()[pri:0, instance:Unipupil.UniMavenTests.Chrome77BuyCourseAddFeesAgentDomesticIndivCommFullPaymentTest@215be6bb]" name="findInstitution" duration-ms="0" started-at="2020-01-29T16:45:01Z" depends-on-methods="Unipupil.UniMavenTests.Chrome77BuyCourseAddFeesAgentDomesticIndivCommFullPaymentTest.enterStudentLoginDetails" finished-at="2020-01-29T16:45:01Z">
          <exception class="java.lang.Throwable">
            <message>
              <![CDATA[Method Chrome77BuyCourseAddFeesAgentDomesticIndivCommFullPaymentTest.findInstitution()[pri:0, instance:Unipupil.UniMavenTests.Chrome77BuyCourseAddFeesAgentDomesticIndivCommFullPaymentTest@215be6bb] depends on not successfully finished methods]]>
            </message>
            <full-stacktrace>
              <![CDATA[java.lang.Throwable: Method Chrome77BuyCourseAddFeesAgentDomesticIndivCommFullPaymentTest.findInstitution()[pri:0, instance:Unipupil.UniMavenTests.Chrome77BuyCourseAddFeesAgentDomesticIndivCommFullPaymentTest@215be6bb] depends on not successfully finished methods
at org.testng.internal.Invoker.invokeTestMethods(Invoker.java:888)
at org.testng.internal.TestMethodWorker.invokeTestMethods(TestMethodWorker.java:125)
at org.testng.internal.TestMethodWorker.run(TestMethodWorker.java:109)
at org.testng.TestRunner.privateRun(TestRunner.java:648)
at org.testng.TestRunner.run(TestRunner.java:505)
at org.testng.SuiteRunner.runTest(SuiteRunner.java:455)
at org.testng.SuiteRunner.runSequentially(SuiteRunner.java:450)
at org.testng.SuiteRunner.privateRun(SuiteRunner.java:415)
at org.testng.SuiteRunner.run(SuiteRunner.java:364)
at org.testng.SuiteRunnerWorker.runSuite(SuiteRunnerWorker.java:52)
at org.testng.SuiteRunnerWorker.run(SuiteRunnerWorker.java:84)
at org.testng.TestNG.runSuitesSequentially(TestNG.java:1208)
at org.testng.TestNG.runSuitesLocally(TestNG.java:1137)
at org.testng.TestNG.runSuites(TestNG.java:1049)
at org.testng.TestNG.run(TestNG.java:1017)
at org.apache.maven.surefire.testng.TestNGExecutor.run(TestNGExecutor.java:77)
at org.apache.maven.surefire.testng.TestNGDirectoryTestSuite.execute(TestNGDirectoryTestSuite.java:110)
at org.apache.maven.surefire.testng.TestNGProvider.invoke(TestNGProvider.java:106)
at sun.reflect.NativeMethodAccessorImpl.invoke0(Native Method)
at sun.reflect.NativeMethodAccessorImpl.invoke(NativeMethodAccessorImpl.java:62)
at sun.reflect.DelegatingMethodAccessorImpl.invoke(DelegatingMethodAccessorImpl.java:43)
at java.lang.reflect.Method.invoke(Method.java:498)
at org.apache.maven.surefire.util.ReflectionUtils.invokeMethodWithArray(ReflectionUtils.java:189)
at org.apache.maven.surefire.booter.ProviderFactory$ProviderProxy.invoke(ProviderFactory.java:165)
at org.apache.maven.surefire.booter.ProviderFactory.invokeProvider(ProviderFactory.java:85)
at org.apache.maven.surefire.booter.ForkedBooter.runSuitesInProcess(ForkedBooter.java:115)
at org.apache.maven.surefire.booter.ForkedBooter.main(ForkedBooter.java:75)
]]>
            </full-stacktrace>
          </exception> <!-- java.lang.Throwable -->
          <reporter-output>
          </reporter-output>
        </test-method> <!-- findInstitution -->
        <test-method status="SKIP" signature="studentLogin()[pri:0, instance:Unipupil.UniMavenTests.Chrome77BuyCourseAddFeesAgentDomesticIndivCommFullPaymentTest@215be6bb]" name="studentLogin" duration-ms="0" started-at="2020-01-29T16:45:01Z" depends-on-methods="Unipupil.UniMavenTests.Chrome77BuyCourseAddFeesAgentDomesticIndivCommFullPaymentTest.institutionLogout" finished-at="2020-01-29T16:45:01Z">
          <exception class="java.lang.Throwable">
            <message>
              <![CDATA[Method Chrome77BuyCourseAddFeesAgentDomesticIndivCommFullPaymentTest.studentLogin()[pri:0, instance:Unipupil.UniMavenTests.Chrome77BuyCourseAddFeesAgentDomesticIndivCommFullPaymentTest@215be6bb] depends on not successfully finished methods]]>
            </message>
            <full-stacktrace>
              <![CDATA[java.lang.Throwable: Method Chrome77BuyCourseAddFeesAgentDomesticIndivCommFullPaymentTest.studentLogin()[pri:0, instance:Unipupil.UniMavenTests.Chrome77BuyCourseAddFeesAgentDomesticIndivCommFullPaymentTest@215be6bb] depends on not successfully finished methods
at org.testng.internal.Invoker.invokeTestMethods(Invoker.java:888)
at org.testng.internal.TestMethodWorker.invokeTestMethods(TestMethodWorker.java:125)
at org.testng.internal.TestMethodWorker.run(TestMethodWorker.java:109)
at org.testng.TestRunner.privateRun(TestRunner.java:648)
at org.testng.TestRunner.run(TestRunner.java:505)
at org.testng.SuiteRunner.runTest(SuiteRunner.java:455)
at org.testng.SuiteRunner.runSequentially(SuiteRunner.java:450)
at org.testng.SuiteRunner.privateRun(SuiteRunner.java:415)
at org.testng.SuiteRunner.run(SuiteRunner.java:364)
at org.testng.SuiteRunnerWorker.runSuite(SuiteRunnerWorker.java:52)
at org.testng.SuiteRunnerWorker.run(SuiteRunnerWorker.java:84)
at org.testng.TestNG.runSuitesSequentially(TestNG.java:1208)
at org.testng.TestNG.runSuitesLocally(TestNG.java:1137)
at org.testng.TestNG.runSuites(TestNG.java:1049)
at org.testng.TestNG.run(TestNG.java:1017)
at org.apache.maven.surefire.testng.TestNGExecutor.run(TestNGExecutor.java:77)
at org.apache.maven.surefire.testng.TestNGDirectoryTestSuite.execute(TestNGDirectoryTestSuite.java:110)
at org.apache.maven.surefire.testng.TestNGProvider.invoke(TestNGProvider.java:106)
at sun.reflect.NativeMethodAccessorImpl.invoke0(Native Method)
at sun.reflect.NativeMethodAccessorImpl.invoke(NativeMethodAccessorImpl.java:62)
at sun.reflect.DelegatingMethodAccessorImpl.invoke(DelegatingMethodAccessorImpl.java:43)
at java.lang.reflect.Method.invoke(Method.java:498)
at org.apache.maven.surefire.util.ReflectionUtils.invokeMethodWithArray(ReflectionUtils.java:189)
at org.apache.maven.surefire.booter.ProviderFactory$ProviderProxy.invoke(ProviderFactory.java:165)
at org.apache.maven.surefire.booter.ProviderFactory.invokeProvider(ProviderFactory.java:85)
at org.apache.maven.surefire.booter.ForkedBooter.runSuitesInProcess(ForkedBooter.java:115)
at org.apache.maven.surefire.booter.ForkedBooter.main(ForkedBooter.java:75)
]]>
            </full-stacktrace>
          </exception> <!-- java.lang.Throwable -->
          <reporter-output>
          </reporter-output>
        </test-method> <!-- studentLogin -->
        <test-method status="SKIP" signature="enterStudentLoginDetails()[pri:0, instance:Unipupil.UniMavenTests.Chrome77BuyCourseAddFeesAgentDomesticIndivCommFullPaymentTest@215be6bb]" name="enterStudentLoginDetails" duration-ms="0" started-at="2020-01-29T16:45:01Z" depends-on-methods="Unipupil.UniMavenTests.Chrome77BuyCourseAddFeesAgentDomesticIndivCommFullPaymentTest.studentLogin" finished-at="2020-01-29T16:45:01Z">
          <exception class="java.lang.Throwable">
            <message>
              <![CDATA[Method Chrome77BuyCourseAddFeesAgentDomesticIndivCommFullPaymentTest.enterStudentLoginDetails()[pri:0, instance:Unipupil.UniMavenTests.Chrome77BuyCourseAddFeesAgentDomesticIndivCommFullPaymentTest@215be6bb] depends on not successfully finished methods]]>
            </message>
            <full-stacktrace>
              <![CDATA[java.lang.Throwable: Method Chrome77BuyCourseAddFeesAgentDomesticIndivCommFullPaymentTest.enterStudentLoginDetails()[pri:0, instance:Unipupil.UniMavenTests.Chrome77BuyCourseAddFeesAgentDomesticIndivCommFullPaymentTest@215be6bb] depends on not successfully finished methods
at org.testng.internal.Invoker.invokeTestMethods(Invoker.java:888)
at org.testng.internal.TestMethodWorker.invokeTestMethods(TestMethodWorker.java:125)
at org.testng.internal.TestMethodWorker.run(TestMethodWorker.java:109)
at org.testng.TestRunner.privateRun(TestRunner.java:648)
at org.testng.TestRunner.run(TestRunner.java:505)
at org.testng.SuiteRunner.runTest(SuiteRunner.java:455)
at org.testng.SuiteRunner.runSequentially(SuiteRunner.java:450)
at org.testng.SuiteRunner.privateRun(SuiteRunner.java:415)
at org.testng.SuiteRunner.run(SuiteRunner.java:364)
at org.testng.SuiteRunnerWorker.runSuite(SuiteRunnerWorker.java:52)
at org.testng.SuiteRunnerWorker.run(SuiteRunnerWorker.java:84)
at org.testng.TestNG.runSuitesSequentially(TestNG.java:1208)
at org.testng.TestNG.runSuitesLocally(TestNG.java:1137)
at org.testng.TestNG.runSuites(TestNG.java:1049)
at org.testng.TestNG.run(TestNG.java:1017)
at org.apache.maven.surefire.testng.TestNGExecutor.run(TestNGExecutor.java:77)
at org.apache.maven.surefire.testng.TestNGDirectoryTestSuite.execute(TestNGDirectoryTestSuite.java:110)
at org.apache.maven.surefire.testng.TestNGProvider.invoke(TestNGProvider.java:106)
at sun.reflect.NativeMethodAccessorImpl.invoke0(Native Method)
at sun.reflect.NativeMethodAccessorImpl.invoke(NativeMethodAccessorImpl.java:62)
at sun.reflect.DelegatingMethodAccessorImpl.invoke(DelegatingMethodAccessorImpl.java:43)
at java.lang.reflect.Method.invoke(Method.java:498)
at org.apache.maven.surefire.util.ReflectionUtils.invokeMethodWithArray(ReflectionUtils.java:189)
at org.apache.maven.surefire.booter.ProviderFactory$ProviderProxy.invoke(ProviderFactory.java:165)
at org.apache.maven.surefire.booter.ProviderFactory.invokeProvider(ProviderFactory.java:85)
at org.apache.maven.surefire.booter.ForkedBooter.runSuitesInProcess(ForkedBooter.java:115)
at org.apache.maven.surefire.booter.ForkedBooter.main(ForkedBooter.java:75)
]]>
            </full-stacktrace>
          </exception> <!-- java.lang.Throwable -->
          <reporter-output>
          </reporter-output>
        </test-method> <!-- enterStudentLoginDetails -->
        <test-method status="SKIP" signature="selectInstitution()[pri:0, instance:Unipupil.UniMavenTests.Chrome77BuyCourseAddFeesAgentDomesticIndivCommFullPaymentTest@215be6bb]" name="selectInstitution" duration-ms="0" started-at="2020-01-29T16:45:01Z" depends-on-methods="Unipupil.UniMavenTests.Chrome77BuyCourseAddFeesAgentDomesticIndivCommFullPaymentTest.findInstitution" finished-at="2020-01-29T16:45:01Z">
          <exception class="java.lang.Throwable">
            <message>
              <![CDATA[Method Chrome77BuyCourseAddFeesAgentDomesticIndivCommFullPaymentTest.selectInstitution()[pri:0, instance:Unipupil.UniMavenTests.Chrome77BuyCourseAddFeesAgentDomesticIndivCommFullPaymentTest@215be6bb] depends on not successfully finished methods]]>
            </message>
            <full-stacktrace>
              <![CDATA[java.lang.Throwable: Method Chrome77BuyCourseAddFeesAgentDomesticIndivCommFullPaymentTest.selectInstitution()[pri:0, instance:Unipupil.UniMavenTests.Chrome77BuyCourseAddFeesAgentDomesticIndivCommFullPaymentTest@215be6bb] depends on not successfully finished methods
at org.testng.internal.Invoker.invokeTestMethods(Invoker.java:888)
at org.testng.internal.TestMethodWorker.invokeTestMethods(TestMethodWorker.java:125)
at org.testng.internal.TestMethodWorker.run(TestMethodWorker.java:109)
at org.testng.TestRunner.privateRun(TestRunner.java:648)
at org.testng.TestRunner.run(TestRunner.java:505)
at org.testng.SuiteRunner.runTest(SuiteRunner.java:455)
at org.testng.SuiteRunner.runSequentially(SuiteRunner.java:450)
at org.testng.SuiteRunner.privateRun(SuiteRunner.java:415)
at org.testng.SuiteRunner.run(SuiteRunner.java:364)
at org.testng.SuiteRunnerWorker.runSuite(SuiteRunnerWorker.java:52)
at org.testng.SuiteRunnerWorker.run(SuiteRunnerWorker.java:84)
at org.testng.TestNG.runSuitesSequentially(TestNG.java:1208)
at org.testng.TestNG.runSuitesLocally(TestNG.java:1137)
at org.testng.TestNG.runSuites(TestNG.java:1049)
at org.testng.TestNG.run(TestNG.java:1017)
at org.apache.maven.surefire.testng.TestNGExecutor.run(TestNGExecutor.java:77)
at org.apache.maven.surefire.testng.TestNGDirectoryTestSuite.execute(TestNGDirectoryTestSuite.java:110)
at org.apache.maven.surefire.testng.TestNGProvider.invoke(TestNGProvider.java:106)
at sun.reflect.NativeMethodAccessorImpl.invoke0(Native Method)
at sun.reflect.NativeMethodAccessorImpl.invoke(NativeMethodAccessorImpl.java:62)
at sun.reflect.DelegatingMethodAccessorImpl.invoke(DelegatingMethodAccessorImpl.java:43)
at java.lang.reflect.Method.invoke(Method.java:498)
at org.apache.maven.surefire.util.ReflectionUtils.invokeMethodWithArray(ReflectionUtils.java:189)
at org.apache.maven.surefire.booter.ProviderFactory$ProviderProxy.invoke(ProviderFactory.java:165)
at org.apache.maven.surefire.booter.ProviderFactory.invokeProvider(ProviderFactory.java:85)
at org.apache.maven.surefire.booter.ForkedBooter.runSuitesInProcess(ForkedBooter.java:115)
at org.apache.maven.surefire.booter.ForkedBooter.main(ForkedBooter.java:75)
]]>
            </full-stacktrace>
          </exception> <!-- java.lang.Throwable -->
          <reporter-output>
          </reporter-output>
        </test-method> <!-- selectInstitution -->
        <test-method status="SKIP" signature="selectCourse()[pri:0, instance:Unipupil.UniMavenTests.Chrome77BuyCourseAddFeesAgentDomesticIndivCommFullPaymentTest@215be6bb]" name="selectCourse" duration-ms="0" started-at="2020-01-29T16:45:01Z" depends-on-methods="Unipupil.UniMavenTests.Chrome77BuyCourseAddFeesAgentDomesticIndivCommFullPaymentTest.selectInstitution" finished-at="2020-01-29T16:45:01Z">
          <exception class="java.lang.Throwable">
            <message>
              <![CDATA[Method Chrome77BuyCourseAddFeesAgentDomesticIndivCommFullPaymentTest.selectCourse()[pri:0, instance:Unipupil.UniMavenTests.Chrome77BuyCourseAddFeesAgentDomesticIndivCommFullPaymentTest@215be6bb] depends on not successfully finished methods]]>
            </message>
            <full-stacktrace>
              <![CDATA[java.lang.Throwable: Method Chrome77BuyCourseAddFeesAgentDomesticIndivCommFullPaymentTest.selectCourse()[pri:0, instance:Unipupil.UniMavenTests.Chrome77BuyCourseAddFeesAgentDomesticIndivCommFullPaymentTest@215be6bb] depends on not successfully finished methods
at org.testng.internal.Invoker.invokeTestMethods(Invoker.java:888)
at org.testng.internal.TestMethodWorker.invokeTestMethods(TestMethodWorker.java:125)
at org.testng.internal.TestMethodWorker.run(TestMethodWorker.java:109)
at org.testng.TestRunner.privateRun(TestRunner.java:648)
at org.testng.TestRunner.run(TestRunner.java:505)
at org.testng.SuiteRunner.runTest(SuiteRunner.java:455)
at org.testng.SuiteRunner.runSequentially(SuiteRunner.java:450)
at org.testng.SuiteRunner.privateRun(SuiteRunner.java:415)
at org.testng.SuiteRunner.run(SuiteRunner.java:364)
at org.testng.SuiteRunnerWorker.runSuite(SuiteRunnerWorker.java:52)
at org.testng.SuiteRunnerWorker.run(SuiteRunnerWorker.java:84)
at org.testng.TestNG.runSuitesSequentially(TestNG.java:1208)
at org.testng.TestNG.runSuitesLocally(TestNG.java:1137)
at org.testng.TestNG.runSuites(TestNG.java:1049)
at org.testng.TestNG.run(TestNG.java:1017)
at org.apache.maven.surefire.testng.TestNGExecutor.run(TestNGExecutor.java:77)
at org.apache.maven.surefire.testng.TestNGDirectoryTestSuite.execute(TestNGDirectoryTestSuite.java:110)
at org.apache.maven.surefire.testng.TestNGProvider.invoke(TestNGProvider.java:106)
at sun.reflect.NativeMethodAccessorImpl.invoke0(Native Method)
at sun.reflect.NativeMethodAccessorImpl.invoke(NativeMethodAccessorImpl.java:62)
at sun.reflect.DelegatingMethodAccessorImpl.invoke(DelegatingMethodAccessorImpl.java:43)
at java.lang.reflect.Method.invoke(Method.java:498)
at org.apache.maven.surefire.util.ReflectionUtils.invokeMethodWithArray(ReflectionUtils.java:189)
at org.apache.maven.surefire.booter.ProviderFactory$ProviderProxy.invoke(ProviderFactory.java:165)
at org.apache.maven.surefire.booter.ProviderFactory.invokeProvider(ProviderFactory.java:85)
at org.apache.maven.surefire.booter.ForkedBooter.runSuitesInProcess(ForkedBooter.java:115)
at org.apache.maven.surefire.booter.ForkedBooter.main(ForkedBooter.java:75)
]]>
            </full-stacktrace>
          </exception> <!-- java.lang.Throwable -->
          <reporter-output>
          </reporter-output>
        </test-method> <!-- selectCourse -->
        <test-method status="SKIP" signature="addCourseToCart()[pri:0, instance:Unipupil.UniMavenTests.Chrome77BuyCourseAddFeesAgentDomesticIndivCommFullPaymentTest@215be6bb]" name="addCourseToCart" duration-ms="0" started-at="2020-01-29T16:45:01Z" depends-on-methods="Unipupil.UniMavenTests.Chrome77BuyCourseAddFeesAgentDomesticIndivCommFullPaymentTest.selectCourse" finished-at="2020-01-29T16:45:01Z">
          <exception class="java.lang.Throwable">
            <message>
              <![CDATA[Method Chrome77BuyCourseAddFeesAgentDomesticIndivCommFullPaymentTest.addCourseToCart()[pri:0, instance:Unipupil.UniMavenTests.Chrome77BuyCourseAddFeesAgentDomesticIndivCommFullPaymentTest@215be6bb] depends on not successfully finished methods]]>
            </message>
            <full-stacktrace>
              <![CDATA[java.lang.Throwable: Method Chrome77BuyCourseAddFeesAgentDomesticIndivCommFullPaymentTest.addCourseToCart()[pri:0, instance:Unipupil.UniMavenTests.Chrome77BuyCourseAddFeesAgentDomesticIndivCommFullPaymentTest@215be6bb] depends on not successfully finished methods
at org.testng.internal.Invoker.invokeTestMethods(Invoker.java:888)
at org.testng.internal.TestMethodWorker.invokeTestMethods(TestMethodWorker.java:125)
at org.testng.internal.TestMethodWorker.run(TestMethodWorker.java:109)
at org.testng.TestRunner.privateRun(TestRunner.java:648)
at org.testng.TestRunner.run(TestRunner.java:505)
at org.testng.SuiteRunner.runTest(SuiteRunner.java:455)
at org.testng.SuiteRunner.runSequentially(SuiteRunner.java:450)
at org.testng.SuiteRunner.privateRun(SuiteRunner.java:415)
at org.testng.SuiteRunner.run(SuiteRunner.java:364)
at org.testng.SuiteRunnerWorker.runSuite(SuiteRunnerWorker.java:52)
at org.testng.SuiteRunnerWorker.run(SuiteRunnerWorker.java:84)
at org.testng.TestNG.runSuitesSequentially(TestNG.java:1208)
at org.testng.TestNG.runSuitesLocally(TestNG.java:1137)
at org.testng.TestNG.runSuites(TestNG.java:1049)
at org.testng.TestNG.run(TestNG.java:1017)
at org.apache.maven.surefire.testng.TestNGExecutor.run(TestNGExecutor.java:77)
at org.apache.maven.surefire.testng.TestNGDirectoryTestSuite.execute(TestNGDirectoryTestSuite.java:110)
at org.apache.maven.surefire.testng.TestNGProvider.invoke(TestNGProvider.java:106)
at sun.reflect.NativeMethodAccessorImpl.invoke0(Native Method)
at sun.reflect.NativeMethodAccessorImpl.invoke(NativeMethodAccessorImpl.java:62)
at sun.reflect.DelegatingMethodAccessorImpl.invoke(DelegatingMethodAccessorImpl.java:43)
at java.lang.reflect.Method.invoke(Method.java:498)
at org.apache.maven.surefire.util.ReflectionUtils.invokeMethodWithArray(ReflectionUtils.java:189)
at org.apache.maven.surefire.booter.ProviderFactory$ProviderProxy.invoke(ProviderFactory.java:165)
at org.apache.maven.surefire.booter.ProviderFactory.invokeProvider(ProviderFactory.java:85)
at org.apache.maven.surefire.booter.ForkedBooter.runSuitesInProcess(ForkedBooter.java:115)
at org.apache.maven.surefire.booter.ForkedBooter.main(ForkedBooter.java:75)
]]>
            </full-stacktrace>
          </exception> <!-- java.lang.Throwable -->
          <reporter-output>
          </reporter-output>
        </test-method> <!-- addCourseToCart -->
        <test-method status="SKIP" signature="cartAdditionalFeesTitle()[pri:0, instance:Unipupil.UniMavenTests.Chrome77BuyCourseAddFeesAgentDomesticIndivCommFullPaymentTest@215be6bb]" name="cartAdditionalFeesTitle" duration-ms="0" started-at="2020-01-29T16:45:01Z" depends-on-methods="Unipupil.UniMavenTests.Chrome77BuyCourseAddFeesAgentDomesticIndivCommFullPaymentTest.cartProductName" finished-at="2020-01-29T16:45:01Z">
          <exception class="java.lang.Throwable">
            <message>
              <![CDATA[Method Chrome77BuyCourseAddFeesAgentDomesticIndivCommFullPaymentTest.cartAdditionalFeesTitle()[pri:0, instance:Unipupil.UniMavenTests.Chrome77BuyCourseAddFeesAgentDomesticIndivCommFullPaymentTest@215be6bb] depends on not successfully finished methods]]>
            </message>
            <full-stacktrace>
              <![CDATA[java.lang.Throwable: Method Chrome77BuyCourseAddFeesAgentDomesticIndivCommFullPaymentTest.cartAdditionalFeesTitle()[pri:0, instance:Unipupil.UniMavenTests.Chrome77BuyCourseAddFeesAgentDomesticIndivCommFullPaymentTest@215be6bb] depends on not successfully finished methods
at org.testng.internal.Invoker.invokeTestMethods(Invoker.java:888)
at org.testng.internal.TestMethodWorker.invokeTestMethods(TestMethodWorker.java:125)
at org.testng.internal.TestMethodWorker.run(TestMethodWorker.java:109)
at org.testng.TestRunner.privateRun(TestRunner.java:648)
at org.testng.TestRunner.run(TestRunner.java:505)
at org.testng.SuiteRunner.runTest(SuiteRunner.java:455)
at org.testng.SuiteRunner.runSequentially(SuiteRunner.java:450)
at org.testng.SuiteRunner.privateRun(SuiteRunner.java:415)
at org.testng.SuiteRunner.run(SuiteRunner.java:364)
at org.testng.SuiteRunnerWorker.runSuite(SuiteRunnerWorker.java:52)
at org.testng.SuiteRunnerWorker.run(SuiteRunnerWorker.java:84)
at org.testng.TestNG.runSuitesSequentially(TestNG.java:1208)
at org.testng.TestNG.runSuitesLocally(TestNG.java:1137)
at org.testng.TestNG.runSuites(TestNG.java:1049)
at org.testng.TestNG.run(TestNG.java:1017)
at org.apache.maven.surefire.testng.TestNGExecutor.run(TestNGExecutor.java:77)
at org.apache.maven.surefire.testng.TestNGDirectoryTestSuite.execute(TestNGDirectoryTestSuite.java:110)
at org.apache.maven.surefire.testng.TestNGProvider.invoke(TestNGProvider.java:106)
at sun.reflect.NativeMethodAccessorImpl.invoke0(Native Method)
at sun.reflect.NativeMethodAccessorImpl.invoke(NativeMethodAccessorImpl.java:62)
at sun.reflect.DelegatingMethodAccessorImpl.invoke(DelegatingMethodAccessorImpl.java:43)
at java.lang.reflect.Method.invoke(Method.java:498)
at org.apache.maven.surefire.util.ReflectionUtils.invokeMethodWithArray(ReflectionUtils.java:189)
at org.apache.maven.surefire.booter.ProviderFactory$ProviderProxy.invoke(ProviderFactory.java:165)
at org.apache.maven.surefire.booter.ProviderFactory.invokeProvider(ProviderFactory.java:85)
at org.apache.maven.surefire.booter.ForkedBooter.runSuitesInProcess(ForkedBooter.java:115)
at org.apache.maven.surefire.booter.ForkedBooter.main(ForkedBooter.java:75)
]]>
            </full-stacktrace>
          </exception> <!-- java.lang.Throwable -->
          <reporter-output>
          </reporter-output>
        </test-method> <!-- cartAdditionalFeesTitle -->
        <test-method status="SKIP" signature="cartProductName()[pri:0, instance:Unipupil.UniMavenTests.Chrome77BuyCourseAddFeesAgentDomesticIndivCommFullPaymentTest@215be6bb]" name="cartProductName" duration-ms="0" started-at="2020-01-29T16:45:01Z" depends-on-methods="Unipupil.UniMavenTests.Chrome77BuyCourseAddFeesAgentDomesticIndivCommFullPaymentTest.addCourseToCart" finished-at="2020-01-29T16:45:01Z">
          <exception class="java.lang.Throwable">
            <message>
              <![CDATA[Method Chrome77BuyCourseAddFeesAgentDomesticIndivCommFullPaymentTest.cartProductName()[pri:0, instance:Unipupil.UniMavenTests.Chrome77BuyCourseAddFeesAgentDomesticIndivCommFullPaymentTest@215be6bb] depends on not successfully finished methods]]>
            </message>
            <full-stacktrace>
              <![CDATA[java.lang.Throwable: Method Chrome77BuyCourseAddFeesAgentDomesticIndivCommFullPaymentTest.cartProductName()[pri:0, instance:Unipupil.UniMavenTests.Chrome77BuyCourseAddFeesAgentDomesticIndivCommFullPaymentTest@215be6bb] depends on not successfully finished methods
at org.testng.internal.Invoker.invokeTestMethods(Invoker.java:888)
at org.testng.internal.TestMethodWorker.invokeTestMethods(TestMethodWorker.java:125)
at org.testng.internal.TestMethodWorker.run(TestMethodWorker.java:109)
at org.testng.TestRunner.privateRun(TestRunner.java:648)
at org.testng.TestRunner.run(TestRunner.java:505)
at org.testng.SuiteRunner.runTest(SuiteRunner.java:455)
at org.testng.SuiteRunner.runSequentially(SuiteRunner.java:450)
at org.testng.SuiteRunner.privateRun(SuiteRunner.java:415)
at org.testng.SuiteRunner.run(SuiteRunner.java:364)
at org.testng.SuiteRunnerWorker.runSuite(SuiteRunnerWorker.java:52)
at org.testng.SuiteRunnerWorker.run(SuiteRunnerWorker.java:84)
at org.testng.TestNG.runSuitesSequentially(TestNG.java:1208)
at org.testng.TestNG.runSuitesLocally(TestNG.java:1137)
at org.testng.TestNG.runSuites(TestNG.java:1049)
at org.testng.TestNG.run(TestNG.java:1017)
at org.apache.maven.surefire.testng.TestNGExecutor.run(TestNGExecutor.java:77)
at org.apache.maven.surefire.testng.TestNGDirectoryTestSuite.execute(TestNGDirectoryTestSuite.java:110)
at org.apache.maven.surefire.testng.TestNGProvider.invoke(TestNGProvider.java:106)
at sun.reflect.NativeMethodAccessorImpl.invoke0(Native Method)
at sun.reflect.NativeMethodAccessorImpl.invoke(NativeMethodAccessorImpl.java:62)
at sun.reflect.DelegatingMethodAccessorImpl.invoke(DelegatingMethodAccessorImpl.java:43)
at java.lang.reflect.Method.invoke(Method.java:498)
at org.apache.maven.surefire.util.ReflectionUtils.invokeMethodWithArray(ReflectionUtils.java:189)
at org.apache.maven.surefire.booter.ProviderFactory$ProviderProxy.invoke(ProviderFactory.java:165)
at org.apache.maven.surefire.booter.ProviderFactory.invokeProvider(ProviderFactory.java:85)
at org.apache.maven.surefire.booter.ForkedBooter.runSuitesInProcess(ForkedBooter.java:115)
at org.apache.maven.surefire.booter.ForkedBooter.main(ForkedBooter.java:75)
]]>
            </full-stacktrace>
          </exception> <!-- java.lang.Throwable -->
          <reporter-output>
          </reporter-output>
        </test-method> <!-- cartProductName -->
        <test-method status="SKIP" signature="cartLinePrice()[pri:0, instance:Unipupil.UniMavenTests.Chrome77BuyCourseAddFeesAgentDomesticIndivCommFullPaymentTest@215be6bb]" name="cartLinePrice" duration-ms="0" started-at="2020-01-29T16:45:01Z" depends-on-methods="Unipupil.UniMavenTests.Chrome77BuyCourseAddFeesAgentDomesticIndivCommFullPaymentTest.cartProductUnitPrice" finished-at="2020-01-29T16:45:01Z">
          <exception class="java.lang.Throwable">
            <message>
              <![CDATA[Method Chrome77BuyCourseAddFeesAgentDomesticIndivCommFullPaymentTest.cartLinePrice()[pri:0, instance:Unipupil.UniMavenTests.Chrome77BuyCourseAddFeesAgentDomesticIndivCommFullPaymentTest@215be6bb] depends on not successfully finished methods]]>
            </message>
            <full-stacktrace>
              <![CDATA[java.lang.Throwable: Method Chrome77BuyCourseAddFeesAgentDomesticIndivCommFullPaymentTest.cartLinePrice()[pri:0, instance:Unipupil.UniMavenTests.Chrome77BuyCourseAddFeesAgentDomesticIndivCommFullPaymentTest@215be6bb] depends on not successfully finished methods
at org.testng.internal.Invoker.invokeTestMethods(Invoker.java:888)
at org.testng.internal.TestMethodWorker.invokeTestMethods(TestMethodWorker.java:125)
at org.testng.internal.TestMethodWorker.run(TestMethodWorker.java:109)
at org.testng.TestRunner.privateRun(TestRunner.java:648)
at org.testng.TestRunner.run(TestRunner.java:505)
at org.testng.SuiteRunner.runTest(SuiteRunner.java:455)
at org.testng.SuiteRunner.runSequentially(SuiteRunner.java:450)
at org.testng.SuiteRunner.privateRun(SuiteRunner.java:415)
at org.testng.SuiteRunner.run(SuiteRunner.java:364)
at org.testng.SuiteRunnerWorker.runSuite(SuiteRunnerWorker.java:52)
at org.testng.SuiteRunnerWorker.run(SuiteRunnerWorker.java:84)
at org.testng.TestNG.runSuitesSequentially(TestNG.java:1208)
at org.testng.TestNG.runSuitesLocally(TestNG.java:1137)
at org.testng.TestNG.runSuites(TestNG.java:1049)
at org.testng.TestNG.run(TestNG.java:1017)
at org.apache.maven.surefire.testng.TestNGExecutor.run(TestNGExecutor.java:77)
at org.apache.maven.surefire.testng.TestNGDirectoryTestSuite.execute(TestNGDirectoryTestSuite.java:110)
at org.apache.maven.surefire.testng.TestNGProvider.invoke(TestNGProvider.java:106)
at sun.reflect.NativeMethodAccessorImpl.invoke0(Native Method)
at sun.reflect.NativeMethodAccessorImpl.invoke(NativeMethodAccessorImpl.java:62)
at sun.reflect.DelegatingMethodAccessorImpl.invoke(DelegatingMethodAccessorImpl.java:43)
at java.lang.reflect.Method.invoke(Method.java:498)
at org.apache.maven.surefire.util.ReflectionUtils.invokeMethodWithArray(ReflectionUtils.java:189)
at org.apache.maven.surefire.booter.ProviderFactory$ProviderProxy.invoke(ProviderFactory.java:165)
at org.apache.maven.surefire.booter.ProviderFactory.invokeProvider(ProviderFactory.java:85)
at org.apache.maven.surefire.booter.ForkedBooter.runSuitesInProcess(ForkedBooter.java:115)
at org.apache.maven.surefire.booter.ForkedBooter.main(ForkedBooter.java:75)
]]>
            </full-stacktrace>
          </exception> <!-- java.lang.Throwable -->
          <reporter-output>
          </reporter-output>
        </test-method> <!-- cartLinePrice -->
        <test-method status="SKIP" signature="cartProductUnitPrice()[pri:0, instance:Unipupil.UniMavenTests.Chrome77BuyCourseAddFeesAgentDomesticIndivCommFullPaymentTest@215be6bb]" name="cartProductUnitPrice" duration-ms="0" started-at="2020-01-29T16:45:01Z" depends-on-methods="Unipupil.UniMavenTests.Chrome77BuyCourseAddFeesAgentDomesticIndivCommFullPaymentTest.cartAdditionalFeesTitle" finished-at="2020-01-29T16:45:01Z">
          <exception class="java.lang.Throwable">
            <message>
              <![CDATA[Method Chrome77BuyCourseAddFeesAgentDomesticIndivCommFullPaymentTest.cartProductUnitPrice()[pri:0, instance:Unipupil.UniMavenTests.Chrome77BuyCourseAddFeesAgentDomesticIndivCommFullPaymentTest@215be6bb] depends on not successfully finished methods]]>
            </message>
            <full-stacktrace>
              <![CDATA[java.lang.Throwable: Method Chrome77BuyCourseAddFeesAgentDomesticIndivCommFullPaymentTest.cartProductUnitPrice()[pri:0, instance:Unipupil.UniMavenTests.Chrome77BuyCourseAddFeesAgentDomesticIndivCommFullPaymentTest@215be6bb] depends on not successfully finished methods
at org.testng.internal.Invoker.invokeTestMethods(Invoker.java:888)
at org.testng.internal.TestMethodWorker.invokeTestMethods(TestMethodWorker.java:125)
at org.testng.internal.TestMethodWorker.run(TestMethodWorker.java:109)
at org.testng.TestRunner.privateRun(TestRunner.java:648)
at org.testng.TestRunner.run(TestRunner.java:505)
at org.testng.SuiteRunner.runTest(SuiteRunner.java:455)
at org.testng.SuiteRunner.runSequentially(SuiteRunner.java:450)
at org.testng.SuiteRunner.privateRun(SuiteRunner.java:415)
at org.testng.SuiteRunner.run(SuiteRunner.java:364)
at org.testng.SuiteRunnerWorker.runSuite(SuiteRunnerWorker.java:52)
at org.testng.SuiteRunnerWorker.run(SuiteRunnerWorker.java:84)
at org.testng.TestNG.runSuitesSequentially(TestNG.java:1208)
at org.testng.TestNG.runSuitesLocally(TestNG.java:1137)
at org.testng.TestNG.runSuites(TestNG.java:1049)
at org.testng.TestNG.run(TestNG.java:1017)
at org.apache.maven.surefire.testng.TestNGExecutor.run(TestNGExecutor.java:77)
at org.apache.maven.surefire.testng.TestNGDirectoryTestSuite.execute(TestNGDirectoryTestSuite.java:110)
at org.apache.maven.surefire.testng.TestNGProvider.invoke(TestNGProvider.java:106)
at sun.reflect.NativeMethodAccessorImpl.invoke0(Native Method)
at sun.reflect.NativeMethodAccessorImpl.invoke(NativeMethodAccessorImpl.java:62)
at sun.reflect.DelegatingMethodAccessorImpl.invoke(DelegatingMethodAccessorImpl.java:43)
at java.lang.reflect.Method.invoke(Method.java:498)
at org.apache.maven.surefire.util.ReflectionUtils.invokeMethodWithArray(ReflectionUtils.java:189)
at org.apache.maven.surefire.booter.ProviderFactory$ProviderProxy.invoke(ProviderFactory.java:165)
at org.apache.maven.surefire.booter.ProviderFactory.invokeProvider(ProviderFactory.java:85)
at org.apache.maven.surefire.booter.ForkedBooter.runSuitesInProcess(ForkedBooter.java:115)
at org.apache.maven.surefire.booter.ForkedBooter.main(ForkedBooter.java:75)
]]>
            </full-stacktrace>
          </exception> <!-- java.lang.Throwable -->
          <reporter-output>
          </reporter-output>
        </test-method> <!-- cartProductUnitPrice -->
        <test-method status="SKIP" signature="cartAdditionalFees()[pri:0, instance:Unipupil.UniMavenTests.Chrome77BuyCourseAddFeesAgentDomesticIndivCommFullPaymentTest@215be6bb]" name="cartAdditionalFees" duration-ms="0" started-at="2020-01-29T16:45:01Z" depends-on-methods="Unipupil.UniMavenTests.Chrome77BuyCourseAddFeesAgentDomesticIndivCommFullPaymentTest.cartLinePrice" finished-at="2020-01-29T16:45:01Z">
          <exception class="java.lang.Throwable">
            <message>
              <![CDATA[Method Chrome77BuyCourseAddFeesAgentDomesticIndivCommFullPaymentTest.cartAdditionalFees()[pri:0, instance:Unipupil.UniMavenTests.Chrome77BuyCourseAddFeesAgentDomesticIndivCommFullPaymentTest@215be6bb] depends on not successfully finished methods]]>
            </message>
            <full-stacktrace>
              <![CDATA[java.lang.Throwable: Method Chrome77BuyCourseAddFeesAgentDomesticIndivCommFullPaymentTest.cartAdditionalFees()[pri:0, instance:Unipupil.UniMavenTests.Chrome77BuyCourseAddFeesAgentDomesticIndivCommFullPaymentTest@215be6bb] depends on not successfully finished methods
at org.testng.internal.Invoker.invokeTestMethods(Invoker.java:888)
at org.testng.internal.TestMethodWorker.invokeTestMethods(TestMethodWorker.java:125)
at org.testng.internal.TestMethodWorker.run(TestMethodWorker.java:109)
at org.testng.TestRunner.privateRun(TestRunner.java:648)
at org.testng.TestRunner.run(TestRunner.java:505)
at org.testng.SuiteRunner.runTest(SuiteRunner.java:455)
at org.testng.SuiteRunner.runSequentially(SuiteRunner.java:450)
at org.testng.SuiteRunner.privateRun(SuiteRunner.java:415)
at org.testng.SuiteRunner.run(SuiteRunner.java:364)
at org.testng.SuiteRunnerWorker.runSuite(SuiteRunnerWorker.java:52)
at org.testng.SuiteRunnerWorker.run(SuiteRunnerWorker.java:84)
at org.testng.TestNG.runSuitesSequentially(TestNG.java:1208)
at org.testng.TestNG.runSuitesLocally(TestNG.java:1137)
at org.testng.TestNG.runSuites(TestNG.java:1049)
at org.testng.TestNG.run(TestNG.java:1017)
at org.apache.maven.surefire.testng.TestNGExecutor.run(TestNGExecutor.java:77)
at org.apache.maven.surefire.testng.TestNGDirectoryTestSuite.execute(TestNGDirectoryTestSuite.java:110)
at org.apache.maven.surefire.testng.TestNGProvider.invoke(TestNGProvider.java:106)
at sun.reflect.NativeMethodAccessorImpl.invoke0(Native Method)
at sun.reflect.NativeMethodAccessorImpl.invoke(NativeMethodAccessorImpl.java:62)
at sun.reflect.DelegatingMethodAccessorImpl.invoke(DelegatingMethodAccessorImpl.java:43)
at java.lang.reflect.Method.invoke(Method.java:498)
at org.apache.maven.surefire.util.ReflectionUtils.invokeMethodWithArray(ReflectionUtils.java:189)
at org.apache.maven.surefire.booter.ProviderFactory$ProviderProxy.invoke(ProviderFactory.java:165)
at org.apache.maven.surefire.booter.ProviderFactory.invokeProvider(ProviderFactory.java:85)
at org.apache.maven.surefire.booter.ForkedBooter.runSuitesInProcess(ForkedBooter.java:115)
at org.apache.maven.surefire.booter.ForkedBooter.main(ForkedBooter.java:75)
]]>
            </full-stacktrace>
          </exception> <!-- java.lang.Throwable -->
          <reporter-output>
          </reporter-output>
        </test-method> <!-- cartAdditionalFees -->
        <test-method status="SKIP" signature="checkCartSubTotalAgainstGrossFees()[pri:0, instance:Unipupil.UniMavenTests.Chrome77BuyCourseAddFeesAgentDomesticIndivCommFullPaymentTest@215be6bb]" name="checkCartSubTotalAgainstGrossFees" duration-ms="0" started-at="2020-01-29T16:45:01Z" depends-on-methods="Unipupil.UniMavenTests.Chrome77BuyCourseAddFeesAgentDomesticIndivCommFullPaymentTest.cartAdditionalFees" finished-at="2020-01-29T16:45:01Z">
          <exception class="java.lang.Throwable">
            <message>
              <![CDATA[Method Chrome77BuyCourseAddFeesAgentDomesticIndivCommFullPaymentTest.checkCartSubTotalAgainstGrossFees()[pri:0, instance:Unipupil.UniMavenTests.Chrome77BuyCourseAddFeesAgentDomesticIndivCommFullPaymentTest@215be6bb] depends on not successfully finished methods]]>
            </message>
            <full-stacktrace>
              <![CDATA[java.lang.Throwable: Method Chrome77BuyCourseAddFeesAgentDomesticIndivCommFullPaymentTest.checkCartSubTotalAgainstGrossFees()[pri:0, instance:Unipupil.UniMavenTests.Chrome77BuyCourseAddFeesAgentDomesticIndivCommFullPaymentTest@215be6bb] depends on not successfully finished methods
at org.testng.internal.Invoker.invokeTestMethods(Invoker.java:888)
at org.testng.internal.TestMethodWorker.invokeTestMethods(TestMethodWorker.java:125)
at org.testng.internal.TestMethodWorker.run(TestMethodWorker.java:109)
at org.testng.TestRunner.privateRun(TestRunner.java:648)
at org.testng.TestRunner.run(TestRunner.java:505)
at org.testng.SuiteRunner.runTest(SuiteRunner.java:455)
at org.testng.SuiteRunner.runSequentially(SuiteRunner.java:450)
at org.testng.SuiteRunner.privateRun(SuiteRunner.java:415)
at org.testng.SuiteRunner.run(SuiteRunner.java:364)
at org.testng.SuiteRunnerWorker.runSuite(SuiteRunnerWorker.java:52)
at org.testng.SuiteRunnerWorker.run(SuiteRunnerWorker.java:84)
at org.testng.TestNG.runSuitesSequentially(TestNG.java:1208)
at org.testng.TestNG.runSuitesLocally(TestNG.java:1137)
at org.testng.TestNG.runSuites(TestNG.java:1049)
at org.testng.TestNG.run(TestNG.java:1017)
at org.apache.maven.surefire.testng.TestNGExecutor.run(TestNGExecutor.java:77)
at org.apache.maven.surefire.testng.TestNGDirectoryTestSuite.execute(TestNGDirectoryTestSuite.java:110)
at org.apache.maven.surefire.testng.TestNGProvider.invoke(TestNGProvider.java:106)
at sun.reflect.NativeMethodAccessorImpl.invoke0(Native Method)
at sun.reflect.NativeMethodAccessorImpl.invoke(NativeMethodAccessorImpl.java:62)
at sun.reflect.DelegatingMethodAccessorImpl.invoke(DelegatingMethodAccessorImpl.java:43)
at java.lang.reflect.Method.invoke(Method.java:498)
at org.apache.maven.surefire.util.ReflectionUtils.invokeMethodWithArray(ReflectionUtils.java:189)
at org.apache.maven.surefire.booter.ProviderFactory$ProviderProxy.invoke(ProviderFactory.java:165)
at org.apache.maven.surefire.booter.ProviderFactory.invokeProvider(ProviderFactory.java:85)
at org.apache.maven.surefire.booter.ForkedBooter.runSuitesInProcess(ForkedBooter.java:115)
at org.apache.maven.surefire.booter.ForkedBooter.main(ForkedBooter.java:75)
]]>
            </full-stacktrace>
          </exception> <!-- java.lang.Throwable -->
          <reporter-output>
          </reporter-output>
        </test-method> <!-- checkCartSubTotalAgainstGrossFees -->
        <test-method status="SKIP" signature="checkAggregateFeesEqualCartSubtotal()[pri:0, instance:Unipupil.UniMavenTests.Chrome77BuyCourseAddFeesAgentDomesticIndivCommFullPaymentTest@215be6bb]" name="checkAggregateFeesEqualCartSubtotal" duration-ms="0" started-at="2020-01-29T16:45:01Z" depends-on-methods="Unipupil.UniMavenTests.Chrome77BuyCourseAddFeesAgentDomesticIndivCommFullPaymentTest.checkCartSubTotalAgainstGrossFees" finished-at="2020-01-29T16:45:01Z">
          <exception class="java.lang.Throwable">
            <message>
              <![CDATA[Method Chrome77BuyCourseAddFeesAgentDomesticIndivCommFullPaymentTest.checkAggregateFeesEqualCartSubtotal()[pri:0, instance:Unipupil.UniMavenTests.Chrome77BuyCourseAddFeesAgentDomesticIndivCommFullPaymentTest@215be6bb] depends on not successfully finished methods]]>
            </message>
            <full-stacktrace>
              <![CDATA[java.lang.Throwable: Method Chrome77BuyCourseAddFeesAgentDomesticIndivCommFullPaymentTest.checkAggregateFeesEqualCartSubtotal()[pri:0, instance:Unipupil.UniMavenTests.Chrome77BuyCourseAddFeesAgentDomesticIndivCommFullPaymentTest@215be6bb] depends on not successfully finished methods
at org.testng.internal.Invoker.invokeTestMethods(Invoker.java:888)
at org.testng.internal.TestMethodWorker.invokeTestMethods(TestMethodWorker.java:125)
at org.testng.internal.TestMethodWorker.run(TestMethodWorker.java:109)
at org.testng.TestRunner.privateRun(TestRunner.java:648)
at org.testng.TestRunner.run(TestRunner.java:505)
at org.testng.SuiteRunner.runTest(SuiteRunner.java:455)
at org.testng.SuiteRunner.runSequentially(SuiteRunner.java:450)
at org.testng.SuiteRunner.privateRun(SuiteRunner.java:415)
at org.testng.SuiteRunner.run(SuiteRunner.java:364)
at org.testng.SuiteRunnerWorker.runSuite(SuiteRunnerWorker.java:52)
at org.testng.SuiteRunnerWorker.run(SuiteRunnerWorker.java:84)
at org.testng.TestNG.runSuitesSequentially(TestNG.java:1208)
at org.testng.TestNG.runSuitesLocally(TestNG.java:1137)
at org.testng.TestNG.runSuites(TestNG.java:1049)
at org.testng.TestNG.run(TestNG.java:1017)
at org.apache.maven.surefire.testng.TestNGExecutor.run(TestNGExecutor.java:77)
at org.apache.maven.surefire.testng.TestNGDirectoryTestSuite.execute(TestNGDirectoryTestSuite.java:110)
at org.apache.maven.surefire.testng.TestNGProvider.invoke(TestNGProvider.java:106)
at sun.reflect.NativeMethodAccessorImpl.invoke0(Native Method)
at sun.reflect.NativeMethodAccessorImpl.invoke(NativeMethodAccessorImpl.java:62)
at sun.reflect.DelegatingMethodAccessorImpl.invoke(DelegatingMethodAccessorImpl.java:43)
at java.lang.reflect.Method.invoke(Method.java:498)
at org.apache.maven.surefire.util.ReflectionUtils.invokeMethodWithArray(ReflectionUtils.java:189)
at org.apache.maven.surefire.booter.ProviderFactory$ProviderProxy.invoke(ProviderFactory.java:165)
at org.apache.maven.surefire.booter.ProviderFactory.invokeProvider(ProviderFactory.java:85)
at org.apache.maven.surefire.booter.ForkedBooter.runSuitesInProcess(ForkedBooter.java:115)
at org.apache.maven.surefire.booter.ForkedBooter.main(ForkedBooter.java:75)
]]>
            </full-stacktrace>
          </exception> <!-- java.lang.Throwable -->
          <reporter-output>
          </reporter-output>
        </test-method> <!-- checkAggregateFeesEqualCartSubtotal -->
        <test-method status="SKIP" signature="checkoutLineProductName()[pri:0, instance:Unipupil.UniMavenTests.Chrome77BuyCourseAddFeesAgentDomesticIndivCommFullPaymentTest@215be6bb]" name="checkoutLineProductName" duration-ms="0" started-at="2020-01-29T16:45:01Z" depends-on-methods="Unipupil.UniMavenTests.Chrome77BuyCourseAddFeesAgentDomesticIndivCommFullPaymentTest.goToCheckout" finished-at="2020-01-29T16:45:01Z">
          <exception class="java.lang.Throwable">
            <message>
              <![CDATA[Method Chrome77BuyCourseAddFeesAgentDomesticIndivCommFullPaymentTest.checkoutLineProductName()[pri:0, instance:Unipupil.UniMavenTests.Chrome77BuyCourseAddFeesAgentDomesticIndivCommFullPaymentTest@215be6bb] depends on not successfully finished methods]]>
            </message>
            <full-stacktrace>
              <![CDATA[java.lang.Throwable: Method Chrome77BuyCourseAddFeesAgentDomesticIndivCommFullPaymentTest.checkoutLineProductName()[pri:0, instance:Unipupil.UniMavenTests.Chrome77BuyCourseAddFeesAgentDomesticIndivCommFullPaymentTest@215be6bb] depends on not successfully finished methods
at org.testng.internal.Invoker.invokeTestMethods(Invoker.java:888)
at org.testng.internal.TestMethodWorker.invokeTestMethods(TestMethodWorker.java:125)
at org.testng.internal.TestMethodWorker.run(TestMethodWorker.java:109)
at org.testng.TestRunner.privateRun(TestRunner.java:648)
at org.testng.TestRunner.run(TestRunner.java:505)
at org.testng.SuiteRunner.runTest(SuiteRunner.java:455)
at org.testng.SuiteRunner.runSequentially(SuiteRunner.java:450)
at org.testng.SuiteRunner.privateRun(SuiteRunner.java:415)
at org.testng.SuiteRunner.run(SuiteRunner.java:364)
at org.testng.SuiteRunnerWorker.runSuite(SuiteRunnerWorker.java:52)
at org.testng.SuiteRunnerWorker.run(SuiteRunnerWorker.java:84)
at org.testng.TestNG.runSuitesSequentially(TestNG.java:1208)
at org.testng.TestNG.runSuitesLocally(TestNG.java:1137)
at org.testng.TestNG.runSuites(TestNG.java:1049)
at org.testng.TestNG.run(TestNG.java:1017)
at org.apache.maven.surefire.testng.TestNGExecutor.run(TestNGExecutor.java:77)
at org.apache.maven.surefire.testng.TestNGDirectoryTestSuite.execute(TestNGDirectoryTestSuite.java:110)
at org.apache.maven.surefire.testng.TestNGProvider.invoke(TestNGProvider.java:106)
at sun.reflect.NativeMethodAccessorImpl.invoke0(Native Method)
at sun.reflect.NativeMethodAccessorImpl.invoke(NativeMethodAccessorImpl.java:62)
at sun.reflect.DelegatingMethodAccessorImpl.invoke(DelegatingMethodAccessorImpl.java:43)
at java.lang.reflect.Method.invoke(Method.java:498)
at org.apache.maven.surefire.util.ReflectionUtils.invokeMethodWithArray(ReflectionUtils.java:189)
at org.apache.maven.surefire.booter.ProviderFactory$ProviderProxy.invoke(ProviderFactory.java:165)
at org.apache.maven.surefire.booter.ProviderFactory.invokeProvider(ProviderFactory.java:85)
at org.apache.maven.surefire.booter.ForkedBooter.runSuitesInProcess(ForkedBooter.java:115)
at org.apache.maven.surefire.booter.ForkedBooter.main(ForkedBooter.java:75)
]]>
            </full-stacktrace>
          </exception> <!-- java.lang.Throwable -->
          <reporter-output>
          </reporter-output>
        </test-method> <!-- checkoutLineProductName -->
        <test-method status="SKIP" signature="goToCheckout()[pri:0, instance:Unipupil.UniMavenTests.Chrome77BuyCourseAddFeesAgentDomesticIndivCommFullPaymentTest@215be6bb]" name="goToCheckout" duration-ms="0" started-at="2020-01-29T16:45:01Z" depends-on-methods="Unipupil.UniMavenTests.Chrome77BuyCourseAddFeesAgentDomesticIndivCommFullPaymentTest.checkAggregateFeesEqualCartSubtotal" finished-at="2020-01-29T16:45:01Z">
          <exception class="java.lang.Throwable">
            <message>
              <![CDATA[Method Chrome77BuyCourseAddFeesAgentDomesticIndivCommFullPaymentTest.goToCheckout()[pri:0, instance:Unipupil.UniMavenTests.Chrome77BuyCourseAddFeesAgentDomesticIndivCommFullPaymentTest@215be6bb] depends on not successfully finished methods]]>
            </message>
            <full-stacktrace>
              <![CDATA[java.lang.Throwable: Method Chrome77BuyCourseAddFeesAgentDomesticIndivCommFullPaymentTest.goToCheckout()[pri:0, instance:Unipupil.UniMavenTests.Chrome77BuyCourseAddFeesAgentDomesticIndivCommFullPaymentTest@215be6bb] depends on not successfully finished methods
at org.testng.internal.Invoker.invokeTestMethods(Invoker.java:888)
at org.testng.internal.TestMethodWorker.invokeTestMethods(TestMethodWorker.java:125)
at org.testng.internal.TestMethodWorker.run(TestMethodWorker.java:109)
at org.testng.TestRunner.privateRun(TestRunner.java:648)
at org.testng.TestRunner.run(TestRunner.java:505)
at org.testng.SuiteRunner.runTest(SuiteRunner.java:455)
at org.testng.SuiteRunner.runSequentially(SuiteRunner.java:450)
at org.testng.SuiteRunner.privateRun(SuiteRunner.java:415)
at org.testng.SuiteRunner.run(SuiteRunner.java:364)
at org.testng.SuiteRunnerWorker.runSuite(SuiteRunnerWorker.java:52)
at org.testng.SuiteRunnerWorker.run(SuiteRunnerWorker.java:84)
at org.testng.TestNG.runSuitesSequentially(TestNG.java:1208)
at org.testng.TestNG.runSuitesLocally(TestNG.java:1137)
at org.testng.TestNG.runSuites(TestNG.java:1049)
at org.testng.TestNG.run(TestNG.java:1017)
at org.apache.maven.surefire.testng.TestNGExecutor.run(TestNGExecutor.java:77)
at org.apache.maven.surefire.testng.TestNGDirectoryTestSuite.execute(TestNGDirectoryTestSuite.java:110)
at org.apache.maven.surefire.testng.TestNGProvider.invoke(TestNGProvider.java:106)
at sun.reflect.NativeMethodAccessorImpl.invoke0(Native Method)
at sun.reflect.NativeMethodAccessorImpl.invoke(NativeMethodAccessorImpl.java:62)
at sun.reflect.DelegatingMethodAccessorImpl.invoke(DelegatingMethodAccessorImpl.java:43)
at java.lang.reflect.Method.invoke(Method.java:498)
at org.apache.maven.surefire.util.ReflectionUtils.invokeMethodWithArray(ReflectionUtils.java:189)
at org.apache.maven.surefire.booter.ProviderFactory$ProviderProxy.invoke(ProviderFactory.java:165)
at org.apache.maven.surefire.booter.ProviderFactory.invokeProvider(ProviderFactory.java:85)
at org.apache.maven.surefire.booter.ForkedBooter.runSuitesInProcess(ForkedBooter.java:115)
at org.apache.maven.surefire.booter.ForkedBooter.main(ForkedBooter.java:75)
]]>
            </full-stacktrace>
          </exception> <!-- java.lang.Throwable -->
          <reporter-output>
          </reporter-output>
        </test-method> <!-- goToCheckout -->
        <test-method status="SKIP" signature="checkoutAdditionalFeesTitle()[pri:0, instance:Unipupil.UniMavenTests.Chrome77BuyCourseAddFeesAgentDomesticIndivCommFullPaymentTest@215be6bb]" name="checkoutAdditionalFeesTitle" duration-ms="0" started-at="2020-01-29T16:45:01Z" depends-on-methods="Unipupil.UniMavenTests.Chrome77BuyCourseAddFeesAgentDomesticIndivCommFullPaymentTest.checkoutLineProductName" finished-at="2020-01-29T16:45:01Z">
          <exception class="java.lang.Throwable">
            <message>
              <![CDATA[Method Chrome77BuyCourseAddFeesAgentDomesticIndivCommFullPaymentTest.checkoutAdditionalFeesTitle()[pri:0, instance:Unipupil.UniMavenTests.Chrome77BuyCourseAddFeesAgentDomesticIndivCommFullPaymentTest@215be6bb] depends on not successfully finished methods]]>
            </message>
            <full-stacktrace>
              <![CDATA[java.lang.Throwable: Method Chrome77BuyCourseAddFeesAgentDomesticIndivCommFullPaymentTest.checkoutAdditionalFeesTitle()[pri:0, instance:Unipupil.UniMavenTests.Chrome77BuyCourseAddFeesAgentDomesticIndivCommFullPaymentTest@215be6bb] depends on not successfully finished methods
at org.testng.internal.Invoker.invokeTestMethods(Invoker.java:888)
at org.testng.internal.TestMethodWorker.invokeTestMethods(TestMethodWorker.java:125)
at org.testng.internal.TestMethodWorker.run(TestMethodWorker.java:109)
at org.testng.TestRunner.privateRun(TestRunner.java:648)
at org.testng.TestRunner.run(TestRunner.java:505)
at org.testng.SuiteRunner.runTest(SuiteRunner.java:455)
at org.testng.SuiteRunner.runSequentially(SuiteRunner.java:450)
at org.testng.SuiteRunner.privateRun(SuiteRunner.java:415)
at org.testng.SuiteRunner.run(SuiteRunner.java:364)
at org.testng.SuiteRunnerWorker.runSuite(SuiteRunnerWorker.java:52)
at org.testng.SuiteRunnerWorker.run(SuiteRunnerWorker.java:84)
at org.testng.TestNG.runSuitesSequentially(TestNG.java:1208)
at org.testng.TestNG.runSuitesLocally(TestNG.java:1137)
at org.testng.TestNG.runSuites(TestNG.java:1049)
at org.testng.TestNG.run(TestNG.java:1017)
at org.apache.maven.surefire.testng.TestNGExecutor.run(TestNGExecutor.java:77)
at org.apache.maven.surefire.testng.TestNGDirectoryTestSuite.execute(TestNGDirectoryTestSuite.java:110)
at org.apache.maven.surefire.testng.TestNGProvider.invoke(TestNGProvider.java:106)
at sun.reflect.NativeMethodAccessorImpl.invoke0(Native Method)
at sun.reflect.NativeMethodAccessorImpl.invoke(NativeMethodAccessorImpl.java:62)
at sun.reflect.DelegatingMethodAccessorImpl.invoke(DelegatingMethodAccessorImpl.java:43)
at java.lang.reflect.Method.invoke(Method.java:498)
at org.apache.maven.surefire.util.ReflectionUtils.invokeMethodWithArray(ReflectionUtils.java:189)
at org.apache.maven.surefire.booter.ProviderFactory$ProviderProxy.invoke(ProviderFactory.java:165)
at org.apache.maven.surefire.booter.ProviderFactory.invokeProvider(ProviderFactory.java:85)
at org.apache.maven.surefire.booter.ForkedBooter.runSuitesInProcess(ForkedBooter.java:115)
at org.apache.maven.surefire.booter.ForkedBooter.main(ForkedBooter.java:75)
]]>
            </full-stacktrace>
          </exception> <!-- java.lang.Throwable -->
          <reporter-output>
          </reporter-output>
        </test-method> <!-- checkoutAdditionalFeesTitle -->
        <test-method status="SKIP" signature="checkoutInstitutionTitle()[pri:0, instance:Unipupil.UniMavenTests.Chrome77BuyCourseAddFeesAgentDomesticIndivCommFullPaymentTest@215be6bb]" name="checkoutInstitutionTitle" duration-ms="0" started-at="2020-01-29T16:45:01Z" depends-on-methods="Unipupil.UniMavenTests.Chrome77BuyCourseAddFeesAgentDomesticIndivCommFullPaymentTest.checkoutAdditionalFeesTitle" finished-at="2020-01-29T16:45:01Z">
          <exception class="java.lang.Throwable">
            <message>
              <![CDATA[Method Chrome77BuyCourseAddFeesAgentDomesticIndivCommFullPaymentTest.checkoutInstitutionTitle()[pri:0, instance:Unipupil.UniMavenTests.Chrome77BuyCourseAddFeesAgentDomesticIndivCommFullPaymentTest@215be6bb] depends on not successfully finished methods]]>
            </message>
            <full-stacktrace>
              <![CDATA[java.lang.Throwable: Method Chrome77BuyCourseAddFeesAgentDomesticIndivCommFullPaymentTest.checkoutInstitutionTitle()[pri:0, instance:Unipupil.UniMavenTests.Chrome77BuyCourseAddFeesAgentDomesticIndivCommFullPaymentTest@215be6bb] depends on not successfully finished methods
at org.testng.internal.Invoker.invokeTestMethods(Invoker.java:888)
at org.testng.internal.TestMethodWorker.invokeTestMethods(TestMethodWorker.java:125)
at org.testng.internal.TestMethodWorker.run(TestMethodWorker.java:109)
at org.testng.TestRunner.privateRun(TestRunner.java:648)
at org.testng.TestRunner.run(TestRunner.java:505)
at org.testng.SuiteRunner.runTest(SuiteRunner.java:455)
at org.testng.SuiteRunner.runSequentially(SuiteRunner.java:450)
at org.testng.SuiteRunner.privateRun(SuiteRunner.java:415)
at org.testng.SuiteRunner.run(SuiteRunner.java:364)
at org.testng.SuiteRunnerWorker.runSuite(SuiteRunnerWorker.java:52)
at org.testng.SuiteRunnerWorker.run(SuiteRunnerWorker.java:84)
at org.testng.TestNG.runSuitesSequentially(TestNG.java:1208)
at org.testng.TestNG.runSuitesLocally(TestNG.java:1137)
at org.testng.TestNG.runSuites(TestNG.java:1049)
at org.testng.TestNG.run(TestNG.java:1017)
at org.apache.maven.surefire.testng.TestNGExecutor.run(TestNGExecutor.java:77)
at org.apache.maven.surefire.testng.TestNGDirectoryTestSuite.execute(TestNGDirectoryTestSuite.java:110)
at org.apache.maven.surefire.testng.TestNGProvider.invoke(TestNGProvider.java:106)
at sun.reflect.NativeMethodAccessorImpl.invoke0(Native Method)
at sun.reflect.NativeMethodAccessorImpl.invoke(NativeMethodAccessorImpl.java:62)
at sun.reflect.DelegatingMethodAccessorImpl.invoke(DelegatingMethodAccessorImpl.java:43)
at java.lang.reflect.Method.invoke(Method.java:498)
at org.apache.maven.surefire.util.ReflectionUtils.invokeMethodWithArray(ReflectionUtils.java:189)
at org.apache.maven.surefire.booter.ProviderFactory$ProviderProxy.invoke(ProviderFactory.java:165)
at org.apache.maven.surefire.booter.ProviderFactory.invokeProvider(ProviderFactory.java:85)
at org.apache.maven.surefire.booter.ForkedBooter.runSuitesInProcess(ForkedBooter.java:115)
at org.apache.maven.surefire.booter.ForkedBooter.main(ForkedBooter.java:75)
]]>
            </full-stacktrace>
          </exception> <!-- java.lang.Throwable -->
          <reporter-output>
          </reporter-output>
        </test-method> <!-- checkoutInstitutionTitle -->
        <test-method status="SKIP" signature="checkoutProductUnitPrice()[pri:0, instance:Unipupil.UniMavenTests.Chrome77BuyCourseAddFeesAgentDomesticIndivCommFullPaymentTest@215be6bb]" name="checkoutProductUnitPrice" duration-ms="0" started-at="2020-01-29T16:45:01Z" depends-on-methods="Unipupil.UniMavenTests.Chrome77BuyCourseAddFeesAgentDomesticIndivCommFullPaymentTest.checkoutInstitutionTitle" finished-at="2020-01-29T16:45:01Z">
          <exception class="java.lang.Throwable">
            <message>
              <![CDATA[Method Chrome77BuyCourseAddFeesAgentDomesticIndivCommFullPaymentTest.checkoutProductUnitPrice()[pri:0, instance:Unipupil.UniMavenTests.Chrome77BuyCourseAddFeesAgentDomesticIndivCommFullPaymentTest@215be6bb] depends on not successfully finished methods]]>
            </message>
            <full-stacktrace>
              <![CDATA[java.lang.Throwable: Method Chrome77BuyCourseAddFeesAgentDomesticIndivCommFullPaymentTest.checkoutProductUnitPrice()[pri:0, instance:Unipupil.UniMavenTests.Chrome77BuyCourseAddFeesAgentDomesticIndivCommFullPaymentTest@215be6bb] depends on not successfully finished methods
at org.testng.internal.Invoker.invokeTestMethods(Invoker.java:888)
at org.testng.internal.TestMethodWorker.invokeTestMethods(TestMethodWorker.java:125)
at org.testng.internal.TestMethodWorker.run(TestMethodWorker.java:109)
at org.testng.TestRunner.privateRun(TestRunner.java:648)
at org.testng.TestRunner.run(TestRunner.java:505)
at org.testng.SuiteRunner.runTest(SuiteRunner.java:455)
at org.testng.SuiteRunner.runSequentially(SuiteRunner.java:450)
at org.testng.SuiteRunner.privateRun(SuiteRunner.java:415)
at org.testng.SuiteRunner.run(SuiteRunner.java:364)
at org.testng.SuiteRunnerWorker.runSuite(SuiteRunnerWorker.java:52)
at org.testng.SuiteRunnerWorker.run(SuiteRunnerWorker.java:84)
at org.testng.TestNG.runSuitesSequentially(TestNG.java:1208)
at org.testng.TestNG.runSuitesLocally(TestNG.java:1137)
at org.testng.TestNG.runSuites(TestNG.java:1049)
at org.testng.TestNG.run(TestNG.java:1017)
at org.apache.maven.surefire.testng.TestNGExecutor.run(TestNGExecutor.java:77)
at org.apache.maven.surefire.testng.TestNGDirectoryTestSuite.execute(TestNGDirectoryTestSuite.java:110)
at org.apache.maven.surefire.testng.TestNGProvider.invoke(TestNGProvider.java:106)
at sun.reflect.NativeMethodAccessorImpl.invoke0(Native Method)
at sun.reflect.NativeMethodAccessorImpl.invoke(NativeMethodAccessorImpl.java:62)
at sun.reflect.DelegatingMethodAccessorImpl.invoke(DelegatingMethodAccessorImpl.java:43)
at java.lang.reflect.Method.invoke(Method.java:498)
at org.apache.maven.surefire.util.ReflectionUtils.invokeMethodWithArray(ReflectionUtils.java:189)
at org.apache.maven.surefire.booter.ProviderFactory$ProviderProxy.invoke(ProviderFactory.java:165)
at org.apache.maven.surefire.booter.ProviderFactory.invokeProvider(ProviderFactory.java:85)
at org.apache.maven.surefire.booter.ForkedBooter.runSuitesInProcess(ForkedBooter.java:115)
at org.apache.maven.surefire.booter.ForkedBooter.main(ForkedBooter.java:75)
]]>
            </full-stacktrace>
          </exception> <!-- java.lang.Throwable -->
          <reporter-output>
          </reporter-output>
        </test-method> <!-- checkoutProductUnitPrice -->
        <test-method status="SKIP" signature="checkoutAdditionalFees()[pri:0, instance:Unipupil.UniMavenTests.Chrome77BuyCourseAddFeesAgentDomesticIndivCommFullPaymentTest@215be6bb]" name="checkoutAdditionalFees" duration-ms="0" started-at="2020-01-29T16:45:01Z" depends-on-methods="Unipupil.UniMavenTests.Chrome77BuyCourseAddFeesAgentDomesticIndivCommFullPaymentTest.checkoutLinePrice" finished-at="2020-01-29T16:45:01Z">
          <exception class="java.lang.Throwable">
            <message>
              <![CDATA[Method Chrome77BuyCourseAddFeesAgentDomesticIndivCommFullPaymentTest.checkoutAdditionalFees()[pri:0, instance:Unipupil.UniMavenTests.Chrome77BuyCourseAddFeesAgentDomesticIndivCommFullPaymentTest@215be6bb] depends on not successfully finished methods]]>
            </message>
            <full-stacktrace>
[...]
          <exception class="java.lang.Throwable">
            <message>
              <![CDATA[Method Chrome77BuyCourseAddFeesAgentDomesticIndivCommFullPaymentTest.eduInstitutionPayPalAccountGrossFees()[pri:0, instance:Unipupil.UniMavenTests.Chrome77BuyCourseAddFeesAgentDomesticIndivCommFullPaymentTest@215be6bb] depends on not successfully finished methods]]>
            </message>
            <full-stacktrace>
              <![CDATA[java.lang.Throwable: Method Chrome77BuyCourseAddFeesAgentDomesticIndivCommFullPaymentTest.eduInstitutionPayPalAccountGrossFees()[pri:0, instance:Unipupil.UniMavenTests.Chrome77BuyCourseAddFeesAgentDomesticIndivCommFullPaymentTest@215be6bb] depends on not successfully finished methods
at org.testng.internal.Invoker.invokeTestMethods(Invoker.java:888)
at org.testng.internal.TestMethodWorker.invokeTestMethods(TestMethodWorker.java:125)
at org.testng.internal.TestMethodWorker.run(TestMethodWorker.java:109)
at org.testng.TestRunner.privateRun(TestRunner.java:648)
at org.testng.TestRunner.run(TestRunner.java:505)
at org.testng.SuiteRunner.runTest(SuiteRunner.java:455)
at org.testng.SuiteRunner.runSequentially(SuiteRunner.java:450)
at org.testng.SuiteRunner.privateRun(SuiteRunner.java:415)
at org.testng.SuiteRunner.run(SuiteRunner.java:364)
at org.testng.SuiteRunnerWorker.runSuite(SuiteRunnerWorker.java:52)
at org.testng.SuiteRunnerWorker.run(SuiteRunnerWorker.java:84)
at org.testng.TestNG.runSuitesSequentially(TestNG.java:1208)
at org.testng.TestNG.runSuitesLocally(TestNG.java:1137)
at org.testng.TestNG.runSuites(TestNG.java:1049)
at org.testng.TestNG.run(TestNG.java:1017)
at org.apache.maven.surefire.testng.TestNGExecutor.run(TestNGExecutor.java:77)
at org.apache.maven.surefire.testng.TestNGDirectoryTestSuite.execute(TestNGDirectoryTestSuite.java:110)
at org.apache.maven.surefire.testng.TestNGProvider.invoke(TestNGProvider.java:106)
at sun.reflect.NativeMethodAccessorImpl.invoke0(Native Method)
at sun.reflect.NativeMethodAccessorImpl.invoke(NativeMethodAccessorImpl.java:62)
at sun.reflect.DelegatingMethodAccessorImpl.invoke(DelegatingMethodAccessorImpl.java:43)
at java.lang.reflect.Method.invoke(Method.java:498)
at org.apache.maven.surefire.util.ReflectionUtils.invokeMethodWithArray(ReflectionUtils.java:189)
at org.apache.maven.surefire.booter.ProviderFactory$ProviderProxy.invoke(ProviderFactory.java:165)
at org.apache.maven.surefire.booter.ProviderFactory.invokeProvider(ProviderFactory.java:85)
at org.apache.maven.surefire.booter.ForkedBooter.runSuitesInProcess(ForkedBooter.java:115)
at org.apache.maven.surefire.booter.ForkedBooter.main(ForkedBooter.java:75)
]]>
            </full-stacktrace>
          </exception> <!-- java.lang.Throwable -->
          <reporter-output>
          </reporter-output>
        </test-method> <!-- eduInstitutionPayPalAccountGrossFees -->
        <test-method status="SKIP" signature="agentPayPalAccount()[pri:0, instance:Unipupil.UniMavenTests.Chrome77BuyCourseAddFeesAgentDomesticIndivCommFullPaymentTest@215be6bb]" name="agentPayPalAccount" duration-ms="0" started-at="2020-01-29T16:45:01Z" depends-on-methods="Unipupil.UniMavenTests.Chrome77BuyCourseAddFeesAgentDomesticIndivCommFullPaymentTest.unipupilPayPalAccount" finished-at="2020-01-29T16:45:01Z">
          <exception class="java.lang.Throwable">
            <message>
              <![CDATA[Method Chrome77BuyCourseAddFeesAgentDomesticIndivCommFullPaymentTest.agentPayPalAccount()[pri:0, instance:Unipupil.UniMavenTests.Chrome77BuyCourseAddFeesAgentDomesticIndivCommFullPaymentTest@215be6bb] depends on not successfully finished methods]]>
            </message>
            <full-stacktrace>
              <![CDATA[java.lang.Throwable: Method Chrome77BuyCourseAddFeesAgentDomesticIndivCommFullPaymentTest.agentPayPalAccount()[pri:0, instance:Unipupil.UniMavenTests.Chrome77BuyCourseAddFeesAgentDomesticIndivCommFullPaymentTest@215be6bb] depends on not successfully finished methods
at org.testng.internal.Invoker.invokeTestMethods(Invoker.java:888)
at org.testng.internal.TestMethodWorker.invokeTestMethods(TestMethodWorker.java:125)
at org.testng.internal.TestMethodWorker.run(TestMethodWorker.java:109)
at org.testng.TestRunner.privateRun(TestRunner.java:648)
at org.testng.TestRunner.run(TestRunner.java:505)
at org.testng.SuiteRunner.runTest(SuiteRunner.java:455)
at org.testng.SuiteRunner.runSequentially(SuiteRunner.java:450)
at org.testng.SuiteRunner.privateRun(SuiteRunner.java:415)
at org.testng.SuiteRunner.run(SuiteRunner.java:364)
at org.testng.SuiteRunnerWorker.runSuite(SuiteRunnerWorker.java:52)
at org.testng.SuiteRunnerWorker.run(SuiteRunnerWorker.java:84)
at org.testng.TestNG.runSuitesSequentially(TestNG.java:1208)
at org.testng.TestNG.runSuitesLocally(TestNG.java:1137)
at org.testng.TestNG.runSuites(TestNG.java:1049)
at org.testng.TestNG.run(TestNG.java:1017)
at org.apache.maven.surefire.testng.TestNGExecutor.run(TestNGExecutor.java:77)
at org.apache.maven.surefire.testng.TestNGDirectoryTestSuite.execute(TestNGDirectoryTestSuite.java:110)
at org.apache.maven.surefire.testng.TestNGProvider.invoke(TestNGProvider.java:106)
at sun.reflect.NativeMethodAccessorImpl.invoke0(Native Method)
at sun.reflect.NativeMethodAccessorImpl.invoke(NativeMethodAccessorImpl.java:62)
at sun.reflect.DelegatingMethodAccessorImpl.invoke(DelegatingMethodAccessorImpl.java:43)
at java.lang.reflect.Method.invoke(Method.java:498)
at org.apache.maven.surefire.util.ReflectionUtils.invokeMethodWithArray(ReflectionUtils.java:189)
at org.apache.maven.surefire.booter.ProviderFactory$ProviderProxy.invoke(ProviderFactory.java:165)
at org.apache.maven.surefire.booter.ProviderFactory.invokeProvider(ProviderFactory.java:85)
at org.apache.maven.surefire.booter.ForkedBooter.runSuitesInProcess(ForkedBooter.java:115)
at org.apache.maven.surefire.booter.ForkedBooter.main(ForkedBooter.java:75)
]]>
            </full-stacktrace>
          </exception> <!-- java.lang.Throwable -->
          <reporter-output>
          </reporter-output>
        </test-method> <!-- agentPayPalAccount -->
        <test-method status="SKIP" signature="eduInstitutionPayPalAccountAgentCommission()[pri:0, instance:Unipupil.UniMavenTests.Chrome77BuyCourseAddFeesAgentDomesticIndivCommFullPaymentTest@215be6bb]" name="eduInstitutionPayPalAccountAgentCommission" duration-ms="0" started-at="2020-01-29T16:45:01Z" depends-on-methods="Unipupil.UniMavenTests.Chrome77BuyCourseAddFeesAgentDomesticIndivCommFullPaymentTest.eduInstitutionPayPalAccountGrossFees" finished-at="2020-01-29T16:45:01Z">
          <exception class="java.lang.Throwable">
            <message>
              <![CDATA[Method Chrome77BuyCourseAddFeesAgentDomesticIndivCommFullPaymentTest.eduInstitutionPayPalAccountAgentCommission()[pri:0, instance:Unipupil.UniMavenTests.Chrome77BuyCourseAddFeesAgentDomesticIndivCommFullPaymentTest@215be6bb] depends on not successfully finished methods]]>
            </message>
            <full-stacktrace>
              <![CDATA[java.lang.Throwable: Method Chrome77BuyCourseAddFeesAgentDomesticIndivCommFullPaymentTest.eduInstitutionPayPalAccountAgentCommission()[pri:0, instance:Unipupil.UniMavenTests.Chrome77BuyCourseAddFeesAgentDomesticIndivCommFullPaymentTest@215be6bb] depends on not successfully finished methods
at org.testng.internal.Invoker.invokeTestMethods(Invoker.java:888)
at org.testng.internal.TestMethodWorker.invokeTestMethods(TestMethodWorker.java:125)
at org.testng.internal.TestMethodWorker.run(TestMethodWorker.java:109)
at org.testng.TestRunner.privateRun(TestRunner.java:648)
at org.testng.TestRunner.run(TestRunner.java:505)
at org.testng.SuiteRunner.runTest(SuiteRunner.java:455)
at org.testng.SuiteRunner.runSequentially(SuiteRunner.java:450)
at org.testng.SuiteRunner.privateRun(SuiteRunner.java:415)
at org.testng.SuiteRunner.run(SuiteRunner.java:364)
at org.testng.SuiteRunnerWorker.runSuite(SuiteRunnerWorker.java:52)
at org.testng.SuiteRunnerWorker.run(SuiteRunnerWorker.java:84)
at org.testng.TestNG.runSuitesSequentially(TestNG.java:1208)
at org.testng.TestNG.runSuitesLocally(TestNG.java:1137)
at org.testng.TestNG.runSuites(TestNG.java:1049)
at org.testng.TestNG.run(TestNG.java:1017)
at org.apache.maven.surefire.testng.TestNGExecutor.run(TestNGExecutor.java:77)
at org.apache.maven.surefire.testng.TestNGDirectoryTestSuite.execute(TestNGDirectoryTestSuite.java:110)
at org.apache.maven.surefire.testng.TestNGProvider.invoke(TestNGProvider.java:106)
at sun.reflect.NativeMethodAccessorImpl.invoke0(Native Method)
at sun.reflect.NativeMethodAccessorImpl.invoke(NativeMethodAccessorImpl.java:62)
at sun.reflect.DelegatingMethodAccessorImpl.invoke(DelegatingMethodAccessorImpl.java:43)
at java.lang.reflect.Method.invoke(Method.java:498)
at org.apache.maven.surefire.util.ReflectionUtils.invokeMethodWithArray(ReflectionUtils.java:189)
at org.apache.maven.surefire.booter.ProviderFactory$ProviderProxy.invoke(ProviderFactory.java:165)
at org.apache.maven.surefire.booter.ProviderFactory.invokeProvider(ProviderFactory.java:85)
at org.apache.maven.surefire.booter.ForkedBooter.runSuitesInProcess(ForkedBooter.java:115)
at org.apache.maven.surefire.booter.ForkedBooter.main(ForkedBooter.java:75)
]]>
            </full-stacktrace>
          </exception> <!-- java.lang.Throwable -->
          <reporter-output>
          </reporter-output>
        </test-method> <!-- eduInstitutionPayPalAccountAgentCommission -->
        <test-method status="SKIP" signature="eduInstitutionPaymentStatus()[pri:0, instance:Unipupil.UniMavenTests.Chrome77BuyCourseAddFeesAgentDomesticIndivCommFullPaymentTest@215be6bb]" name="eduInstitutionPaymentStatus" duration-ms="0" started-at="2020-01-29T16:45:01Z" depends-on-methods="Unipupil.UniMavenTests.Chrome77BuyCourseAddFeesAgentDomesticIndivCommFullPaymentTest.agentPayPalAccount" finished-at="2020-01-29T16:45:01Z">
          <exception class="java.lang.Throwable">
            <message>
              <![CDATA[Method Chrome77BuyCourseAddFeesAgentDomesticIndivCommFullPaymentTest.eduInstitutionPaymentStatus()[pri:0, instance:Unipupil.UniMavenTests.Chrome77BuyCourseAddFeesAgentDomesticIndivCommFullPaymentTest@215be6bb] depends on not successfully finished methods]]>
            </message>
            <full-stacktrace>
              <![CDATA[java.lang.Throwable: Method Chrome77BuyCourseAddFeesAgentDomesticIndivCommFullPaymentTest.eduInstitutionPaymentStatus()[pri:0, instance:Unipupil.UniMavenTests.Chrome77BuyCourseAddFeesAgentDomesticIndivCommFullPaymentTest@215be6bb] depends on not successfully finished methods
at org.testng.internal.Invoker.invokeTestMethods(Invoker.java:888)
at org.testng.internal.TestMethodWorker.invokeTestMethods(TestMethodWorker.java:125)
at org.testng.internal.TestMethodWorker.run(TestMethodWorker.java:109)
at org.testng.TestRunner.privateRun(TestRunner.java:648)
at org.testng.TestRunner.run(TestRunner.java:505)
at org.testng.SuiteRunner.runTest(SuiteRunner.java:455)
at org.testng.SuiteRunner.runSequentially(SuiteRunner.java:450)
at org.testng.SuiteRunner.privateRun(SuiteRunner.java:415)
at org.testng.SuiteRunner.run(SuiteRunner.java:364)
at org.testng.SuiteRunnerWorker.runSuite(SuiteRunnerWorker.java:52)
at org.testng.SuiteRunnerWorker.run(SuiteRunnerWorker.java:84)
at org.testng.TestNG.runSuitesSequentially(TestNG.java:1208)
at org.testng.TestNG.runSuitesLocally(TestNG.java:1137)
at org.testng.TestNG.runSuites(TestNG.java:1049)
at org.testng.TestNG.run(TestNG.java:1017)
at org.apache.maven.surefire.testng.TestNGExecutor.run(TestNGExecutor.java:77)
at org.apache.maven.surefire.testng.TestNGDirectoryTestSuite.execute(TestNGDirectoryTestSuite.java:110)
at org.apache.maven.surefire.testng.TestNGProvider.invoke(TestNGProvider.java:106)
at sun.reflect.NativeMethodAccessorImpl.invoke0(Native Method)
at sun.reflect.NativeMethodAccessorImpl.invoke(NativeMethodAccessorImpl.java:62)
at sun.reflect.DelegatingMethodAccessorImpl.invoke(DelegatingMethodAccessorImpl.java:43)
at java.lang.reflect.Method.invoke(Method.java:498)
at org.apache.maven.surefire.util.ReflectionUtils.invokeMethodWithArray(ReflectionUtils.java:189)
at org.apache.maven.surefire.booter.ProviderFactory$ProviderProxy.invoke(ProviderFactory.java:165)
at org.apache.maven.surefire.booter.ProviderFactory.invokeProvider(ProviderFactory.java:85)
at org.apache.maven.surefire.booter.ForkedBooter.runSuitesInProcess(ForkedBooter.java:115)
at org.apache.maven.surefire.booter.ForkedBooter.main(ForkedBooter.java:75)
]]>
            </full-stacktrace>
          </exception> <!-- java.lang.Throwable -->
          <reporter-output>
          </reporter-output>
        </test-method> <!-- eduInstitutionPaymentStatus -->
        <test-method status="SKIP" signature="eduInstitutionPayPalAccountUnipupilCommission()[pri:0, instance:Unipupil.UniMavenTests.Chrome77BuyCourseAddFeesAgentDomesticIndivCommFullPaymentTest@215be6bb]" name="eduInstitutionPayPalAccountUnipupilCommission" duration-ms="0" started-at="2020-01-29T16:45:01Z" depends-on-methods="Unipupil.UniMavenTests.Chrome77BuyCourseAddFeesAgentDomesticIndivCommFullPaymentTest.eduInstitutionPayPalAccountAgentCommission" finished-at="2020-01-29T16:45:01Z">
          <exception class="java.lang.Throwable">
            <message>
              <![CDATA[Method Chrome77BuyCourseAddFeesAgentDomesticIndivCommFullPaymentTest.eduInstitutionPayPalAccountUnipupilCommission()[pri:0, instance:Unipupil.UniMavenTests.Chrome77BuyCourseAddFeesAgentDomesticIndivCommFullPaymentTest@215be6bb] depends on not successfully finished methods]]>
            </message>
            <full-stacktrace>
              <![CDATA[java.lang.Throwable: Method Chrome77BuyCourseAddFeesAgentDomesticIndivCommFullPaymentTest.eduInstitutionPayPalAccountUnipupilCommission()[pri:0, instance:Unipupil.UniMavenTests.Chrome77BuyCourseAddFeesAgentDomesticIndivCommFullPaymentTest@215be6bb] depends on not successfully finished methods
at org.testng.internal.Invoker.invokeTestMethods(Invoker.java:888)
at org.testng.internal.TestMethodWorker.invokeTestMethods(TestMethodWorker.java:125)
at org.testng.internal.TestMethodWorker.run(TestMethodWorker.java:109)
at org.testng.TestRunner.privateRun(TestRunner.java:648)
at org.testng.TestRunner.run(TestRunner.java:505)
at org.testng.SuiteRunner.runTest(SuiteRunner.java:455)
at org.testng.SuiteRunner.runSequentially(SuiteRunner.java:450)
at org.testng.SuiteRunner.privateRun(SuiteRunner.java:415)
at org.testng.SuiteRunner.run(SuiteRunner.java:364)
at org.testng.SuiteRunnerWorker.runSuite(SuiteRunnerWorker.java:52)
at org.testng.SuiteRunnerWorker.run(SuiteRunnerWorker.java:84)
at org.testng.TestNG.runSuitesSequentially(TestNG.java:1208)
at org.testng.TestNG.runSuitesLocally(TestNG.java:1137)
at org.testng.TestNG.runSuites(TestNG.java:1049)
at org.testng.TestNG.run(TestNG.java:1017)
at org.apache.maven.surefire.testng.TestNGExecutor.run(TestNGExecutor.java:77)
at org.apache.maven.surefire.testng.TestNGDirectoryTestSuite.execute(TestNGDirectoryTestSuite.java:110)
at org.apache.maven.surefire.testng.TestNGProvider.invoke(TestNGProvider.java:106)
at sun.reflect.NativeMethodAccessorImpl.invoke0(Native Method)
at sun.reflect.NativeMethodAccessorImpl.invoke(NativeMethodAccessorImpl.java:62)
at sun.reflect.DelegatingMethodAccessorImpl.invoke(DelegatingMethodAccessorImpl.java:43)
at java.lang.reflect.Method.invoke(Method.java:498)
at org.apache.maven.surefire.util.ReflectionUtils.invokeMethodWithArray(ReflectionUtils.java:189)
at org.apache.maven.surefire.booter.ProviderFactory$ProviderProxy.invoke(ProviderFactory.java:165)
at org.apache.maven.surefire.booter.ProviderFactory.invokeProvider(ProviderFactory.java:85)
at org.apache.maven.surefire.booter.ForkedBooter.runSuitesInProcess(ForkedBooter.java:115)
at org.apache.maven.surefire.booter.ForkedBooter.main(ForkedBooter.java:75)
]]>
            </full-stacktrace>
          </exception> <!-- java.lang.Throwable -->
          <reporter-output>
          </reporter-output>
        </test-method> <!-- eduInstitutionPayPalAccountUnipupilCommission -->
        <test-method status="FAIL" signature="shutdown()[pri:0, instance:Unipupil.UniMavenTests.Chrome77BuyCourseAddFeesAgentDomesticIndivCommFullPaymentTest@215be6bb]" name="shutdown" is-config="true" duration-ms="6023" started-at="2020-01-29T16:45:01Z" finished-at="2020-01-29T16:45:07Z">
          <exception class="java.lang.NullPointerException">
            <full-stacktrace>
              <![CDATA[java.lang.NullPointerException
at Unipupil.TestFramework.pageObjects.UnipupilWebPage.login(UnipupilWebPage.java:90)
at Unipupil.UniMavenTests.Chrome77BuyCourseAddFeesAgentDomesticIndivCommFullPaymentTest.shutdown(Chrome77BuyCourseAddFeesAgentDomesticIndivCommFullPaymentTest.java:1308)
at sun.reflect.NativeMethodAccessorImpl.invoke0(Native Method)
at sun.reflect.NativeMethodAccessorImpl.invoke(NativeMethodAccessorImpl.java:62)
at sun.reflect.DelegatingMethodAccessorImpl.invoke(DelegatingMethodAccessorImpl.java:43)
at java.lang.reflect.Method.invoke(Method.java:498)
at org.testng.internal.MethodInvocationHelper.invokeMethod(MethodInvocationHelper.java:124)
at org.testng.internal.MethodInvocationHelper.invokeMethodConsideringTimeout(MethodInvocationHelper.java:59)
at org.testng.internal.Invoker.invokeConfigurationMethod(Invoker.java:458)
at org.testng.internal.Invoker.invokeConfigurations(Invoker.java:222)
at org.testng.internal.Invoker.invokeConfigurations(Invoker.java:142)
at org.testng.TestRunner.afterRun(TestRunner.java:725)
at org.testng.TestRunner.run(TestRunner.java:509)
at org.testng.SuiteRunner.runTest(SuiteRunner.java:455)
at org.testng.SuiteRunner.runSequentially(SuiteRunner.java:450)
at org.testng.SuiteRunner.privateRun(SuiteRunner.java:415)
at org.testng.SuiteRunner.run(SuiteRunner.java:364)
at org.testng.SuiteRunnerWorker.runSuite(SuiteRunnerWorker.java:52)
at org.testng.SuiteRunnerWorker.run(SuiteRunnerWorker.java:84)
at org.testng.TestNG.runSuitesSequentially(TestNG.java:1208)
at org.testng.TestNG.runSuitesLocally(TestNG.java:1137)
at org.testng.TestNG.runSuites(TestNG.java:1049)
at org.testng.TestNG.run(TestNG.java:1017)
at org.apache.maven.surefire.testng.TestNGExecutor.run(TestNGExecutor.java:77)
at org.apache.maven.surefire.testng.TestNGDirectoryTestSuite.execute(TestNGDirectoryTestSuite.java:110)
at org.apache.maven.surefire.testng.TestNGProvider.invoke(TestNGProvider.java:106)
at sun.reflect.NativeMethodAccessorImpl.invoke0(Native Method)
at sun.reflect.NativeMethodAccessorImpl.invoke(NativeMethodAccessorImpl.java:62)
at sun.reflect.DelegatingMethodAccessorImpl.invoke(DelegatingMethodAccessorImpl.java:43)
at java.lang.reflect.Method.invoke(Method.java:498)
at org.apache.maven.surefire.util.ReflectionUtils.invokeMethodWithArray(ReflectionUtils.java:189)
at org.apache.maven.surefire.booter.ProviderFactory$ProviderProxy.invoke(ProviderFactory.java:165)
at org.apache.maven.surefire.booter.ProviderFactory.invokeProvider(ProviderFactory.java:85)
at org.apache.maven.surefire.booter.ForkedBooter.runSuitesInProcess(ForkedBooter.java:115)
at org.apache.maven.surefire.booter.ForkedBooter.main(ForkedBooter.java:75)
]]>
            </full-stacktrace>
          </exception> <!-- java.lang.NullPointerException -->
          <reporter-output>
          </reporter-output>
        </test-method> <!-- shutdown -->
      </class> <!-- Unipupil.UniMavenTests.Chrome77BuyCourseAddFeesAgentDomesticIndivCommFullPaymentTest -->
    </test> <!-- Command line test -->
  </suite> <!-- Unipupil.UniMavenTests.Chrome77BuyCourseAddFeesAgentDomesticIndivCommFullPaymentTest -->
</testng-results>
