<?xml version="1.0" encoding="UTF-8"?>
<testng-results skipped="98" failed="0" ignored="0" total="98" passed="0">
  <reporter-output>
  </reporter-output>
  <suite name="Default suite" duration-ms="1991" started-at="2019-11-22T11:49:07Z" finished-at="2019-11-22T11:49:09Z">
    <groups>
    </groups>
    <test name="Default test" duration-ms="1991" started-at="2019-11-22T11:49:07Z" finished-at="2019-11-22T11:49:09Z">
      <class name="Unipupil.UniMavenTests.Chrome77BuyCourseAddFeesAgentDomesticIndivCommFullPaymentTest">
        <test-method status="FAIL" signature="setup()[pri:0, instance:Unipupil.UniMavenTests.Chrome77BuyCourseAddFeesAgentDomesticIndivCommFullPaymentTest@63753b6d]" name="setup" is-config="true" duration-ms="1672" started-at="2019-11-22T11:49:07Z" finished-at="2019-11-22T11:49:09Z">
          <exception class="java.lang.NullPointerException">
            <full-stacktrace>
              <![CDATA[java.lang.NullPointerException
at java.util.Objects.requireNonNull(Objects.java:203)
at org.openqa.selenium.support.ui.FluentWait.<init>(FluentWait.java:106)
at org.openqa.selenium.support.ui.WebDriverWait.<init>(WebDriverWait.java:85)
at org.openqa.selenium.support.ui.WebDriverWait.<init>(WebDriverWait.java:45)
at Unipupil.TestFramework.pageObjects.LoginPage.<init>(LoginPage.java:48)
at Unipupil.UniMavenTests.Chrome77BuyCourseAddFeesAgentDomesticIndivCommFullPaymentTest.setup(Chrome77BuyCourseAddFeesAgentDomesticIndivCommFullPaymentTest.java:301)
at sun.reflect.NativeMethodAccessorImpl.invoke0(Native Method)
at sun.reflect.NativeMethodAccessorImpl.invoke(NativeMethodAccessorImpl.java:62)
at sun.reflect.DelegatingMethodAccessorImpl.invoke(DelegatingMethodAccessorImpl.java:43)
at java.lang.reflect.Method.invoke(Method.java:498)
at org.testng.internal.MethodInvocationHelper.invokeMethod(MethodInvocationHelper.java:124)
at org.testng.internal.MethodInvocationHelper.invokeMethodConsideringTimeout(MethodInvocationHelper.java:59)
at org.testng.internal.Invoker.invokeConfigurationMethod(Invoker.java:458)
at org.testng.internal.Invoker.invokeConfigurations(Invoker.java:222)
at org.testng.internal.Invoker.invokeConfigurations(Invoker.java:142)
at org.testng.TestRunner.beforeRun(TestRunner.java:529)
at org.testng.TestRunner.run(TestRunner.java:497)
at org.testng.SuiteRunner.runTest(SuiteRunner.java:455)
at org.testng.SuiteRunner.runSequentially(SuiteRunner.java:450)
at org.testng.SuiteRunner.privateRun(SuiteRunner.java:415)
at org.testng.SuiteRunner.run(SuiteRunner.java:364)
at org.testng.SuiteRunnerWorker.runSuite(SuiteRunnerWorker.java:52)
at org.testng.SuiteRunnerWorker.run(SuiteRunnerWorker.java:84)
at org.testng.TestNG.runSuitesSequentially(TestNG.java:1208)
at org.testng.TestNG.runSuitesLocally(TestNG.java:1137)
at org.testng.TestNG.runSuites(TestNG.java:1049)
at org.testng.TestNG.run(TestNG.java:1017)
at org.testng.remote.AbstractRemoteTestNG.run(AbstractRemoteTestNG.java:114)
at org.testng.remote.RemoteTestNG.initAndRun(RemoteTestNG.java:251)
at org.testng.remote.RemoteTestNG.main(RemoteTestNG.java:77)
]]>
            </full-stacktrace>
          </exception> <!-- java.lang.NullPointerException -->
          <reporter-output>
          </reporter-output>
        </test-method> <!-- setup -->
        <test-method status="SKIP" signature="goToHomepage()[pri:0, instance:Unipupil.UniMavenTests.Chrome77BuyCourseAddFeesAgentDomesticIndivCommFullPaymentTest@63753b6d]" name="goToHomepage" duration-ms="0" started-at="2019-11-22T11:49:09Z" finished-at="2019-11-22T11:49:09Z">
          <exception class="java.lang.NullPointerException">
            <full-stacktrace>
              <![CDATA[java.lang.NullPointerException
at java.util.Objects.requireNonNull(Objects.java:203)
at org.openqa.selenium.support.ui.FluentWait.<init>(FluentWait.java:106)
at org.openqa.selenium.support.ui.WebDriverWait.<init>(WebDriverWait.java:85)
at org.openqa.selenium.support.ui.WebDriverWait.<init>(WebDriverWait.java:45)
at Unipupil.TestFramework.pageObjects.LoginPage.<init>(LoginPage.java:48)
at Unipupil.UniMavenTests.Chrome77BuyCourseAddFeesAgentDomesticIndivCommFullPaymentTest.setup(Chrome77BuyCourseAddFeesAgentDomesticIndivCommFullPaymentTest.java:301)
at sun.reflect.NativeMethodAccessorImpl.invoke0(Native Method)
at sun.reflect.NativeMethodAccessorImpl.invoke(NativeMethodAccessorImpl.java:62)
at sun.reflect.DelegatingMethodAccessorImpl.invoke(DelegatingMethodAccessorImpl.java:43)
at java.lang.reflect.Method.invoke(Method.java:498)
at org.testng.internal.MethodInvocationHelper.invokeMethod(MethodInvocationHelper.java:124)
at org.testng.internal.MethodInvocationHelper.invokeMethodConsideringTimeout(MethodInvocationHelper.java:59)
at org.testng.internal.Invoker.invokeConfigurationMethod(Invoker.java:458)
at org.testng.internal.Invoker.invokeConfigurations(Invoker.java:222)
at org.testng.internal.Invoker.invokeConfigurations(Invoker.java:142)
at org.testng.TestRunner.beforeRun(TestRunner.java:529)
at org.testng.TestRunner.run(TestRunner.java:497)
at org.testng.SuiteRunner.runTest(SuiteRunner.java:455)
at org.testng.SuiteRunner.runSequentially(SuiteRunner.java:450)
at org.testng.SuiteRunner.privateRun(SuiteRunner.java:415)
at org.testng.SuiteRunner.run(SuiteRunner.java:364)
at org.testng.SuiteRunnerWorker.runSuite(SuiteRunnerWorker.java:52)
at org.testng.SuiteRunnerWorker.run(SuiteRunnerWorker.java:84)
at org.testng.TestNG.runSuitesSequentially(TestNG.java:1208)
at org.testng.TestNG.runSuitesLocally(TestNG.java:1137)
at org.testng.TestNG.runSuites(TestNG.java:1049)
at org.testng.TestNG.run(TestNG.java:1017)
at org.testng.remote.AbstractRemoteTestNG.run(AbstractRemoteTestNG.java:114)
at org.testng.remote.RemoteTestNG.initAndRun(RemoteTestNG.java:251)
at org.testng.remote.RemoteTestNG.main(RemoteTestNG.java:77)
]]>
            </full-stacktrace>
          </exception> <!-- java.lang.NullPointerException -->
          <reporter-output>
          </reporter-output>
        </test-method> <!-- goToHomepage -->
        <test-method status="SKIP" signature="agreeCookiePolicy()[pri:0, instance:Unipupil.UniMavenTests.Chrome77BuyCourseAddFeesAgentDomesticIndivCommFullPaymentTest@63753b6d]" name="agreeCookiePolicy" duration-ms="0" started-at="2019-11-22T11:49:09Z" depends-on-methods="Unipupil.UniMavenTests.Chrome77BuyCourseAddFeesAgentDomesticIndivCommFullPaymentTest.goToHomepage" finished-at="2019-11-22T11:49:09Z">
          <exception class="java.lang.Throwable">
            <message>
              <![CDATA[Method Chrome77BuyCourseAddFeesAgentDomesticIndivCommFullPaymentTest.agreeCookiePolicy()[pri:0, instance:Unipupil.UniMavenTests.Chrome77BuyCourseAddFeesAgentDomesticIndivCommFullPaymentTest@63753b6d] depends on not successfully finished methods]]>
            </message>
            <full-stacktrace>
              <![CDATA[java.lang.Throwable: Method Chrome77BuyCourseAddFeesAgentDomesticIndivCommFullPaymentTest.agreeCookiePolicy()[pri:0, instance:Unipupil.UniMavenTests.Chrome77BuyCourseAddFeesAgentDomesticIndivCommFullPaymentTest@63753b6d] depends on not successfully finished methods
at org.testng.internal.Invoker.invokeTestMethods(Invoker.java:888)
at org.testng.internal.TestMethodWorker.invokeTestMethods(TestMethodWorker.java:125)
at org.testng.internal.TestMethodWorker.run(TestMethodWorker.java:109)
at org.testng.TestRunner.privateRun(TestRunner.java:648)
at org.testng.TestRunner.run(TestRunner.java:505)
at org.testng.SuiteRunner.runTest(SuiteRunner.java:455)
at org.testng.SuiteRunner.runSequentially(SuiteRunner.java:450)
at org.testng.SuiteRunner.privateRun(SuiteRunner.java:415)
at org.testng.SuiteRunner.run(SuiteRunner.java:364)
at org.testng.SuiteRunnerWorker.runSuite(SuiteRunnerWorker.java:52)
at org.testng.SuiteRunnerWorker.run(SuiteRunnerWorker.java:84)
at org.testng.TestNG.runSuitesSequentially(TestNG.java:1208)
at org.testng.TestNG.runSuitesLocally(TestNG.java:1137)
at org.testng.TestNG.runSuites(TestNG.java:1049)
at org.testng.TestNG.run(TestNG.java:1017)
at org.testng.remote.AbstractRemoteTestNG.run(AbstractRemoteTestNG.java:114)
at org.testng.remote.RemoteTestNG.initAndRun(RemoteTestNG.java:251)
at org.testng.remote.RemoteTestNG.main(RemoteTestNG.java:77)
]]>
            </full-stacktrace>
          </exception> <!-- java.lang.Throwable -->
          <reporter-output>
          </reporter-output>
        </test-method> <!-- agreeCookiePolicy -->
        <test-method status="SKIP" signature="institutionLogin()[pri:0, instance:Unipupil.UniMavenTests.Chrome77BuyCourseAddFeesAgentDomesticIndivCommFullPaymentTest@63753b6d]" name="institutionLogin" duration-ms="1" started-at="2019-11-22T11:49:09Z" depends-on-methods="Unipupil.UniMavenTests.Chrome77BuyCourseAddFeesAgentDomesticIndivCommFullPaymentTest.agreeCookiePolicy" finished-at="2019-11-22T11:49:09Z">
          <exception class="java.lang.Throwable">
            <message>
              <![CDATA[Method Chrome77BuyCourseAddFeesAgentDomesticIndivCommFullPaymentTest.institutionLogin()[pri:0, instance:Unipupil.UniMavenTests.Chrome77BuyCourseAddFeesAgentDomesticIndivCommFullPaymentTest@63753b6d] depends on not successfully finished methods]]>
            </message>
            <full-stacktrace>
              <![CDATA[java.lang.Throwable: Method Chrome77BuyCourseAddFeesAgentDomesticIndivCommFullPaymentTest.institutionLogin()[pri:0, instance:Unipupil.UniMavenTests.Chrome77BuyCourseAddFeesAgentDomesticIndivCommFullPaymentTest@63753b6d] depends on not successfully finished methods
at org.testng.internal.Invoker.invokeTestMethods(Invoker.java:888)
at org.testng.internal.TestMethodWorker.invokeTestMethods(TestMethodWorker.java:125)
at org.testng.internal.TestMethodWorker.run(TestMethodWorker.java:109)
at org.testng.TestRunner.privateRun(TestRunner.java:648)
at org.testng.TestRunner.run(TestRunner.java:505)
at org.testng.SuiteRunner.runTest(SuiteRunner.java:455)
at org.testng.SuiteRunner.runSequentially(SuiteRunner.java:450)
at org.testng.SuiteRunner.privateRun(SuiteRunner.java:415)
at org.testng.SuiteRunner.run(SuiteRunner.java:364)
at org.testng.SuiteRunnerWorker.runSuite(SuiteRunnerWorker.java:52)
at org.testng.SuiteRunnerWorker.run(SuiteRunnerWorker.java:84)
at org.testng.TestNG.runSuitesSequentially(TestNG.java:1208)
at org.testng.TestNG.runSuitesLocally(TestNG.java:1137)
at org.testng.TestNG.runSuites(TestNG.java:1049)
at org.testng.TestNG.run(TestNG.java:1017)
at org.testng.remote.AbstractRemoteTestNG.run(AbstractRemoteTestNG.java:114)
at org.testng.remote.RemoteTestNG.initAndRun(RemoteTestNG.java:251)
at org.testng.remote.RemoteTestNG.main(RemoteTestNG.java:77)
]]>
            </full-stacktrace>
          </exception> <!-- java.lang.Throwable -->
          <reporter-output>
          </reporter-output>
        </test-method> <!-- institutionLogin -->
        <test-method status="SKIP" signature="enterInstitutionLoginDetails()[pri:0, instance:Unipupil.UniMavenTests.Chrome77BuyCourseAddFeesAgentDomesticIndivCommFullPaymentTest@63753b6d]" name="enterInstitutionLoginDetails" duration-ms="0" started-at="2019-11-22T11:49:09Z" depends-on-methods="Unipupil.UniMavenTests.Chrome77BuyCourseAddFeesAgentDomesticIndivCommFullPaymentTest.institutionLogin" finished-at="2019-11-22T11:49:09Z">
          <exception class="java.lang.Throwable">
            <message>
              <![CDATA[Method Chrome77BuyCourseAddFeesAgentDomesticIndivCommFullPaymentTest.enterInstitutionLoginDetails()[pri:0, instance:Unipupil.UniMavenTests.Chrome77BuyCourseAddFeesAgentDomesticIndivCommFullPaymentTest@63753b6d] depends on not successfully finished methods]]>
            </message>
            <full-stacktrace>
              <![CDATA[java.lang.Throwable: Method Chrome77BuyCourseAddFeesAgentDomesticIndivCommFullPaymentTest.enterInstitutionLoginDetails()[pri:0, instance:Unipupil.UniMavenTests.Chrome77BuyCourseAddFeesAgentDomesticIndivCommFullPaymentTest@63753b6d] depends on not successfully finished methods
at org.testng.internal.Invoker.invokeTestMethods(Invoker.java:888)
at org.testng.internal.TestMethodWorker.invokeTestMethods(TestMethodWorker.java:125)
at org.testng.internal.TestMethodWorker.run(TestMethodWorker.java:109)
at org.testng.TestRunner.privateRun(TestRunner.java:648)
at org.testng.TestRunner.run(TestRunner.java:505)
at org.testng.SuiteRunner.runTest(SuiteRunner.java:455)
at org.testng.SuiteRunner.runSequentially(SuiteRunner.java:450)
at org.testng.SuiteRunner.privateRun(SuiteRunner.java:415)
at org.testng.SuiteRunner.run(SuiteRunner.java:364)
at org.testng.SuiteRunnerWorker.runSuite(SuiteRunnerWorker.java:52)
at org.testng.SuiteRunnerWorker.run(SuiteRunnerWorker.java:84)
at org.testng.TestNG.runSuitesSequentially(TestNG.java:1208)
at org.testng.TestNG.runSuitesLocally(TestNG.java:1137)
at org.testng.TestNG.runSuites(TestNG.java:1049)
at org.testng.TestNG.run(TestNG.java:1017)
at org.testng.remote.AbstractRemoteTestNG.run(AbstractRemoteTestNG.java:114)
at org.testng.remote.RemoteTestNG.initAndRun(RemoteTestNG.java:251)
at org.testng.remote.RemoteTestNG.main(RemoteTestNG.java:77)
]]>
            </full-stacktrace>
          </exception> <!-- java.lang.Throwable -->
          <reporter-output>
          </reporter-output>
        </test-method> <!-- enterInstitutionLoginDetails -->
        <test-method status="SKIP" signature="getCourseList()[pri:0, instance:Unipupil.UniMavenTests.Chrome77BuyCourseAddFeesAgentDomesticIndivCommFullPaymentTest@63753b6d]" name="getCourseList" duration-ms="0" started-at="2019-11-22T11:49:09Z" depends-on-methods="Unipupil.UniMavenTests.Chrome77BuyCourseAddFeesAgentDomesticIndivCommFullPaymentTest.enterInstitutionLoginDetails" finished-at="2019-11-22T11:49:09Z">
          <exception class="java.lang.Throwable">
            <message>
              <![CDATA[Method Chrome77BuyCourseAddFeesAgentDomesticIndivCommFullPaymentTest.getCourseList()[pri:0, instance:Unipupil.UniMavenTests.Chrome77BuyCourseAddFeesAgentDomesticIndivCommFullPaymentTest@63753b6d] depends on not successfully finished methods]]>
            </message>
            <full-stacktrace>
              <![CDATA[java.lang.Throwable: Method Chrome77BuyCourseAddFeesAgentDomesticIndivCommFullPaymentTest.getCourseList()[pri:0, instance:Unipupil.UniMavenTests.Chrome77BuyCourseAddFeesAgentDomesticIndivCommFullPaymentTest@63753b6d] depends on not successfully finished methods
at org.testng.internal.Invoker.invokeTestMethods(Invoker.java:888)
at org.testng.internal.TestMethodWorker.invokeTestMethods(TestMethodWorker.java:125)
at org.testng.internal.TestMethodWorker.run(TestMethodWorker.java:109)
at org.testng.TestRunner.privateRun(TestRunner.java:648)
at org.testng.TestRunner.run(TestRunner.java:505)
at org.testng.SuiteRunner.runTest(SuiteRunner.java:455)
at org.testng.SuiteRunner.runSequentially(SuiteRunner.java:450)
at org.testng.SuiteRunner.privateRun(SuiteRunner.java:415)
at org.testng.SuiteRunner.run(SuiteRunner.java:364)
at org.testng.SuiteRunnerWorker.runSuite(SuiteRunnerWorker.java:52)
at org.testng.SuiteRunnerWorker.run(SuiteRunnerWorker.java:84)
at org.testng.TestNG.runSuitesSequentially(TestNG.java:1208)
at org.testng.TestNG.runSuitesLocally(TestNG.java:1137)
at org.testng.TestNG.runSuites(TestNG.java:1049)
at org.testng.TestNG.run(TestNG.java:1017)
at org.testng.remote.AbstractRemoteTestNG.run(AbstractRemoteTestNG.java:114)
at org.testng.remote.RemoteTestNG.initAndRun(RemoteTestNG.java:251)
at org.testng.remote.RemoteTestNG.main(RemoteTestNG.java:77)
]]>
            </full-stacktrace>
          </exception> <!-- java.lang.Throwable -->
          <reporter-output>
          </reporter-output>
        </test-method> <!-- getCourseList -->
        <test-method status="SKIP" signature="goToCourseEditPage()[pri:0, instance:Unipupil.UniMavenTests.Chrome77BuyCourseAddFeesAgentDomesticIndivCommFullPaymentTest@63753b6d]" name="goToCourseEditPage" duration-ms="0" started-at="2019-11-22T11:49:09Z" depends-on-methods="Unipupil.UniMavenTests.Chrome77BuyCourseAddFeesAgentDomesticIndivCommFullPaymentTest.getCourseList" finished-at="2019-11-22T11:49:09Z">
          <exception class="java.lang.Throwable">
            <message>
              <![CDATA[Method Chrome77BuyCourseAddFeesAgentDomesticIndivCommFullPaymentTest.goToCourseEditPage()[pri:0, instance:Unipupil.UniMavenTests.Chrome77BuyCourseAddFeesAgentDomesticIndivCommFullPaymentTest@63753b6d] depends on not successfully finished methods]]>
            </message>
            <full-stacktrace>
              <![CDATA[java.lang.Throwable: Method Chrome77BuyCourseAddFeesAgentDomesticIndivCommFullPaymentTest.goToCourseEditPage()[pri:0, instance:Unipupil.UniMavenTests.Chrome77BuyCourseAddFeesAgentDomesticIndivCommFullPaymentTest@63753b6d] depends on not successfully finished methods
at org.testng.internal.Invoker.invokeTestMethods(Invoker.java:888)
at org.testng.internal.TestMethodWorker.invokeTestMethods(TestMethodWorker.java:125)
at org.testng.internal.TestMethodWorker.run(TestMethodWorker.java:109)
at org.testng.TestRunner.privateRun(TestRunner.java:648)
at org.testng.TestRunner.run(TestRunner.java:505)
at org.testng.SuiteRunner.runTest(SuiteRunner.java:455)
at org.testng.SuiteRunner.runSequentially(SuiteRunner.java:450)
at org.testng.SuiteRunner.privateRun(SuiteRunner.java:415)
at org.testng.SuiteRunner.run(SuiteRunner.java:364)
at org.testng.SuiteRunnerWorker.runSuite(SuiteRunnerWorker.java:52)
at org.testng.SuiteRunnerWorker.run(SuiteRunnerWorker.java:84)
at org.testng.TestNG.runSuitesSequentially(TestNG.java:1208)
at org.testng.TestNG.runSuitesLocally(TestNG.java:1137)
at org.testng.TestNG.runSuites(TestNG.java:1049)
at org.testng.TestNG.run(TestNG.java:1017)
at org.testng.remote.AbstractRemoteTestNG.run(AbstractRemoteTestNG.java:114)
at org.testng.remote.RemoteTestNG.initAndRun(RemoteTestNG.java:251)
at org.testng.remote.RemoteTestNG.main(RemoteTestNG.java:77)
]]>
            </full-stacktrace>
          </exception> <!-- java.lang.Throwable -->
          <reporter-output>
          </reporter-output>
        </test-method> <!-- goToCourseEditPage -->
        <test-method status="SKIP" signature="getCourseFees()[pri:0, instance:Unipupil.UniMavenTests.Chrome77BuyCourseAddFeesAgentDomesticIndivCommFullPaymentTest@63753b6d]" name="getCourseFees" duration-ms="0" started-at="2019-11-22T11:49:09Z" depends-on-methods="Unipupil.UniMavenTests.Chrome77BuyCourseAddFeesAgentDomesticIndivCommFullPaymentTest.goToCourseEditPage" finished-at="2019-11-22T11:49:09Z">
          <exception class="java.lang.Throwable">
            <message>
              <![CDATA[Method Chrome77BuyCourseAddFeesAgentDomesticIndivCommFullPaymentTest.getCourseFees()[pri:0, instance:Unipupil.UniMavenTests.Chrome77BuyCourseAddFeesAgentDomesticIndivCommFullPaymentTest@63753b6d] depends on not successfully finished methods]]>
            </message>
            <full-stacktrace>
              <![CDATA[java.lang.Throwable: Method Chrome77BuyCourseAddFeesAgentDomesticIndivCommFullPaymentTest.getCourseFees()[pri:0, instance:Unipupil.UniMavenTests.Chrome77BuyCourseAddFeesAgentDomesticIndivCommFullPaymentTest@63753b6d] depends on not successfully finished methods
at org.testng.internal.Invoker.invokeTestMethods(Invoker.java:888)
at org.testng.internal.TestMethodWorker.invokeTestMethods(TestMethodWorker.java:125)
at org.testng.internal.TestMethodWorker.run(TestMethodWorker.java:109)
at org.testng.TestRunner.privateRun(TestRunner.java:648)
at org.testng.TestRunner.run(TestRunner.java:505)
at org.testng.SuiteRunner.runTest(SuiteRunner.java:455)
at org.testng.SuiteRunner.runSequentially(SuiteRunner.java:450)
at org.testng.SuiteRunner.privateRun(SuiteRunner.java:415)
at org.testng.SuiteRunner.run(SuiteRunner.java:364)
at org.testng.SuiteRunnerWorker.runSuite(SuiteRunnerWorker.java:52)
at org.testng.SuiteRunnerWorker.run(SuiteRunnerWorker.java:84)
at org.testng.TestNG.runSuitesSequentially(TestNG.java:1208)
at org.testng.TestNG.runSuitesLocally(TestNG.java:1137)
at org.testng.TestNG.runSuites(TestNG.java:1049)
at org.testng.TestNG.run(TestNG.java:1017)
at org.testng.remote.AbstractRemoteTestNG.run(AbstractRemoteTestNG.java:114)
at org.testng.remote.RemoteTestNG.initAndRun(RemoteTestNG.java:251)
at org.testng.remote.RemoteTestNG.main(RemoteTestNG.java:77)
]]>
            </full-stacktrace>
          </exception> <!-- java.lang.Throwable -->
          <reporter-output>
          </reporter-output>
        </test-method> <!-- getCourseFees -->
        <test-method status="SKIP" signature="institutionLogout()[pri:0, instance:Unipupil.UniMavenTests.Chrome77BuyCourseAddFeesAgentDomesticIndivCommFullPaymentTest@63753b6d]" name="institutionLogout" duration-ms="0" started-at="2019-11-22T11:49:09Z" depends-on-methods="Unipupil.UniMavenTests.Chrome77BuyCourseAddFeesAgentDomesticIndivCommFullPaymentTest.getCourseFees" finished-at="2019-11-22T11:49:09Z">
          <exception class="java.lang.Throwable">
            <message>
              <![CDATA[Method Chrome77BuyCourseAddFeesAgentDomesticIndivCommFullPaymentTest.institutionLogout()[pri:0, instance:Unipupil.UniMavenTests.Chrome77BuyCourseAddFeesAgentDomesticIndivCommFullPaymentTest@63753b6d] depends on not successfully finished methods]]>
            </message>
            <full-stacktrace>
              <![CDATA[java.lang.Throwable: Method Chrome77BuyCourseAddFeesAgentDomesticIndivCommFullPaymentTest.institutionLogout()[pri:0, instance:Unipupil.UniMavenTests.Chrome77BuyCourseAddFeesAgentDomesticIndivCommFullPaymentTest@63753b6d] depends on not successfully finished methods
at org.testng.internal.Invoker.invokeTestMethods(Invoker.java:888)
at org.testng.internal.TestMethodWorker.invokeTestMethods(TestMethodWorker.java:125)
at org.testng.internal.TestMethodWorker.run(TestMethodWorker.java:109)
at org.testng.TestRunner.privateRun(TestRunner.java:648)
at org.testng.TestRunner.run(TestRunner.java:505)
at org.testng.SuiteRunner.runTest(SuiteRunner.java:455)
at org.testng.SuiteRunner.runSequentially(SuiteRunner.java:450)
at org.testng.SuiteRunner.privateRun(SuiteRunner.java:415)
at org.testng.SuiteRunner.run(SuiteRunner.java:364)
at org.testng.SuiteRunnerWorker.runSuite(SuiteRunnerWorker.java:52)
at org.testng.SuiteRunnerWorker.run(SuiteRunnerWorker.java:84)
at org.testng.TestNG.runSuitesSequentially(TestNG.java:1208)
at org.testng.TestNG.runSuitesLocally(TestNG.java:1137)
at org.testng.TestNG.runSuites(TestNG.java:1049)
at org.testng.TestNG.run(TestNG.java:1017)
at org.testng.remote.AbstractRemoteTestNG.run(AbstractRemoteTestNG.java:114)
at org.testng.remote.RemoteTestNG.initAndRun(RemoteTestNG.java:251)
at org.testng.remote.RemoteTestNG.main(RemoteTestNG.java:77)
]]>
            </full-stacktrace>
          </exception> <!-- java.lang.Throwable -->
          <reporter-output>
          </reporter-output>
        </test-method> <!-- institutionLogout -->
        <test-method status="SKIP" signature="studentLogin()[pri:0, instance:Unipupil.UniMavenTests.Chrome77BuyCourseAddFeesAgentDomesticIndivCommFullPaymentTest@63753b6d]" name="studentLogin" duration-ms="0" started-at="2019-11-22T11:49:09Z" depends-on-methods="Unipupil.UniMavenTests.Chrome77BuyCourseAddFeesAgentDomesticIndivCommFullPaymentTest.institutionLogout" finished-at="2019-11-22T11:49:09Z">
          <exception class="java.lang.Throwable">
            <message>
              <![CDATA[Method Chrome77BuyCourseAddFeesAgentDomesticIndivCommFullPaymentTest.studentLogin()[pri:0, instance:Unipupil.UniMavenTests.Chrome77BuyCourseAddFeesAgentDomesticIndivCommFullPaymentTest@63753b6d] depends on not successfully finished methods]]>
            </message>
            <full-stacktrace>
              <![CDATA[java.lang.Throwable: Method Chrome77BuyCourseAddFeesAgentDomesticIndivCommFullPaymentTest.studentLogin()[pri:0, instance:Unipupil.UniMavenTests.Chrome77BuyCourseAddFeesAgentDomesticIndivCommFullPaymentTest@63753b6d] depends on not successfully finished methods
at org.testng.internal.Invoker.invokeTestMethods(Invoker.java:888)
at org.testng.internal.TestMethodWorker.invokeTestMethods(TestMethodWorker.java:125)
at org.testng.internal.TestMethodWorker.run(TestMethodWorker.java:109)
at org.testng.TestRunner.privateRun(TestRunner.java:648)
at org.testng.TestRunner.run(TestRunner.java:505)
at org.testng.SuiteRunner.runTest(SuiteRunner.java:455)
at org.testng.SuiteRunner.runSequentially(SuiteRunner.java:450)
at org.testng.SuiteRunner.privateRun(SuiteRunner.java:415)
at org.testng.SuiteRunner.run(SuiteRunner.java:364)
at org.testng.SuiteRunnerWorker.runSuite(SuiteRunnerWorker.java:52)
at org.testng.SuiteRunnerWorker.run(SuiteRunnerWorker.java:84)
at org.testng.TestNG.runSuitesSequentially(TestNG.java:1208)
at org.testng.TestNG.runSuitesLocally(TestNG.java:1137)
at org.testng.TestNG.runSuites(TestNG.java:1049)
at org.testng.TestNG.run(TestNG.java:1017)
at org.testng.remote.AbstractRemoteTestNG.run(AbstractRemoteTestNG.java:114)
at org.testng.remote.RemoteTestNG.initAndRun(RemoteTestNG.java:251)
at org.testng.remote.RemoteTestNG.main(RemoteTestNG.java:77)
]]>
            </full-stacktrace>
          </exception> <!-- java.lang.Throwable -->
          <reporter-output>
          </reporter-output>
        </test-method> <!-- studentLogin -->
        <test-method status="SKIP" signature="enterStudentLoginDetails()[pri:0, instance:Unipupil.UniMavenTests.Chrome77BuyCourseAddFeesAgentDomesticIndivCommFullPaymentTest@63753b6d]" name="enterStudentLoginDetails" duration-ms="0" started-at="2019-11-22T11:49:09Z" depends-on-methods="Unipupil.UniMavenTests.Chrome77BuyCourseAddFeesAgentDomesticIndivCommFullPaymentTest.studentLogin" finished-at="2019-11-22T11:49:09Z">
          <exception class="java.lang.Throwable">
            <message>
              <![CDATA[Method Chrome77BuyCourseAddFeesAgentDomesticIndivCommFullPaymentTest.enterStudentLoginDetails()[pri:0, instance:Unipupil.UniMavenTests.Chrome77BuyCourseAddFeesAgentDomesticIndivCommFullPaymentTest@63753b6d] depends on not successfully finished methods]]>
            </message>
            <full-stacktrace>
              <![CDATA[java.lang.Throwable: Method Chrome77BuyCourseAddFeesAgentDomesticIndivCommFullPaymentTest.enterStudentLoginDetails()[pri:0, instance:Unipupil.UniMavenTests.Chrome77BuyCourseAddFeesAgentDomesticIndivCommFullPaymentTest@63753b6d] depends on not successfully finished methods
at org.testng.internal.Invoker.invokeTestMethods(Invoker.java:888)
at org.testng.internal.TestMethodWorker.invokeTestMethods(TestMethodWorker.java:125)
at org.testng.internal.TestMethodWorker.run(TestMethodWorker.java:109)
at org.testng.TestRunner.privateRun(TestRunner.java:648)
at org.testng.TestRunner.run(TestRunner.java:505)
at org.testng.SuiteRunner.runTest(SuiteRunner.java:455)
at org.testng.SuiteRunner.runSequentially(SuiteRunner.java:450)
at org.testng.SuiteRunner.privateRun(SuiteRunner.java:415)
at org.testng.SuiteRunner.run(SuiteRunner.java:364)
at org.testng.SuiteRunnerWorker.runSuite(SuiteRunnerWorker.java:52)
at org.testng.SuiteRunnerWorker.run(SuiteRunnerWorker.java:84)
at org.testng.TestNG.runSuitesSequentially(TestNG.java:1208)
at org.testng.TestNG.runSuitesLocally(TestNG.java:1137)
at org.testng.TestNG.runSuites(TestNG.java:1049)
at org.testng.TestNG.run(TestNG.java:1017)
at org.testng.remote.AbstractRemoteTestNG.run(AbstractRemoteTestNG.java:114)
at org.testng.remote.RemoteTestNG.initAndRun(RemoteTestNG.java:251)
at org.testng.remote.RemoteTestNG.main(RemoteTestNG.java:77)
]]>
            </full-stacktrace>
          </exception> <!-- java.lang.Throwable -->
          <reporter-output>
          </reporter-output>
        </test-method> <!-- enterStudentLoginDetails -->
        <test-method status="SKIP" signature="findInstitution()[pri:0, instance:Unipupil.UniMavenTests.Chrome77BuyCourseAddFeesAgentDomesticIndivCommFullPaymentTest@63753b6d]" name="findInstitution" duration-ms="0" started-at="2019-11-22T11:49:09Z" depends-on-methods="Unipupil.UniMavenTests.Chrome77BuyCourseAddFeesAgentDomesticIndivCommFullPaymentTest.enterStudentLoginDetails" finished-at="2019-11-22T11:49:09Z">
          <exception class="java.lang.Throwable">
            <message>
              <![CDATA[Method Chrome77BuyCourseAddFeesAgentDomesticIndivCommFullPaymentTest.findInstitution()[pri:0, instance:Unipupil.UniMavenTests.Chrome77BuyCourseAddFeesAgentDomesticIndivCommFullPaymentTest@63753b6d] depends on not successfully finished methods]]>
            </message>
            <full-stacktrace>
              <![CDATA[java.lang.Throwable: Method Chrome77BuyCourseAddFeesAgentDomesticIndivCommFullPaymentTest.findInstitution()[pri:0, instance:Unipupil.UniMavenTests.Chrome77BuyCourseAddFeesAgentDomesticIndivCommFullPaymentTest@63753b6d] depends on not successfully finished methods
at org.testng.internal.Invoker.invokeTestMethods(Invoker.java:888)
at org.testng.internal.TestMethodWorker.invokeTestMethods(TestMethodWorker.java:125)
at org.testng.internal.TestMethodWorker.run(TestMethodWorker.java:109)
at org.testng.TestRunner.privateRun(TestRunner.java:648)
at org.testng.TestRunner.run(TestRunner.java:505)
at org.testng.SuiteRunner.runTest(SuiteRunner.java:455)
at org.testng.SuiteRunner.runSequentially(SuiteRunner.java:450)
at org.testng.SuiteRunner.privateRun(SuiteRunner.java:415)
at org.testng.SuiteRunner.run(SuiteRunner.java:364)
at org.testng.SuiteRunnerWorker.runSuite(SuiteRunnerWorker.java:52)
at org.testng.SuiteRunnerWorker.run(SuiteRunnerWorker.java:84)
at org.testng.TestNG.runSuitesSequentially(TestNG.java:1208)
at org.testng.TestNG.runSuitesLocally(TestNG.java:1137)
at org.testng.TestNG.runSuites(TestNG.java:1049)
at org.testng.TestNG.run(TestNG.java:1017)
at org.testng.remote.AbstractRemoteTestNG.run(AbstractRemoteTestNG.java:114)
at org.testng.remote.RemoteTestNG.initAndRun(RemoteTestNG.java:251)
at org.testng.remote.RemoteTestNG.main(RemoteTestNG.java:77)
]]>
            </full-stacktrace>
          </exception> <!-- java.lang.Throwable -->
          <reporter-output>
          </reporter-output>
        </test-method> <!-- findInstitution -->
        <test-method status="SKIP" signature="selectInstitution()[pri:0, instance:Unipupil.UniMavenTests.Chrome77BuyCourseAddFeesAgentDomesticIndivCommFullPaymentTest@63753b6d]" name="selectInstitution" duration-ms="0" started-at="2019-11-22T11:49:09Z" depends-on-methods="Unipupil.UniMavenTests.Chrome77BuyCourseAddFeesAgentDomesticIndivCommFullPaymentTest.findInstitution" finished-at="2019-11-22T11:49:09Z">
          <exception class="java.lang.Throwable">
            <message>
              <![CDATA[Method Chrome77BuyCourseAddFeesAgentDomesticIndivCommFullPaymentTest.selectInstitution()[pri:0, instance:Unipupil.UniMavenTests.Chrome77BuyCourseAddFeesAgentDomesticIndivCommFullPaymentTest@63753b6d] depends on not successfully finished methods]]>
            </message>
            <full-stacktrace>
              <![CDATA[java.lang.Throwable: Method Chrome77BuyCourseAddFeesAgentDomesticIndivCommFullPaymentTest.selectInstitution()[pri:0, instance:Unipupil.UniMavenTests.Chrome77BuyCourseAddFeesAgentDomesticIndivCommFullPaymentTest@63753b6d] depends on not successfully finished methods
at org.testng.internal.Invoker.invokeTestMethods(Invoker.java:888)
at org.testng.internal.TestMethodWorker.invokeTestMethods(TestMethodWorker.java:125)
at org.testng.internal.TestMethodWorker.run(TestMethodWorker.java:109)
at org.testng.TestRunner.privateRun(TestRunner.java:648)
at org.testng.TestRunner.run(TestRunner.java:505)
at org.testng.SuiteRunner.runTest(SuiteRunner.java:455)
at org.testng.SuiteRunner.runSequentially(SuiteRunner.java:450)
at org.testng.SuiteRunner.privateRun(SuiteRunner.java:415)
at org.testng.SuiteRunner.run(SuiteRunner.java:364)
at org.testng.SuiteRunnerWorker.runSuite(SuiteRunnerWorker.java:52)
at org.testng.SuiteRunnerWorker.run(SuiteRunnerWorker.java:84)
at org.testng.TestNG.runSuitesSequentially(TestNG.java:1208)
at org.testng.TestNG.runSuitesLocally(TestNG.java:1137)
at org.testng.TestNG.runSuites(TestNG.java:1049)
at org.testng.TestNG.run(TestNG.java:1017)
at org.testng.remote.AbstractRemoteTestNG.run(AbstractRemoteTestNG.java:114)
at org.testng.remote.RemoteTestNG.initAndRun(RemoteTestNG.java:251)
at org.testng.remote.RemoteTestNG.main(RemoteTestNG.java:77)
]]>
            </full-stacktrace>
          </exception> <!-- java.lang.Throwable -->
          <reporter-output>
          </reporter-output>
        </test-method> <!-- selectInstitution -->
        <test-method status="SKIP" signature="selectCourse()[pri:0, instance:Unipupil.UniMavenTests.Chrome77BuyCourseAddFeesAgentDomesticIndivCommFullPaymentTest@63753b6d]" name="selectCourse" duration-ms="0" started-at="2019-11-22T11:49:09Z" depends-on-methods="Unipupil.UniMavenTests.Chrome77BuyCourseAddFeesAgentDomesticIndivCommFullPaymentTest.selectInstitution" finished-at="2019-11-22T11:49:09Z">
          <exception class="java.lang.Throwable">
            <message>
              <![CDATA[Method Chrome77BuyCourseAddFeesAgentDomesticIndivCommFullPaymentTest.selectCourse()[pri:0, instance:Unipupil.UniMavenTests.Chrome77BuyCourseAddFeesAgentDomesticIndivCommFullPaymentTest@63753b6d] depends on not successfully finished methods]]>
            </message>
            <full-stacktrace>
              <![CDATA[java.lang.Throwable: Method Chrome77BuyCourseAddFeesAgentDomesticIndivCommFullPaymentTest.selectCourse()[pri:0, instance:Unipupil.UniMavenTests.Chrome77BuyCourseAddFeesAgentDomesticIndivCommFullPaymentTest@63753b6d] depends on not successfully finished methods
at org.testng.internal.Invoker.invokeTestMethods(Invoker.java:888)
at org.testng.internal.TestMethodWorker.invokeTestMethods(TestMethodWorker.java:125)
at org.testng.internal.TestMethodWorker.run(TestMethodWorker.java:109)
at org.testng.TestRunner.privateRun(TestRunner.java:648)
at org.testng.TestRunner.run(TestRunner.java:505)
at org.testng.SuiteRunner.runTest(SuiteRunner.java:455)
at org.testng.SuiteRunner.runSequentially(SuiteRunner.java:450)
at org.testng.SuiteRunner.privateRun(SuiteRunner.java:415)
at org.testng.SuiteRunner.run(SuiteRunner.java:364)
at org.testng.SuiteRunnerWorker.runSuite(SuiteRunnerWorker.java:52)
at org.testng.SuiteRunnerWorker.run(SuiteRunnerWorker.java:84)
at org.testng.TestNG.runSuitesSequentially(TestNG.java:1208)
at org.testng.TestNG.runSuitesLocally(TestNG.java:1137)
at org.testng.TestNG.runSuites(TestNG.java:1049)
at org.testng.TestNG.run(TestNG.java:1017)
at org.testng.remote.AbstractRemoteTestNG.run(AbstractRemoteTestNG.java:114)
at org.testng.remote.RemoteTestNG.initAndRun(RemoteTestNG.java:251)
at org.testng.remote.RemoteTestNG.main(RemoteTestNG.java:77)
]]>
            </full-stacktrace>
          </exception> <!-- java.lang.Throwable -->
          <reporter-output>
          </reporter-output>
        </test-method> <!-- selectCourse -->
        <test-method status="SKIP" signature="addCourseToCart()[pri:0, instance:Unipupil.UniMavenTests.Chrome77BuyCourseAddFeesAgentDomesticIndivCommFullPaymentTest@63753b6d]" name="addCourseToCart" duration-ms="0" started-at="2019-11-22T11:49:09Z" depends-on-methods="Unipupil.UniMavenTests.Chrome77BuyCourseAddFeesAgentDomesticIndivCommFullPaymentTest.selectCourse" finished-at="2019-11-22T11:49:09Z">
          <exception class="java.lang.Throwable">
            <message>
              <![CDATA[Method Chrome77BuyCourseAddFeesAgentDomesticIndivCommFullPaymentTest.addCourseToCart()[pri:0, instance:Unipupil.UniMavenTests.Chrome77BuyCourseAddFeesAgentDomesticIndivCommFullPaymentTest@63753b6d] depends on not successfully finished methods]]>
            </message>
            <full-stacktrace>
              <![CDATA[java.lang.Throwable: Method Chrome77BuyCourseAddFeesAgentDomesticIndivCommFullPaymentTest.addCourseToCart()[pri:0, instance:Unipupil.UniMavenTests.Chrome77BuyCourseAddFeesAgentDomesticIndivCommFullPaymentTest@63753b6d] depends on not successfully finished methods
at org.testng.internal.Invoker.invokeTestMethods(Invoker.java:888)
at org.testng.internal.TestMethodWorker.invokeTestMethods(TestMethodWorker.java:125)
at org.testng.internal.TestMethodWorker.run(TestMethodWorker.java:109)
at org.testng.TestRunner.privateRun(TestRunner.java:648)
at org.testng.TestRunner.run(TestRunner.java:505)
at org.testng.SuiteRunner.runTest(SuiteRunner.java:455)
at org.testng.SuiteRunner.runSequentially(SuiteRunner.java:450)
at org.testng.SuiteRunner.privateRun(SuiteRunner.java:415)
at org.testng.SuiteRunner.run(SuiteRunner.java:364)
at org.testng.SuiteRunnerWorker.runSuite(SuiteRunnerWorker.java:52)
at org.testng.SuiteRunnerWorker.run(SuiteRunnerWorker.java:84)
at org.testng.TestNG.runSuitesSequentially(TestNG.java:1208)
at org.testng.TestNG.runSuitesLocally(TestNG.java:1137)
at org.testng.TestNG.runSuites(TestNG.java:1049)
at org.testng.TestNG.run(TestNG.java:1017)
at org.testng.remote.AbstractRemoteTestNG.run(AbstractRemoteTestNG.java:114)
at org.testng.remote.RemoteTestNG.initAndRun(RemoteTestNG.java:251)
at org.testng.remote.RemoteTestNG.main(RemoteTestNG.java:77)
]]>
            </full-stacktrace>
          </exception> <!-- java.lang.Throwable -->
          <reporter-output>
          </reporter-output>
        </test-method> <!-- addCourseToCart -->
        <test-method status="SKIP" signature="cartProductName()[pri:0, instance:Unipupil.UniMavenTests.Chrome77BuyCourseAddFeesAgentDomesticIndivCommFullPaymentTest@63753b6d]" name="cartProductName" duration-ms="0" started-at="2019-11-22T11:49:09Z" depends-on-methods="Unipupil.UniMavenTests.Chrome77BuyCourseAddFeesAgentDomesticIndivCommFullPaymentTest.addCourseToCart" finished-at="2019-11-22T11:49:09Z">
          <exception class="java.lang.Throwable">
            <message>
              <![CDATA[Method Chrome77BuyCourseAddFeesAgentDomesticIndivCommFullPaymentTest.cartProductName()[pri:0, instance:Unipupil.UniMavenTests.Chrome77BuyCourseAddFeesAgentDomesticIndivCommFullPaymentTest@63753b6d] depends on not successfully finished methods]]>
            </message>
            <full-stacktrace>
              <![CDATA[java.lang.Throwable: Method Chrome77BuyCourseAddFeesAgentDomesticIndivCommFullPaymentTest.cartProductName()[pri:0, instance:Unipupil.UniMavenTests.Chrome77BuyCourseAddFeesAgentDomesticIndivCommFullPaymentTest@63753b6d] depends on not successfully finished methods
at org.testng.internal.Invoker.invokeTestMethods(Invoker.java:888)
at org.testng.internal.TestMethodWorker.invokeTestMethods(TestMethodWorker.java:125)
at org.testng.internal.TestMethodWorker.run(TestMethodWorker.java:109)
at org.testng.TestRunner.privateRun(TestRunner.java:648)
at org.testng.TestRunner.run(TestRunner.java:505)
at org.testng.SuiteRunner.runTest(SuiteRunner.java:455)
at org.testng.SuiteRunner.runSequentially(SuiteRunner.java:450)
at org.testng.SuiteRunner.privateRun(SuiteRunner.java:415)
at org.testng.SuiteRunner.run(SuiteRunner.java:364)
at org.testng.SuiteRunnerWorker.runSuite(SuiteRunnerWorker.java:52)
at org.testng.SuiteRunnerWorker.run(SuiteRunnerWorker.java:84)
at org.testng.TestNG.runSuitesSequentially(TestNG.java:1208)
at org.testng.TestNG.runSuitesLocally(TestNG.java:1137)
at org.testng.TestNG.runSuites(TestNG.java:1049)
at org.testng.TestNG.run(TestNG.java:1017)
at org.testng.remote.AbstractRemoteTestNG.run(AbstractRemoteTestNG.java:114)
at org.testng.remote.RemoteTestNG.initAndRun(RemoteTestNG.java:251)
at org.testng.remote.RemoteTestNG.main(RemoteTestNG.java:77)
]]>
            </full-stacktrace>
          </exception> <!-- java.lang.Throwable -->
          <reporter-output>
          </reporter-output>
        </test-method> <!-- cartProductName -->
        <test-method status="SKIP" signature="cartAdditionalFeesTitle()[pri:0, instance:Unipupil.UniMavenTests.Chrome77BuyCourseAddFeesAgentDomesticIndivCommFullPaymentTest@63753b6d]" name="cartAdditionalFeesTitle" duration-ms="0" started-at="2019-11-22T11:49:09Z" depends-on-methods="Unipupil.UniMavenTests.Chrome77BuyCourseAddFeesAgentDomesticIndivCommFullPaymentTest.cartProductName" finished-at="2019-11-22T11:49:09Z">
          <exception class="java.lang.Throwable">
            <message>
              <![CDATA[Method Chrome77BuyCourseAddFeesAgentDomesticIndivCommFullPaymentTest.cartAdditionalFeesTitle()[pri:0, instance:Unipupil.UniMavenTests.Chrome77BuyCourseAddFeesAgentDomesticIndivCommFullPaymentTest@63753b6d] depends on not successfully finished methods]]>
            </message>
            <full-stacktrace>
              <![CDATA[java.lang.Throwable: Method Chrome77BuyCourseAddFeesAgentDomesticIndivCommFullPaymentTest.cartAdditionalFeesTitle()[pri:0, instance:Unipupil.UniMavenTests.Chrome77BuyCourseAddFeesAgentDomesticIndivCommFullPaymentTest@63753b6d] depends on not successfully finished methods
at org.testng.internal.Invoker.invokeTestMethods(Invoker.java:888)
at org.testng.internal.TestMethodWorker.invokeTestMethods(TestMethodWorker.java:125)
at org.testng.internal.TestMethodWorker.run(TestMethodWorker.java:109)
at org.testng.TestRunner.privateRun(TestRunner.java:648)
at org.testng.TestRunner.run(TestRunner.java:505)
at org.testng.SuiteRunner.runTest(SuiteRunner.java:455)
at org.testng.SuiteRunner.runSequentially(SuiteRunner.java:450)
at org.testng.SuiteRunner.privateRun(SuiteRunner.java:415)
at org.testng.SuiteRunner.run(SuiteRunner.java:364)
at org.testng.SuiteRunnerWorker.runSuite(SuiteRunnerWorker.java:52)
at org.testng.SuiteRunnerWorker.run(SuiteRunnerWorker.java:84)
at org.testng.TestNG.runSuitesSequentially(TestNG.java:1208)
at org.testng.TestNG.runSuitesLocally(TestNG.java:1137)
at org.testng.TestNG.runSuites(TestNG.java:1049)
at org.testng.TestNG.run(TestNG.java:1017)
at org.testng.remote.AbstractRemoteTestNG.run(AbstractRemoteTestNG.java:114)
at org.testng.remote.RemoteTestNG.initAndRun(RemoteTestNG.java:251)
at org.testng.remote.RemoteTestNG.main(RemoteTestNG.java:77)
]]>
            </full-stacktrace>
          </exception> <!-- java.lang.Throwable -->
          <reporter-output>
          </reporter-output>
        </test-method> <!-- cartAdditionalFeesTitle -->
        <test-method status="SKIP" signature="cartProductUnitPrice()[pri:0, instance:Unipupil.UniMavenTests.Chrome77BuyCourseAddFeesAgentDomesticIndivCommFullPaymentTest@63753b6d]" name="cartProductUnitPrice" duration-ms="0" started-at="2019-11-22T11:49:09Z" depends-on-methods="Unipupil.UniMavenTests.Chrome77BuyCourseAddFeesAgentDomesticIndivCommFullPaymentTest.cartAdditionalFeesTitle" finished-at="2019-11-22T11:49:09Z">
          <exception class="java.lang.Throwable">
            <message>
              <![CDATA[Method Chrome77BuyCourseAddFeesAgentDomesticIndivCommFullPaymentTest.cartProductUnitPrice()[pri:0, instance:Unipupil.UniMavenTests.Chrome77BuyCourseAddFeesAgentDomesticIndivCommFullPaymentTest@63753b6d] depends on not successfully finished methods]]>
            </message>
            <full-stacktrace>
              <![CDATA[java.lang.Throwable: Method Chrome77BuyCourseAddFeesAgentDomesticIndivCommFullPaymentTest.cartProductUnitPrice()[pri:0, instance:Unipupil.UniMavenTests.Chrome77BuyCourseAddFeesAgentDomesticIndivCommFullPaymentTest@63753b6d] depends on not successfully finished methods
at org.testng.internal.Invoker.invokeTestMethods(Invoker.java:888)
at org.testng.internal.TestMethodWorker.invokeTestMethods(TestMethodWorker.java:125)
at org.testng.internal.TestMethodWorker.run(TestMethodWorker.java:109)
at org.testng.TestRunner.privateRun(TestRunner.java:648)
at org.testng.TestRunner.run(TestRunner.java:505)
at org.testng.SuiteRunner.runTest(SuiteRunner.java:455)
at org.testng.SuiteRunner.runSequentially(SuiteRunner.java:450)
at org.testng.SuiteRunner.privateRun(SuiteRunner.java:415)
at org.testng.SuiteRunner.run(SuiteRunner.java:364)
at org.testng.SuiteRunnerWorker.runSuite(SuiteRunnerWorker.java:52)
at org.testng.SuiteRunnerWorker.run(SuiteRunnerWorker.java:84)
at org.testng.TestNG.runSuitesSequentially(TestNG.java:1208)
at org.testng.TestNG.runSuitesLocally(TestNG.java:1137)
at org.testng.TestNG.runSuites(TestNG.java:1049)
at org.testng.TestNG.run(TestNG.java:1017)
at org.testng.remote.AbstractRemoteTestNG.run(AbstractRemoteTestNG.java:114)
at org.testng.remote.RemoteTestNG.initAndRun(RemoteTestNG.java:251)
at org.testng.remote.RemoteTestNG.main(RemoteTestNG.java:77)
]]>
            </full-stacktrace>
          </exception> <!-- java.lang.Throwable -->
          <reporter-output>
          </reporter-output>
        </test-method> <!-- cartProductUnitPrice -->
        <test-method status="SKIP" signature="cartLinePrice()[pri:0, instance:Unipupil.UniMavenTests.Chrome77BuyCourseAddFeesAgentDomesticIndivCommFullPaymentTest@63753b6d]" name="cartLinePrice" duration-ms="0" started-at="2019-11-22T11:49:09Z" depends-on-methods="Unipupil.UniMavenTests.Chrome77BuyCourseAddFeesAgentDomesticIndivCommFullPaymentTest.cartProductUnitPrice" finished-at="2019-11-22T11:49:09Z">
          <exception class="java.lang.Throwable">
            <message>
              <![CDATA[Method Chrome77BuyCourseAddFeesAgentDomesticIndivCommFullPaymentTest.cartLinePrice()[pri:0, instance:Unipupil.UniMavenTests.Chrome77BuyCourseAddFeesAgentDomesticIndivCommFullPaymentTest@63753b6d] depends on not successfully finished methods]]>
            </message>
            <full-stacktrace>
              <![CDATA[java.lang.Throwable: Method Chrome77BuyCourseAddFeesAgentDomesticIndivCommFullPaymentTest.cartLinePrice()[pri:0, instance:Unipupil.UniMavenTests.Chrome77BuyCourseAddFeesAgentDomesticIndivCommFullPaymentTest@63753b6d] depends on not successfully finished methods
at org.testng.internal.Invoker.invokeTestMethods(Invoker.java:888)
at org.testng.internal.TestMethodWorker.invokeTestMethods(TestMethodWorker.java:125)
at org.testng.internal.TestMethodWorker.run(TestMethodWorker.java:109)
at org.testng.TestRunner.privateRun(TestRunner.java:648)
at org.testng.TestRunner.run(TestRunner.java:505)
at org.testng.SuiteRunner.runTest(SuiteRunner.java:455)
at org.testng.SuiteRunner.runSequentially(SuiteRunner.java:450)
at org.testng.SuiteRunner.privateRun(SuiteRunner.java:415)
at org.testng.SuiteRunner.run(SuiteRunner.java:364)
at org.testng.SuiteRunnerWorker.runSuite(SuiteRunnerWorker.java:52)
at org.testng.SuiteRunnerWorker.run(SuiteRunnerWorker.java:84)
at org.testng.TestNG.runSuitesSequentially(TestNG.java:1208)
at org.testng.TestNG.runSuitesLocally(TestNG.java:1137)
at org.testng.TestNG.runSuites(TestNG.java:1049)
at org.testng.TestNG.run(TestNG.java:1017)
at org.testng.remote.AbstractRemoteTestNG.run(AbstractRemoteTestNG.java:114)
at org.testng.remote.RemoteTestNG.initAndRun(RemoteTestNG.java:251)
at org.testng.remote.RemoteTestNG.main(RemoteTestNG.java:77)
]]>
            </full-stacktrace>
          </exception> <!-- java.lang.Throwable -->
          <reporter-output>
          </reporter-output>
        </test-method> <!-- cartLinePrice -->
        <test-method status="SKIP" signature="cartAdditionalFees()[pri:0, instance:Unipupil.UniMavenTests.Chrome77BuyCourseAddFeesAgentDomesticIndivCommFullPaymentTest@63753b6d]" name="cartAdditionalFees" duration-ms="0" started-at="2019-11-22T11:49:09Z" depends-on-methods="Unipupil.UniMavenTests.Chrome77BuyCourseAddFeesAgentDomesticIndivCommFullPaymentTest.cartLinePrice" finished-at="2019-11-22T11:49:09Z">
          <exception class="java.lang.Throwable">
            <message>
              <![CDATA[Method Chrome77BuyCourseAddFeesAgentDomesticIndivCommFullPaymentTest.cartAdditionalFees()[pri:0, instance:Unipupil.UniMavenTests.Chrome77BuyCourseAddFeesAgentDomesticIndivCommFullPaymentTest@63753b6d] depends on not successfully finished methods]]>
            </message>
            <full-stacktrace>
              <![CDATA[java.lang.Throwable: Method Chrome77BuyCourseAddFeesAgentDomesticIndivCommFullPaymentTest.cartAdditionalFees()[pri:0, instance:Unipupil.UniMavenTests.Chrome77BuyCourseAddFeesAgentDomesticIndivCommFullPaymentTest@63753b6d] depends on not successfully finished methods
at org.testng.internal.Invoker.invokeTestMethods(Invoker.java:888)
at org.testng.internal.TestMethodWorker.invokeTestMethods(TestMethodWorker.java:125)
at org.testng.internal.TestMethodWorker.run(TestMethodWorker.java:109)
at org.testng.TestRunner.privateRun(TestRunner.java:648)
at org.testng.TestRunner.run(TestRunner.java:505)
at org.testng.SuiteRunner.runTest(SuiteRunner.java:455)
at org.testng.SuiteRunner.runSequentially(SuiteRunner.java:450)
at org.testng.SuiteRunner.privateRun(SuiteRunner.java:415)
at org.testng.SuiteRunner.run(SuiteRunner.java:364)
at org.testng.SuiteRunnerWorker.runSuite(SuiteRunnerWorker.java:52)
at org.testng.SuiteRunnerWorker.run(SuiteRunnerWorker.java:84)
at org.testng.TestNG.runSuitesSequentially(TestNG.java:1208)
at org.testng.TestNG.runSuitesLocally(TestNG.java:1137)
at org.testng.TestNG.runSuites(TestNG.java:1049)
at org.testng.TestNG.run(TestNG.java:1017)
at org.testng.remote.AbstractRemoteTestNG.run(AbstractRemoteTestNG.java:114)
at org.testng.remote.RemoteTestNG.initAndRun(RemoteTestNG.java:251)
at org.testng.remote.RemoteTestNG.main(RemoteTestNG.java:77)
]]>
            </full-stacktrace>
          </exception> <!-- java.lang.Throwable -->
          <reporter-output>
          </reporter-output>
        </test-method> <!-- cartAdditionalFees -->
        <test-method status="SKIP" signature="checkCartSubTotalAgainstGrossFees()[pri:0, instance:Unipupil.UniMavenTests.Chrome77BuyCourseAddFeesAgentDomesticIndivCommFullPaymentTest@63753b6d]" name="checkCartSubTotalAgainstGrossFees" duration-ms="0" started-at="2019-11-22T11:49:09Z" depends-on-methods="Unipupil.UniMavenTests.Chrome77BuyCourseAddFeesAgentDomesticIndivCommFullPaymentTest.cartAdditionalFees" finished-at="2019-11-22T11:49:09Z">
          <exception class="java.lang.Throwable">
            <message>
              <![CDATA[Method Chrome77BuyCourseAddFeesAgentDomesticIndivCommFullPaymentTest.checkCartSubTotalAgainstGrossFees()[pri:0, instance:Unipupil.UniMavenTests.Chrome77BuyCourseAddFeesAgentDomesticIndivCommFullPaymentTest@63753b6d] depends on not successfully finished methods]]>
            </message>
            <full-stacktrace>
              <![CDATA[java.lang.Throwable: Method Chrome77BuyCourseAddFeesAgentDomesticIndivCommFullPaymentTest.checkCartSubTotalAgainstGrossFees()[pri:0, instance:Unipupil.UniMavenTests.Chrome77BuyCourseAddFeesAgentDomesticIndivCommFullPaymentTest@63753b6d] depends on not successfully finished methods
at org.testng.internal.Invoker.invokeTestMethods(Invoker.java:888)
at org.testng.internal.TestMethodWorker.invokeTestMethods(TestMethodWorker.java:125)
at org.testng.internal.TestMethodWorker.run(TestMethodWorker.java:109)
at org.testng.TestRunner.privateRun(TestRunner.java:648)
at org.testng.TestRunner.run(TestRunner.java:505)
at org.testng.SuiteRunner.runTest(SuiteRunner.java:455)
at org.testng.SuiteRunner.runSequentially(SuiteRunner.java:450)
at org.testng.SuiteRunner.privateRun(SuiteRunner.java:415)
at org.testng.SuiteRunner.run(SuiteRunner.java:364)
at org.testng.SuiteRunnerWorker.runSuite(SuiteRunnerWorker.java:52)
at org.testng.SuiteRunnerWorker.run(SuiteRunnerWorker.java:84)
at org.testng.TestNG.runSuitesSequentially(TestNG.java:1208)
at org.testng.TestNG.runSuitesLocally(TestNG.java:1137)
at org.testng.TestNG.runSuites(TestNG.java:1049)
at org.testng.TestNG.run(TestNG.java:1017)
at org.testng.remote.AbstractRemoteTestNG.run(AbstractRemoteTestNG.java:114)
at org.testng.remote.RemoteTestNG.initAndRun(RemoteTestNG.java:251)
at org.testng.remote.RemoteTestNG.main(RemoteTestNG.java:77)
]]>
            </full-stacktrace>
          </exception> <!-- java.lang.Throwable -->
          <reporter-output>
          </reporter-output>
        </test-method> <!-- checkCartSubTotalAgainstGrossFees -->
        <test-method status="SKIP" signature="checkAggregateFeesEqualCartSubtotal()[pri:0, instance:Unipupil.UniMavenTests.Chrome77BuyCourseAddFeesAgentDomesticIndivCommFullPaymentTest@63753b6d]" name="checkAggregateFeesEqualCartSubtotal" duration-ms="0" started-at="2019-11-22T11:49:09Z" depends-on-methods="Unipupil.UniMavenTests.Chrome77BuyCourseAddFeesAgentDomesticIndivCommFullPaymentTest.checkCartSubTotalAgainstGrossFees" finished-at="2019-11-22T11:49:09Z">
          <exception class="java.lang.Throwable">
            <message>
              <![CDATA[Method Chrome77BuyCourseAddFeesAgentDomesticIndivCommFullPaymentTest.checkAggregateFeesEqualCartSubtotal()[pri:0, instance:Unipupil.UniMavenTests.Chrome77BuyCourseAddFeesAgentDomesticIndivCommFullPaymentTest@63753b6d] depends on not successfully finished methods]]>
            </message>
            <full-stacktrace>
              <![CDATA[java.lang.Throwable: Method Chrome77BuyCourseAddFeesAgentDomesticIndivCommFullPaymentTest.checkAggregateFeesEqualCartSubtotal()[pri:0, instance:Unipupil.UniMavenTests.Chrome77BuyCourseAddFeesAgentDomesticIndivCommFullPaymentTest@63753b6d] depends on not successfully finished methods
at org.testng.internal.Invoker.invokeTestMethods(Invoker.java:888)
at org.testng.internal.TestMethodWorker.invokeTestMethods(TestMethodWorker.java:125)
at org.testng.internal.TestMethodWorker.run(TestMethodWorker.java:109)
at org.testng.TestRunner.privateRun(TestRunner.java:648)
at org.testng.TestRunner.run(TestRunner.java:505)
at org.testng.SuiteRunner.runTest(SuiteRunner.java:455)
at org.testng.SuiteRunner.runSequentially(SuiteRunner.java:450)
at org.testng.SuiteRunner.privateRun(SuiteRunner.java:415)
at org.testng.SuiteRunner.run(SuiteRunner.java:364)
at org.testng.SuiteRunnerWorker.runSuite(SuiteRunnerWorker.java:52)
at org.testng.SuiteRunnerWorker.run(SuiteRunnerWorker.java:84)
at org.testng.TestNG.runSuitesSequentially(TestNG.java:1208)
at org.testng.TestNG.runSuitesLocally(TestNG.java:1137)
at org.testng.TestNG.runSuites(TestNG.java:1049)
at org.testng.TestNG.run(TestNG.java:1017)
at org.testng.remote.AbstractRemoteTestNG.run(AbstractRemoteTestNG.java:114)
at org.testng.remote.RemoteTestNG.initAndRun(RemoteTestNG.java:251)
at org.testng.remote.RemoteTestNG.main(RemoteTestNG.java:77)
]]>
            </full-stacktrace>
          </exception> <!-- java.lang.Throwable -->
          <reporter-output>
          </reporter-output>
        </test-method> <!-- checkAggregateFeesEqualCartSubtotal -->
        <test-method status="SKIP" signature="goToCheckout()[pri:0, instance:Unipupil.UniMavenTests.Chrome77BuyCourseAddFeesAgentDomesticIndivCommFullPaymentTest@63753b6d]" name="goToCheckout" duration-ms="0" started-at="2019-11-22T11:49:09Z" depends-on-methods="Unipupil.UniMavenTests.Chrome77BuyCourseAddFeesAgentDomesticIndivCommFullPaymentTest.checkAggregateFeesEqualCartSubtotal" finished-at="2019-11-22T11:49:09Z">
          <exception class="java.lang.Throwable">
            <message>
              <![CDATA[Method Chrome77BuyCourseAddFeesAgentDomesticIndivCommFullPaymentTest.goToCheckout()[pri:0, instance:Unipupil.UniMavenTests.Chrome77BuyCourseAddFeesAgentDomesticIndivCommFullPaymentTest@63753b6d] depends on not successfully finished methods]]>
            </message>
            <full-stacktrace>
              <![CDATA[java.lang.Throwable: Method Chrome77BuyCourseAddFeesAgentDomesticIndivCommFullPaymentTest.goToCheckout()[pri:0, instance:Unipupil.UniMavenTests.Chrome77BuyCourseAddFeesAgentDomesticIndivCommFullPaymentTest@63753b6d] depends on not successfully finished methods
at org.testng.internal.Invoker.invokeTestMethods(Invoker.java:888)
at org.testng.internal.TestMethodWorker.invokeTestMethods(TestMethodWorker.java:125)
at org.testng.internal.TestMethodWorker.run(TestMethodWorker.java:109)
at org.testng.TestRunner.privateRun(TestRunner.java:648)
at org.testng.TestRunner.run(TestRunner.java:505)
at org.testng.SuiteRunner.runTest(SuiteRunner.java:455)
at org.testng.SuiteRunner.runSequentially(SuiteRunner.java:450)
at org.testng.SuiteRunner.privateRun(SuiteRunner.java:415)
at org.testng.SuiteRunner.run(SuiteRunner.java:364)
at org.testng.SuiteRunnerWorker.runSuite(SuiteRunnerWorker.java:52)
at org.testng.SuiteRunnerWorker.run(SuiteRunnerWorker.java:84)
at org.testng.TestNG.runSuitesSequentially(TestNG.java:1208)
at org.testng.TestNG.runSuitesLocally(TestNG.java:1137)
at org.testng.TestNG.runSuites(TestNG.java:1049)
at org.testng.TestNG.run(TestNG.java:1017)
at org.testng.remote.AbstractRemoteTestNG.run(AbstractRemoteTestNG.java:114)
at org.testng.remote.RemoteTestNG.initAndRun(RemoteTestNG.java:251)
at org.testng.remote.RemoteTestNG.main(RemoteTestNG.java:77)
]]>
            </full-stacktrace>
          </exception> <!-- java.lang.Throwable -->
          <reporter-output>
          </reporter-output>
        </test-method> <!-- goToCheckout -->
        <test-method status="SKIP" signature="checkoutLineProductName()[pri:0, instance:Unipupil.UniMavenTests.Chrome77BuyCourseAddFeesAgentDomesticIndivCommFullPaymentTest@63753b6d]" name="checkoutLineProductName" duration-ms="0" started-at="2019-11-22T11:49:09Z" depends-on-methods="Unipupil.UniMavenTests.Chrome77BuyCourseAddFeesAgentDomesticIndivCommFullPaymentTest.goToCheckout" finished-at="2019-11-22T11:49:09Z">
          <exception class="java.lang.Throwable">
            <message>
              <![CDATA[Method Chrome77BuyCourseAddFeesAgentDomesticIndivCommFullPaymentTest.checkoutLineProductName()[pri:0, instance:Unipupil.UniMavenTests.Chrome77BuyCourseAddFeesAgentDomesticIndivCommFullPaymentTest@63753b6d] depends on not successfully finished methods]]>
            </message>
            <full-stacktrace>
              <![CDATA[java.lang.Throwable: Method Chrome77BuyCourseAddFeesAgentDomesticIndivCommFullPaymentTest.checkoutLineProductName()[pri:0, instance:Unipupil.UniMavenTests.Chrome77BuyCourseAddFeesAgentDomesticIndivCommFullPaymentTest@63753b6d] depends on not successfully finished methods
at org.testng.internal.Invoker.invokeTestMethods(Invoker.java:888)
at org.testng.internal.TestMethodWorker.invokeTestMethods(TestMethodWorker.java:125)
at org.testng.internal.TestMethodWorker.run(TestMethodWorker.java:109)
at org.testng.TestRunner.privateRun(TestRunner.java:648)
at org.testng.TestRunner.run(TestRunner.java:505)
at org.testng.SuiteRunner.runTest(SuiteRunner.java:455)
at org.testng.SuiteRunner.runSequentially(SuiteRunner.java:450)
at org.testng.SuiteRunner.privateRun(SuiteRunner.java:415)
at org.testng.SuiteRunner.run(SuiteRunner.java:364)
at org.testng.SuiteRunnerWorker.runSuite(SuiteRunnerWorker.java:52)
at org.testng.SuiteRunnerWorker.run(SuiteRunnerWorker.java:84)
at org.testng.TestNG.runSuitesSequentially(TestNG.java:1208)
at org.testng.TestNG.runSuitesLocally(TestNG.java:1137)
at org.testng.TestNG.runSuites(TestNG.java:1049)
at org.testng.TestNG.run(TestNG.java:1017)
at org.testng.remote.AbstractRemoteTestNG.run(AbstractRemoteTestNG.java:114)
at org.testng.remote.RemoteTestNG.initAndRun(RemoteTestNG.java:251)
at org.testng.remote.RemoteTestNG.main(RemoteTestNG.java:77)
]]>
            </full-stacktrace>
          </exception> <!-- java.lang.Throwable -->
          <reporter-output>
          </reporter-output>
        </test-method> <!-- checkoutLineProductName -->
        <test-method status="SKIP" signature="checkoutAdditionalFeesTitle()[pri:0, instance:Unipupil.UniMavenTests.Chrome77BuyCourseAddFeesAgentDomesticIndivCommFullPaymentTest@63753b6d]" name="checkoutAdditionalFeesTitle" duration-ms="0" started-at="2019-11-22T11:49:09Z" depends-on-methods="Unipupil.UniMavenTests.Chrome77BuyCourseAddFeesAgentDomesticIndivCommFullPaymentTest.checkoutLineProductName" finished-at="2019-11-22T11:49:09Z">
          <exception class="java.lang.Throwable">
            <message>
              <![CDATA[Method Chrome77BuyCourseAddFeesAgentDomesticIndivCommFullPaymentTest.checkoutAdditionalFeesTitle()[pri:0, instance:Unipupil.UniMavenTests.Chrome77BuyCourseAddFeesAgentDomesticIndivCommFullPaymentTest@63753b6d] depends on not successfully finished methods]]>
            </message>
            <full-stacktrace>
              <![CDATA[java.lang.Throwable: Method Chrome77BuyCourseAddFeesAgentDomesticIndivCommFullPaymentTest.checkoutAdditionalFeesTitle()[pri:0, instance:Unipupil.UniMavenTests.Chrome77BuyCourseAddFeesAgentDomesticIndivCommFullPaymentTest@63753b6d] depends on not successfully finished methods
at org.testng.internal.Invoker.invokeTestMethods(Invoker.java:888)
at org.testng.internal.TestMethodWorker.invokeTestMethods(TestMethodWorker.java:125)
at org.testng.internal.TestMethodWorker.run(TestMethodWorker.java:109)
at org.testng.TestRunner.privateRun(TestRunner.java:648)
at org.testng.TestRunner.run(TestRunner.java:505)
at org.testng.SuiteRunner.runTest(SuiteRunner.java:455)
at org.testng.SuiteRunner.runSequentially(SuiteRunner.java:450)
at org.testng.SuiteRunner.privateRun(SuiteRunner.java:415)
at org.testng.SuiteRunner.run(SuiteRunner.java:364)
at org.testng.SuiteRunnerWorker.runSuite(SuiteRunnerWorker.java:52)
at org.testng.SuiteRunnerWorker.run(SuiteRunnerWorker.java:84)
at org.testng.TestNG.runSuitesSequentially(TestNG.java:1208)
at org.testng.TestNG.runSuitesLocally(TestNG.java:1137)
at org.testng.TestNG.runSuites(TestNG.java:1049)
at org.testng.TestNG.run(TestNG.java:1017)
at org.testng.remote.AbstractRemoteTestNG.run(AbstractRemoteTestNG.java:114)
at org.testng.remote.RemoteTestNG.initAndRun(RemoteTestNG.java:251)
at org.testng.remote.RemoteTestNG.main(RemoteTestNG.java:77)
]]>
            </full-stacktrace>
          </exception> <!-- java.lang.Throwable -->
          <reporter-output>
          </reporter-output>
        </test-method> <!-- checkoutAdditionalFeesTitle -->
        <test-method status="SKIP" signature="checkoutInstitutionTitle()[pri:0, instance:Unipupil.UniMavenTests.Chrome77BuyCourseAddFeesAgentDomesticIndivCommFullPaymentTest@63753b6d]" name="checkoutInstitutionTitle" duration-ms="0" started-at="2019-11-22T11:49:09Z" depends-on-methods="Unipupil.UniMavenTests.Chrome77BuyCourseAddFeesAgentDomesticIndivCommFullPaymentTest.checkoutAdditionalFeesTitle" finished-at="2019-11-22T11:49:09Z">
          <exception class="java.lang.Throwable">
            <message>
              <![CDATA[Method Chrome77BuyCourseAddFeesAgentDomesticIndivCommFullPaymentTest.checkoutInstitutionTitle()[pri:0, instance:Unipupil.UniMavenTests.Chrome77BuyCourseAddFeesAgentDomesticIndivCommFullPaymentTest@63753b6d] depends on not successfully finished methods]]>
            </message>
            <full-stacktrace>
              <![CDATA[java.lang.Throwable: Method Chrome77BuyCourseAddFeesAgentDomesticIndivCommFullPaymentTest.checkoutInstitutionTitle()[pri:0, instance:Unipupil.UniMavenTests.Chrome77BuyCourseAddFeesAgentDomesticIndivCommFullPaymentTest@63753b6d] depends on not successfully finished methods
at org.testng.internal.Invoker.invokeTestMethods(Invoker.java:888)
at org.testng.internal.TestMethodWorker.invokeTestMethods(TestMethodWorker.java:125)
at org.testng.internal.TestMethodWorker.run(TestMethodWorker.java:109)
at org.testng.TestRunner.privateRun(TestRunner.java:648)
at org.testng.TestRunner.run(TestRunner.java:505)
at org.testng.SuiteRunner.runTest(SuiteRunner.java:455)
at org.testng.SuiteRunner.runSequentially(SuiteRunner.java:450)
at org.testng.SuiteRunner.privateRun(SuiteRunner.java:415)
at org.testng.SuiteRunner.run(SuiteRunner.java:364)
at org.testng.SuiteRunnerWorker.runSuite(SuiteRunnerWorker.java:52)
at org.testng.SuiteRunnerWorker.run(SuiteRunnerWorker.java:84)
at org.testng.TestNG.runSuitesSequentially(TestNG.java:1208)
at org.testng.TestNG.runSuitesLocally(TestNG.java:1137)
at org.testng.TestNG.runSuites(TestNG.java:1049)
at org.testng.TestNG.run(TestNG.java:1017)
at org.testng.remote.AbstractRemoteTestNG.run(AbstractRemoteTestNG.java:114)
at org.testng.remote.RemoteTestNG.initAndRun(RemoteTestNG.java:251)
at org.testng.remote.RemoteTestNG.main(RemoteTestNG.java:77)
]]>
            </full-stacktrace>
          </exception> <!-- java.lang.Throwable -->
          <reporter-output>
          </reporter-output>
        </test-method> <!-- checkoutInstitutionTitle -->
        <test-method status="SKIP" signature="checkoutProductUnitPrice()[pri:0, instance:Unipupil.UniMavenTests.Chrome77BuyCourseAddFeesAgentDomesticIndivCommFullPaymentTest@63753b6d]" name="checkoutProductUnitPrice" duration-ms="0" started-at="2019-11-22T11:49:09Z" depends-on-methods="Unipupil.UniMavenTests.Chrome77BuyCourseAddFeesAgentDomesticIndivCommFullPaymentTest.checkoutInstitutionTitle" finished-at="2019-11-22T11:49:09Z">
          <exception class="java.lang.Throwable">
            <message>
              <![CDATA[Method Chrome77BuyCourseAddFeesAgentDomesticIndivCommFullPaymentTest.checkoutProductUnitPrice()[pri:0, instance:Unipupil.UniMavenTests.Chrome77BuyCourseAddFeesAgentDomesticIndivCommFullPaymentTest@63753b6d] depends on not successfully finished methods]]>
            </message>
            <full-stacktrace>
              <![CDATA[java.lang.Throwable: Method Chrome77BuyCourseAddFeesAgentDomesticIndivCommFullPaymentTest.checkoutProductUnitPrice()[pri:0, instance:Unipupil.UniMavenTests.Chrome77BuyCourseAddFeesAgentDomesticIndivCommFullPaymentTest@63753b6d] depends on not successfully finished methods
at org.testng.internal.Invoker.invokeTestMethods(Invoker.java:888)
at org.testng.internal.TestMethodWorker.invokeTestMethods(TestMethodWorker.java:125)
at org.testng.internal.TestMethodWorker.run(TestMethodWorker.java:109)
at org.testng.TestRunner.privateRun(TestRunner.java:648)
at org.testng.TestRunner.run(TestRunner.java:505)
at org.testng.SuiteRunner.runTest(SuiteRunner.java:455)
at org.testng.SuiteRunner.runSequentially(SuiteRunner.java:450)
at org.testng.SuiteRunner.privateRun(SuiteRunner.java:415)
at org.testng.SuiteRunner.run(SuiteRunner.java:364)
at org.testng.SuiteRunnerWorker.runSuite(SuiteRunnerWorker.java:52)
at org.testng.SuiteRunnerWorker.run(SuiteRunnerWorker.java:84)
at org.testng.TestNG.runSuitesSequentially(TestNG.java:1208)
at org.testng.TestNG.runSuitesLocally(TestNG.java:1137)
at org.testng.TestNG.runSuites(TestNG.java:1049)
at org.testng.TestNG.run(TestNG.java:1017)
at org.testng.remote.AbstractRemoteTestNG.run(AbstractRemoteTestNG.java:114)
at org.testng.remote.RemoteTestNG.initAndRun(RemoteTestNG.java:251)
at org.testng.remote.RemoteTestNG.main(RemoteTestNG.java:77)
]]>
            </full-stacktrace>
          </exception> <!-- java.lang.Throwable -->
          <reporter-output>
          </reporter-output>
        </test-method> <!-- checkoutProductUnitPrice -->
        <test-method status="SKIP" signature="checkoutLinePrice()[pri:0, instance:Unipupil.UniMavenTests.Chrome77BuyCourseAddFeesAgentDomesticIndivCommFullPaymentTest@63753b6d]" name="checkoutLinePrice" duration-ms="0" started-at="2019-11-22T11:49:09Z" depends-on-methods="Unipupil.UniMavenTests.Chrome77BuyCourseAddFeesAgentDomesticIndivCommFullPaymentTest.checkoutProductUnitPrice" finished-at="2019-11-22T11:49:09Z">
          <exception class="java.lang.Throwable">
            <message>
              <![CDATA[Method Chrome77BuyCourseAddFeesAgentDomesticIndivCommFullPaymentTest.checkoutLinePrice()[pri:0, instance:Unipupil.UniMavenTests.Chrome77BuyCourseAddFeesAgentDomesticIndivCommFullPaymentTest@63753b6d] depends on not successfully finished methods]]>
            </message>
            <full-stacktrace>
              <![CDATA[java.lang.Throwable: Method Chrome77BuyCourseAddFeesAgentDomesticIndivCommFullPaymentTest.checkoutLinePrice()[pri:0, instance:Unipupil.UniMavenTests.Chrome77BuyCourseAddFeesAgentDomesticIndivCommFullPaymentTest@63753b6d] depends on not successfully finished methods
at org.testng.internal.Invoker.invokeTestMethods(Invoker.java:888)
at org.testng.internal.TestMethodWorker.invokeTestMethods(TestMethodWorker.java:125)
at org.testng.internal.TestMethodWorker.run(TestMethodWorker.java:109)
at org.testng.TestRunner.privateRun(TestRunner.java:648)
at org.testng.TestRunner.run(TestRunner.java:505)
at org.testng.SuiteRunner.runTest(SuiteRunner.java:455)
at org.testng.SuiteRunner.runSequentially(SuiteRunner.java:450)
at org.testng.SuiteRunner.privateRun(SuiteRunner.java:415)
at org.testng.SuiteRunner.run(SuiteRunner.java:364)
at org.testng.SuiteRunnerWorker.runSuite(SuiteRunnerWorker.java:52)
at org.testng.SuiteRunnerWorker.run(SuiteRunnerWorker.java:84)
at org.testng.TestNG.runSuitesSequentially(TestNG.java:1208)
at org.testng.TestNG.runSuitesLocally(TestNG.java:1137)
at org.testng.TestNG.runSuites(TestNG.java:1049)
at org.testng.TestNG.run(TestNG.java:1017)
at org.testng.remote.AbstractRemoteTestNG.run(AbstractRemoteTestNG.java:114)
at org.testng.remote.RemoteTestNG.initAndRun(RemoteTestNG.java:251)
at org.testng.remote.RemoteTestNG.main(RemoteTestNG.java:77)
]]>
            </full-stacktrace>
          </exception> <!-- java.lang.Throwable -->
          <reporter-output>
          </reporter-output>
        </test-method> <!-- checkoutLinePrice -->
        <test-method status="SKIP" signature="checkoutAdditionalFees()[pri:0, instance:Unipupil.UniMavenTests.Chrome77BuyCourseAddFeesAgentDomesticIndivCommFullPaymentTest@63753b6d]" name="checkoutAdditionalFees" duration-ms="0" started-at="2019-11-22T11:49:09Z" depends-on-methods="Unipupil.UniMavenTests.Chrome77BuyCourseAddFeesAgentDomesticIndivCommFullPaymentTest.checkoutLinePrice" finished-at="2019-11-22T11:49:09Z">
          <exception class="java.lang.Throwable">
            <message>
              <![CDATA[Method Chrome77BuyCourseAddFeesAgentDomesticIndivCommFullPaymentTest.checkoutAdditionalFees()[pri:0, instance:Unipupil.UniMavenTests.Chrome77BuyCourseAddFeesAgentDomesticIndivCommFullPaymentTest@63753b6d] depends on not successfully finished methods]]>
            </message>
            <full-stacktrace>
              <![CDATA[java.lang.Throwable: Method Chrome77BuyCourseAddFeesAgentDomesticIndivCommFullPaymentTest.checkoutAdditionalFees()[pri:0, instance:Unipupil.UniMavenTests.Chrome77BuyCourseAddFeesAgentDomesticIndivCommFullPaymentTest@63753b6d] depends on not successfully finished methods
at org.testng.internal.Invoker.invokeTestMethods(Invoker.java:888)
at org.testng.internal.TestMethodWorker.invokeTestMethods(TestMethodWorker.java:125)
at org.testng.internal.TestMethodWorker.run(TestMethodWorker.java:109)
at org.testng.TestRunner.privateRun(TestRunner.java:648)
at org.testng.TestRunner.run(TestRunner.java:505)
at org.testng.SuiteRunner.runTest(SuiteRunner.java:455)
at org.testng.SuiteRunner.runSequentially(SuiteRunner.java:450)
at org.testng.SuiteRunner.privateRun(SuiteRunner.java:415)
at org.testng.SuiteRunner.run(SuiteRunner.java:364)
at org.testng.SuiteRunnerWorker.runSuite(SuiteRunnerWorker.java:52)
at org.testng.SuiteRunnerWorker.run(SuiteRunnerWorker.java:84)
at org.testng.TestNG.runSuitesSequentially(TestNG.java:1208)
at org.testng.TestNG.runSuitesLocally(TestNG.java:1137)
at org.testng.TestNG.runSuites(TestNG.java:1049)
at org.testng.TestNG.run(TestNG.java:1017)
at org.testng.remote.AbstractRemoteTestNG.run(AbstractRemoteTestNG.java:114)
at org.testng.remote.RemoteTestNG.initAndRun(RemoteTestNG.java:251)
at org.testng.remote.RemoteTestNG.main(RemoteTestNG.java:77)
]]>
            </full-stacktrace>
          </exception> <!-- java.lang.Throwable -->
          <reporter-output>
          </reporter-output>
        </test-method> <!-- checkoutAdditionalFees -->
        <test-method status="SKIP" signature="checkoutTotal()[pri:0, instance:Unipupil.UniMavenTests.Chrome77BuyCourseAddFeesAgentDomesticIndivCommFullPaymentTest@63753b6d]" name="checkoutTotal" duration-ms="0" started-at="2019-11-22T11:49:09Z" depends-on-methods="Unipupil.UniMavenTests.Chrome77BuyCourseAddFeesAgentDomesticIndivCommFullPaymentTest.checkoutAdditionalFees" finished-at="2019-11-22T11:49:09Z">
          <exception class="java.lang.Throwable">
            <message>
              <![CDATA[Method Chrome77BuyCourseAddFeesAgentDomesticIndivCommFullPaymentTest.checkoutTotal()[pri:0, instance:Unipupil.UniMavenTests.Chrome77BuyCourseAddFeesAgentDomesticIndivCommFullPaymentTest@63753b6d] depends on not successfully finished methods]]>
            </message>
            <full-stacktrace>
              <![CDATA[java.lang.Throwable: Method Chrome77BuyCourseAddFeesAgentDomesticIndivCommFullPaymentTest.checkoutTotal()[pri:0, instance:Unipupil.UniMavenTests.Chrome77BuyCourseAddFeesAgentDomesticIndivCommFullPaymentTest@63753b6d] depends on not successfully finished methods
at org.testng.internal.Invoker.invokeTestMethods(Invoker.java:888)
at org.testng.internal.TestMethodWorker.invokeTestMethods(TestMethodWorker.java:125)
at org.testng.internal.TestMethodWorker.run(TestMethodWorker.java:109)
at org.testng.TestRunner.privateRun(TestRunner.java:648)
at org.testng.TestRunner.run(TestRunner.java:505)
at org.testng.SuiteRunner.runTest(SuiteRunner.java:455)
at org.testng.SuiteRunner.runSequentially(SuiteRunner.java:450)
at org.testng.SuiteRunner.privateRun(SuiteRunner.java:415)
at org.testng.SuiteRunner.run(SuiteRunner.java:364)
at org.testng.SuiteRunnerWorker.runSuite(SuiteRunnerWorker.java:52)
at org.testng.SuiteRunnerWorker.run(SuiteRunnerWorker.java:84)
at org.testng.TestNG.runSuitesSequentially(TestNG.java:1208)
at org.testng.TestNG.runSuitesLocally(TestNG.java:1137)
at org.testng.TestNG.runSuites(TestNG.java:1049)
at org.testng.TestNG.run(TestNG.java:1017)
at org.testng.remote.AbstractRemoteTestNG.run(AbstractRemoteTestNG.java:114)
at org.testng.remote.RemoteTestNG.initAndRun(RemoteTestNG.java:251)
at org.testng.remote.RemoteTestNG.main(RemoteTestNG.java:77)
]]>
            </full-stacktrace>
          </exception> <!-- java.lang.Throwable -->
          <reporter-output>
          </reporter-output>
        </test-method> <!-- checkoutTotal -->
        <test-method status="SKIP" signature="checkAggregateFeesEqualCheckoutTotal()[pri:0, instance:Unipupil.UniMavenTests.Chrome77BuyCourseAddFeesAgentDomesticIndivCommFullPaymentTest@63753b6d]" name="checkAggregateFeesEqualCheckoutTotal" duration-ms="0" started-at="2019-11-22T11:49:09Z" depends-on-methods="Unipupil.UniMavenTests.Chrome77BuyCourseAddFeesAgentDomesticIndivCommFullPaymentTest.checkoutTotal" finished-at="2019-11-22T11:49:09Z">
          <exception class="java.lang.Throwable">
            <message>
              <![CDATA[Method Chrome77BuyCourseAddFeesAgentDomesticIndivCommFullPaymentTest.checkAggregateFeesEqualCheckoutTotal()[pri:0, instance:Unipupil.UniMavenTests.Chrome77BuyCourseAddFeesAgentDomesticIndivCommFullPaymentTest@63753b6d] depends on not successfully finished methods]]>
            </message>
            <full-stacktrace>
              <![CDATA[java.lang.Throwable: Method Chrome77BuyCourseAddFeesAgentDomesticIndivCommFullPaymentTest.checkAggregateFeesEqualCheckoutTotal()[pri:0, instance:Unipupil.UniMavenTests.Chrome77BuyCourseAddFeesAgentDomesticIndivCommFullPaymentTest@63753b6d] depends on not successfully finished methods
at org.testng.internal.Invoker.invokeTestMethods(Invoker.java:888)
at org.testng.internal.TestMethodWorker.invokeTestMethods(TestMethodWorker.java:125)
at org.testng.internal.TestMethodWorker.run(TestMethodWorker.java:109)
at org.testng.TestRunner.privateRun(TestRunner.java:648)
at org.testng.TestRunner.run(TestRunner.java:505)
at org.testng.SuiteRunner.runTest(SuiteRunner.java:455)
at org.testng.SuiteRunner.runSequentially(SuiteRunner.java:450)
at org.testng.SuiteRunner.privateRun(SuiteRunner.java:415)
at org.testng.SuiteRunner.run(SuiteRunner.java:364)
at org.testng.SuiteRunnerWorker.runSuite(SuiteRunnerWorker.java:52)
at org.testng.SuiteRunnerWorker.run(SuiteRunnerWorker.java:84)
at org.testng.TestNG.runSuitesSequentially(TestNG.java:1208)
at org.testng.TestNG.runSuitesLocally(TestNG.java:1137)
at org.testng.TestNG.runSuites(TestNG.java:1049)
at org.testng.TestNG.run(TestNG.java:1017)
at org.testng.remote.AbstractRemoteTestNG.run(AbstractRemoteTestNG.java:114)
at org.testng.remote.RemoteTestNG.initAndRun(RemoteTestNG.java:251)
at org.testng.remote.RemoteTestNG.main(RemoteTestNG.java:77)
]]>
            </full-stacktrace>
          </exception> <!-- java.lang.Throwable -->
          <reporter-output>
          </reporter-output>
        </test-method> <!-- checkAggregateFeesEqualCheckoutTotal -->
        <test-method status="SKIP" signature="enterAddressAndContinue()[pri:0, instance:Unipupil.UniMavenTests.Chrome77BuyCourseAddFeesAgentDomesticIndivCommFullPaymentTest@63753b6d]" name="enterAddressAndContinue" duration-ms="0" started-at="2019-11-22T11:49:09Z" depends-on-methods="Unipupil.UniMavenTests.Chrome77BuyCourseAddFeesAgentDomesticIndivCommFullPaymentTest.checkAggregateFeesEqualCheckoutTotal" finished-at="2019-11-22T11:49:09Z">
          <exception class="java.lang.Throwable">
            <message>
              <![CDATA[Method Chrome77BuyCourseAddFeesAgentDomesticIndivCommFullPaymentTest.enterAddressAndContinue()[pri:0, instance:Unipupil.UniMavenTests.Chrome77BuyCourseAddFeesAgentDomesticIndivCommFullPaymentTest@63753b6d] depends on not successfully finished methods]]>
            </message>
            <full-stacktrace>
              <![CDATA[java.lang.Throwable: Method Chrome77BuyCourseAddFeesAgentDomesticIndivCommFullPaymentTest.enterAddressAndContinue()[pri:0, instance:Unipupil.UniMavenTests.Chrome77BuyCourseAddFeesAgentDomesticIndivCommFullPaymentTest@63753b6d] depends on not successfully finished methods
at org.testng.internal.Invoker.invokeTestMethods(Invoker.java:888)
at org.testng.internal.TestMethodWorker.invokeTestMethods(TestMethodWorker.java:125)
at org.testng.internal.TestMethodWorker.run(TestMethodWorker.java:109)
at org.testng.TestRunner.privateRun(TestRunner.java:648)
at org.testng.TestRunner.run(TestRunner.java:505)
at org.testng.SuiteRunner.runTest(SuiteRunner.java:455)
at org.testng.SuiteRunner.runSequentially(SuiteRunner.java:450)
at org.testng.SuiteRunner.privateRun(SuiteRunner.java:415)
at org.testng.SuiteRunner.run(SuiteRunner.java:364)
at org.testng.SuiteRunnerWorker.runSuite(SuiteRunnerWorker.java:52)
at org.testng.SuiteRunnerWorker.run(SuiteRunnerWorker.java:84)
at org.testng.TestNG.runSuitesSequentially(TestNG.java:1208)
at org.testng.TestNG.runSuitesLocally(TestNG.java:1137)
at org.testng.TestNG.runSuites(TestNG.java:1049)
at org.testng.TestNG.run(TestNG.java:1017)
at org.testng.remote.AbstractRemoteTestNG.run(AbstractRemoteTestNG.java:114)
at org.testng.remote.RemoteTestNG.initAndRun(RemoteTestNG.java:251)
at org.testng.remote.RemoteTestNG.main(RemoteTestNG.java:77)
]]>
            </full-stacktrace>
          </exception> <!-- java.lang.Throwable -->
          <reporter-output>
          </reporter-output>
        </test-method> <!-- enterAddressAndContinue -->
        <test-method status="SKIP" signature="reviewOrderHeader()[pri:0, instance:Unipupil.UniMavenTests.Chrome77BuyCourseAddFeesAgentDomesticIndivCommFullPaymentTest@63753b6d]" name="reviewOrderHeader" duration-ms="0" started-at="2019-11-22T11:49:09Z" depends-on-methods="Unipupil.UniMavenTests.Chrome77BuyCourseAddFeesAgentDomesticIndivCommFullPaymentTest.enterAddressAndContinue" finished-at="2019-11-22T11:49:09Z">
          <exception class="java.lang.Throwable">
            <message>
              <![CDATA[Method Chrome77BuyCourseAddFeesAgentDomesticIndivCommFullPaymentTest.reviewOrderHeader()[pri:0, instance:Unipupil.UniMavenTests.Chrome77BuyCourseAddFeesAgentDomesticIndivCommFullPaymentTest@63753b6d] depends on not successfully finished methods]]>
            </message>
            <full-stacktrace>
              <![CDATA[java.lang.Throwable: Method Chrome77BuyCourseAddFeesAgentDomesticIndivCommFullPaymentTest.reviewOrderHeader()[pri:0, instance:Unipupil.UniMavenTests.Chrome77BuyCourseAddFeesAgentDomesticIndivCommFullPaymentTest@63753b6d] depends on not successfully finished methods
at org.testng.internal.Invoker.invokeTestMethods(Invoker.java:888)
at org.testng.internal.TestMethodWorker.invokeTestMethods(TestMethodWorker.java:125)
at org.testng.internal.TestMethodWorker.run(TestMethodWorker.java:109)
at org.testng.TestRunner.privateRun(TestRunner.java:648)
at org.testng.TestRunner.run(TestRunner.java:505)
at org.testng.SuiteRunner.runTest(SuiteRunner.java:455)
[...]
          <exception class="java.lang.Throwable">
            <message>
              <![CDATA[Method Chrome77BuyCourseAddFeesAgentDomesticIndivCommFullPaymentTest.studentPayPalAccount()[pri:0, instance:Unipupil.UniMavenTests.Chrome77BuyCourseAddFeesAgentDomesticIndivCommFullPaymentTest@63753b6d] depends on not successfully finished methods]]>
            </message>
            <full-stacktrace>
              <![CDATA[java.lang.Throwable: Method Chrome77BuyCourseAddFeesAgentDomesticIndivCommFullPaymentTest.studentPayPalAccount()[pri:0, instance:Unipupil.UniMavenTests.Chrome77BuyCourseAddFeesAgentDomesticIndivCommFullPaymentTest@63753b6d] depends on not successfully finished methods
at org.testng.internal.Invoker.invokeTestMethods(Invoker.java:888)
at org.testng.internal.TestMethodWorker.invokeTestMethods(TestMethodWorker.java:125)
at org.testng.internal.TestMethodWorker.run(TestMethodWorker.java:109)
at org.testng.TestRunner.privateRun(TestRunner.java:648)
at org.testng.TestRunner.run(TestRunner.java:505)
at org.testng.SuiteRunner.runTest(SuiteRunner.java:455)
at org.testng.SuiteRunner.runSequentially(SuiteRunner.java:450)
at org.testng.SuiteRunner.privateRun(SuiteRunner.java:415)
at org.testng.SuiteRunner.run(SuiteRunner.java:364)
at org.testng.SuiteRunnerWorker.runSuite(SuiteRunnerWorker.java:52)
at org.testng.SuiteRunnerWorker.run(SuiteRunnerWorker.java:84)
at org.testng.TestNG.runSuitesSequentially(TestNG.java:1208)
at org.testng.TestNG.runSuitesLocally(TestNG.java:1137)
at org.testng.TestNG.runSuites(TestNG.java:1049)
at org.testng.TestNG.run(TestNG.java:1017)
at org.testng.remote.AbstractRemoteTestNG.run(AbstractRemoteTestNG.java:114)
at org.testng.remote.RemoteTestNG.initAndRun(RemoteTestNG.java:251)
at org.testng.remote.RemoteTestNG.main(RemoteTestNG.java:77)
]]>
            </full-stacktrace>
          </exception> <!-- java.lang.Throwable -->
          <reporter-output>
          </reporter-output>
        </test-method> <!-- studentPayPalAccount -->
        <test-method status="SKIP" signature="studentPaymentStatus()[pri:0, instance:Unipupil.UniMavenTests.Chrome77BuyCourseAddFeesAgentDomesticIndivCommFullPaymentTest@63753b6d]" name="studentPaymentStatus" duration-ms="0" started-at="2019-11-22T11:49:09Z" depends-on-methods="Unipupil.UniMavenTests.Chrome77BuyCourseAddFeesAgentDomesticIndivCommFullPaymentTest.studentPayPalAccount" finished-at="2019-11-22T11:49:09Z">
          <exception class="java.lang.Throwable">
            <message>
              <![CDATA[Method Chrome77BuyCourseAddFeesAgentDomesticIndivCommFullPaymentTest.studentPaymentStatus()[pri:0, instance:Unipupil.UniMavenTests.Chrome77BuyCourseAddFeesAgentDomesticIndivCommFullPaymentTest@63753b6d] depends on not successfully finished methods]]>
            </message>
            <full-stacktrace>
              <![CDATA[java.lang.Throwable: Method Chrome77BuyCourseAddFeesAgentDomesticIndivCommFullPaymentTest.studentPaymentStatus()[pri:0, instance:Unipupil.UniMavenTests.Chrome77BuyCourseAddFeesAgentDomesticIndivCommFullPaymentTest@63753b6d] depends on not successfully finished methods
at org.testng.internal.Invoker.invokeTestMethods(Invoker.java:888)
at org.testng.internal.TestMethodWorker.invokeTestMethods(TestMethodWorker.java:125)
at org.testng.internal.TestMethodWorker.run(TestMethodWorker.java:109)
at org.testng.TestRunner.privateRun(TestRunner.java:648)
at org.testng.TestRunner.run(TestRunner.java:505)
at org.testng.SuiteRunner.runTest(SuiteRunner.java:455)
at org.testng.SuiteRunner.runSequentially(SuiteRunner.java:450)
at org.testng.SuiteRunner.privateRun(SuiteRunner.java:415)
at org.testng.SuiteRunner.run(SuiteRunner.java:364)
at org.testng.SuiteRunnerWorker.runSuite(SuiteRunnerWorker.java:52)
at org.testng.SuiteRunnerWorker.run(SuiteRunnerWorker.java:84)
at org.testng.TestNG.runSuitesSequentially(TestNG.java:1208)
at org.testng.TestNG.runSuitesLocally(TestNG.java:1137)
at org.testng.TestNG.runSuites(TestNG.java:1049)
at org.testng.TestNG.run(TestNG.java:1017)
at org.testng.remote.AbstractRemoteTestNG.run(AbstractRemoteTestNG.java:114)
at org.testng.remote.RemoteTestNG.initAndRun(RemoteTestNG.java:251)
at org.testng.remote.RemoteTestNG.main(RemoteTestNG.java:77)
]]>
            </full-stacktrace>
          </exception> <!-- java.lang.Throwable -->
          <reporter-output>
          </reporter-output>
        </test-method> <!-- studentPaymentStatus -->
        <test-method status="SKIP" signature="unipupilPayPalAccount()[pri:0, instance:Unipupil.UniMavenTests.Chrome77BuyCourseAddFeesAgentDomesticIndivCommFullPaymentTest@63753b6d]" name="unipupilPayPalAccount" duration-ms="0" started-at="2019-11-22T11:49:09Z" depends-on-methods="Unipupil.UniMavenTests.Chrome77BuyCourseAddFeesAgentDomesticIndivCommFullPaymentTest.studentPaymentStatus" finished-at="2019-11-22T11:49:09Z">
          <exception class="java.lang.Throwable">
            <message>
              <![CDATA[Method Chrome77BuyCourseAddFeesAgentDomesticIndivCommFullPaymentTest.unipupilPayPalAccount()[pri:0, instance:Unipupil.UniMavenTests.Chrome77BuyCourseAddFeesAgentDomesticIndivCommFullPaymentTest@63753b6d] depends on not successfully finished methods]]>
            </message>
            <full-stacktrace>
              <![CDATA[java.lang.Throwable: Method Chrome77BuyCourseAddFeesAgentDomesticIndivCommFullPaymentTest.unipupilPayPalAccount()[pri:0, instance:Unipupil.UniMavenTests.Chrome77BuyCourseAddFeesAgentDomesticIndivCommFullPaymentTest@63753b6d] depends on not successfully finished methods
at org.testng.internal.Invoker.invokeTestMethods(Invoker.java:888)
at org.testng.internal.TestMethodWorker.invokeTestMethods(TestMethodWorker.java:125)
at org.testng.internal.TestMethodWorker.run(TestMethodWorker.java:109)
at org.testng.TestRunner.privateRun(TestRunner.java:648)
at org.testng.TestRunner.run(TestRunner.java:505)
at org.testng.SuiteRunner.runTest(SuiteRunner.java:455)
at org.testng.SuiteRunner.runSequentially(SuiteRunner.java:450)
at org.testng.SuiteRunner.privateRun(SuiteRunner.java:415)
at org.testng.SuiteRunner.run(SuiteRunner.java:364)
at org.testng.SuiteRunnerWorker.runSuite(SuiteRunnerWorker.java:52)
at org.testng.SuiteRunnerWorker.run(SuiteRunnerWorker.java:84)
at org.testng.TestNG.runSuitesSequentially(TestNG.java:1208)
at org.testng.TestNG.runSuitesLocally(TestNG.java:1137)
at org.testng.TestNG.runSuites(TestNG.java:1049)
at org.testng.TestNG.run(TestNG.java:1017)
at org.testng.remote.AbstractRemoteTestNG.run(AbstractRemoteTestNG.java:114)
at org.testng.remote.RemoteTestNG.initAndRun(RemoteTestNG.java:251)
at org.testng.remote.RemoteTestNG.main(RemoteTestNG.java:77)
]]>
            </full-stacktrace>
          </exception> <!-- java.lang.Throwable -->
          <reporter-output>
          </reporter-output>
        </test-method> <!-- unipupilPayPalAccount -->
        <test-method status="SKIP" signature="agentPayPalAccount()[pri:0, instance:Unipupil.UniMavenTests.Chrome77BuyCourseAddFeesAgentDomesticIndivCommFullPaymentTest@63753b6d]" name="agentPayPalAccount" duration-ms="0" started-at="2019-11-22T11:49:09Z" depends-on-methods="Unipupil.UniMavenTests.Chrome77BuyCourseAddFeesAgentDomesticIndivCommFullPaymentTest.unipupilPayPalAccount" finished-at="2019-11-22T11:49:09Z">
          <exception class="java.lang.Throwable">
            <message>
              <![CDATA[Method Chrome77BuyCourseAddFeesAgentDomesticIndivCommFullPaymentTest.agentPayPalAccount()[pri:0, instance:Unipupil.UniMavenTests.Chrome77BuyCourseAddFeesAgentDomesticIndivCommFullPaymentTest@63753b6d] depends on not successfully finished methods]]>
            </message>
            <full-stacktrace>
              <![CDATA[java.lang.Throwable: Method Chrome77BuyCourseAddFeesAgentDomesticIndivCommFullPaymentTest.agentPayPalAccount()[pri:0, instance:Unipupil.UniMavenTests.Chrome77BuyCourseAddFeesAgentDomesticIndivCommFullPaymentTest@63753b6d] depends on not successfully finished methods
at org.testng.internal.Invoker.invokeTestMethods(Invoker.java:888)
at org.testng.internal.TestMethodWorker.invokeTestMethods(TestMethodWorker.java:125)
at org.testng.internal.TestMethodWorker.run(TestMethodWorker.java:109)
at org.testng.TestRunner.privateRun(TestRunner.java:648)
at org.testng.TestRunner.run(TestRunner.java:505)
at org.testng.SuiteRunner.runTest(SuiteRunner.java:455)
at org.testng.SuiteRunner.runSequentially(SuiteRunner.java:450)
at org.testng.SuiteRunner.privateRun(SuiteRunner.java:415)
at org.testng.SuiteRunner.run(SuiteRunner.java:364)
at org.testng.SuiteRunnerWorker.runSuite(SuiteRunnerWorker.java:52)
at org.testng.SuiteRunnerWorker.run(SuiteRunnerWorker.java:84)
at org.testng.TestNG.runSuitesSequentially(TestNG.java:1208)
at org.testng.TestNG.runSuitesLocally(TestNG.java:1137)
at org.testng.TestNG.runSuites(TestNG.java:1049)
at org.testng.TestNG.run(TestNG.java:1017)
at org.testng.remote.AbstractRemoteTestNG.run(AbstractRemoteTestNG.java:114)
at org.testng.remote.RemoteTestNG.initAndRun(RemoteTestNG.java:251)
at org.testng.remote.RemoteTestNG.main(RemoteTestNG.java:77)
]]>
            </full-stacktrace>
          </exception> <!-- java.lang.Throwable -->
          <reporter-output>
          </reporter-output>
        </test-method> <!-- agentPayPalAccount -->
        <test-method status="SKIP" signature="eduInstitutionPaymentStatus()[pri:0, instance:Unipupil.UniMavenTests.Chrome77BuyCourseAddFeesAgentDomesticIndivCommFullPaymentTest@63753b6d]" name="eduInstitutionPaymentStatus" duration-ms="0" started-at="2019-11-22T11:49:09Z" depends-on-methods="Unipupil.UniMavenTests.Chrome77BuyCourseAddFeesAgentDomesticIndivCommFullPaymentTest.agentPayPalAccount" finished-at="2019-11-22T11:49:09Z">
          <exception class="java.lang.Throwable">
            <message>
              <![CDATA[Method Chrome77BuyCourseAddFeesAgentDomesticIndivCommFullPaymentTest.eduInstitutionPaymentStatus()[pri:0, instance:Unipupil.UniMavenTests.Chrome77BuyCourseAddFeesAgentDomesticIndivCommFullPaymentTest@63753b6d] depends on not successfully finished methods]]>
            </message>
            <full-stacktrace>
              <![CDATA[java.lang.Throwable: Method Chrome77BuyCourseAddFeesAgentDomesticIndivCommFullPaymentTest.eduInstitutionPaymentStatus()[pri:0, instance:Unipupil.UniMavenTests.Chrome77BuyCourseAddFeesAgentDomesticIndivCommFullPaymentTest@63753b6d] depends on not successfully finished methods
at org.testng.internal.Invoker.invokeTestMethods(Invoker.java:888)
at org.testng.internal.TestMethodWorker.invokeTestMethods(TestMethodWorker.java:125)
at org.testng.internal.TestMethodWorker.run(TestMethodWorker.java:109)
at org.testng.TestRunner.privateRun(TestRunner.java:648)
at org.testng.TestRunner.run(TestRunner.java:505)
at org.testng.SuiteRunner.runTest(SuiteRunner.java:455)
at org.testng.SuiteRunner.runSequentially(SuiteRunner.java:450)
at org.testng.SuiteRunner.privateRun(SuiteRunner.java:415)
at org.testng.SuiteRunner.run(SuiteRunner.java:364)
at org.testng.SuiteRunnerWorker.runSuite(SuiteRunnerWorker.java:52)
at org.testng.SuiteRunnerWorker.run(SuiteRunnerWorker.java:84)
at org.testng.TestNG.runSuitesSequentially(TestNG.java:1208)
at org.testng.TestNG.runSuitesLocally(TestNG.java:1137)
at org.testng.TestNG.runSuites(TestNG.java:1049)
at org.testng.TestNG.run(TestNG.java:1017)
at org.testng.remote.AbstractRemoteTestNG.run(AbstractRemoteTestNG.java:114)
at org.testng.remote.RemoteTestNG.initAndRun(RemoteTestNG.java:251)
at org.testng.remote.RemoteTestNG.main(RemoteTestNG.java:77)
]]>
            </full-stacktrace>
          </exception> <!-- java.lang.Throwable -->
          <reporter-output>
          </reporter-output>
        </test-method> <!-- eduInstitutionPaymentStatus -->
        <test-method status="SKIP" signature="eduInstitutionPayPalAccountGrossFees()[pri:0, instance:Unipupil.UniMavenTests.Chrome77BuyCourseAddFeesAgentDomesticIndivCommFullPaymentTest@63753b6d]" name="eduInstitutionPayPalAccountGrossFees" duration-ms="0" started-at="2019-11-22T11:49:09Z" depends-on-methods="Unipupil.UniMavenTests.Chrome77BuyCourseAddFeesAgentDomesticIndivCommFullPaymentTest.eduInstitutionPaymentStatus" finished-at="2019-11-22T11:49:09Z">
          <exception class="java.lang.Throwable">
            <message>
              <![CDATA[Method Chrome77BuyCourseAddFeesAgentDomesticIndivCommFullPaymentTest.eduInstitutionPayPalAccountGrossFees()[pri:0, instance:Unipupil.UniMavenTests.Chrome77BuyCourseAddFeesAgentDomesticIndivCommFullPaymentTest@63753b6d] depends on not successfully finished methods]]>
            </message>
            <full-stacktrace>
              <![CDATA[java.lang.Throwable: Method Chrome77BuyCourseAddFeesAgentDomesticIndivCommFullPaymentTest.eduInstitutionPayPalAccountGrossFees()[pri:0, instance:Unipupil.UniMavenTests.Chrome77BuyCourseAddFeesAgentDomesticIndivCommFullPaymentTest@63753b6d] depends on not successfully finished methods
at org.testng.internal.Invoker.invokeTestMethods(Invoker.java:888)
at org.testng.internal.TestMethodWorker.invokeTestMethods(TestMethodWorker.java:125)
at org.testng.internal.TestMethodWorker.run(TestMethodWorker.java:109)
at org.testng.TestRunner.privateRun(TestRunner.java:648)
at org.testng.TestRunner.run(TestRunner.java:505)
at org.testng.SuiteRunner.runTest(SuiteRunner.java:455)
at org.testng.SuiteRunner.runSequentially(SuiteRunner.java:450)
at org.testng.SuiteRunner.privateRun(SuiteRunner.java:415)
at org.testng.SuiteRunner.run(SuiteRunner.java:364)
at org.testng.SuiteRunnerWorker.runSuite(SuiteRunnerWorker.java:52)
at org.testng.SuiteRunnerWorker.run(SuiteRunnerWorker.java:84)
at org.testng.TestNG.runSuitesSequentially(TestNG.java:1208)
at org.testng.TestNG.runSuitesLocally(TestNG.java:1137)
at org.testng.TestNG.runSuites(TestNG.java:1049)
at org.testng.TestNG.run(TestNG.java:1017)
at org.testng.remote.AbstractRemoteTestNG.run(AbstractRemoteTestNG.java:114)
at org.testng.remote.RemoteTestNG.initAndRun(RemoteTestNG.java:251)
at org.testng.remote.RemoteTestNG.main(RemoteTestNG.java:77)
]]>
            </full-stacktrace>
          </exception> <!-- java.lang.Throwable -->
          <reporter-output>
          </reporter-output>
        </test-method> <!-- eduInstitutionPayPalAccountGrossFees -->
        <test-method status="SKIP" signature="eduInstitutionPayPalAccountAgentCommission()[pri:0, instance:Unipupil.UniMavenTests.Chrome77BuyCourseAddFeesAgentDomesticIndivCommFullPaymentTest@63753b6d]" name="eduInstitutionPayPalAccountAgentCommission" duration-ms="0" started-at="2019-11-22T11:49:09Z" depends-on-methods="Unipupil.UniMavenTests.Chrome77BuyCourseAddFeesAgentDomesticIndivCommFullPaymentTest.eduInstitutionPayPalAccountGrossFees" finished-at="2019-11-22T11:49:09Z">
          <exception class="java.lang.Throwable">
            <message>
              <![CDATA[Method Chrome77BuyCourseAddFeesAgentDomesticIndivCommFullPaymentTest.eduInstitutionPayPalAccountAgentCommission()[pri:0, instance:Unipupil.UniMavenTests.Chrome77BuyCourseAddFeesAgentDomesticIndivCommFullPaymentTest@63753b6d] depends on not successfully finished methods]]>
            </message>
            <full-stacktrace>
              <![CDATA[java.lang.Throwable: Method Chrome77BuyCourseAddFeesAgentDomesticIndivCommFullPaymentTest.eduInstitutionPayPalAccountAgentCommission()[pri:0, instance:Unipupil.UniMavenTests.Chrome77BuyCourseAddFeesAgentDomesticIndivCommFullPaymentTest@63753b6d] depends on not successfully finished methods
at org.testng.internal.Invoker.invokeTestMethods(Invoker.java:888)
at org.testng.internal.TestMethodWorker.invokeTestMethods(TestMethodWorker.java:125)
at org.testng.internal.TestMethodWorker.run(TestMethodWorker.java:109)
at org.testng.TestRunner.privateRun(TestRunner.java:648)
at org.testng.TestRunner.run(TestRunner.java:505)
at org.testng.SuiteRunner.runTest(SuiteRunner.java:455)
at org.testng.SuiteRunner.runSequentially(SuiteRunner.java:450)
at org.testng.SuiteRunner.privateRun(SuiteRunner.java:415)
at org.testng.SuiteRunner.run(SuiteRunner.java:364)
at org.testng.SuiteRunnerWorker.runSuite(SuiteRunnerWorker.java:52)
at org.testng.SuiteRunnerWorker.run(SuiteRunnerWorker.java:84)
at org.testng.TestNG.runSuitesSequentially(TestNG.java:1208)
at org.testng.TestNG.runSuitesLocally(TestNG.java:1137)
at org.testng.TestNG.runSuites(TestNG.java:1049)
at org.testng.TestNG.run(TestNG.java:1017)
at org.testng.remote.AbstractRemoteTestNG.run(AbstractRemoteTestNG.java:114)
at org.testng.remote.RemoteTestNG.initAndRun(RemoteTestNG.java:251)
at org.testng.remote.RemoteTestNG.main(RemoteTestNG.java:77)
]]>
            </full-stacktrace>
          </exception> <!-- java.lang.Throwable -->
          <reporter-output>
          </reporter-output>
        </test-method> <!-- eduInstitutionPayPalAccountAgentCommission -->
        <test-method status="SKIP" signature="eduInstitutionPayPalAccountUnipupilCommission()[pri:0, instance:Unipupil.UniMavenTests.Chrome77BuyCourseAddFeesAgentDomesticIndivCommFullPaymentTest@63753b6d]" name="eduInstitutionPayPalAccountUnipupilCommission" duration-ms="0" started-at="2019-11-22T11:49:09Z" depends-on-methods="Unipupil.UniMavenTests.Chrome77BuyCourseAddFeesAgentDomesticIndivCommFullPaymentTest.eduInstitutionPayPalAccountAgentCommission" finished-at="2019-11-22T11:49:09Z">
          <exception class="java.lang.Throwable">
            <message>
              <![CDATA[Method Chrome77BuyCourseAddFeesAgentDomesticIndivCommFullPaymentTest.eduInstitutionPayPalAccountUnipupilCommission()[pri:0, instance:Unipupil.UniMavenTests.Chrome77BuyCourseAddFeesAgentDomesticIndivCommFullPaymentTest@63753b6d] depends on not successfully finished methods]]>
            </message>
            <full-stacktrace>
              <![CDATA[java.lang.Throwable: Method Chrome77BuyCourseAddFeesAgentDomesticIndivCommFullPaymentTest.eduInstitutionPayPalAccountUnipupilCommission()[pri:0, instance:Unipupil.UniMavenTests.Chrome77BuyCourseAddFeesAgentDomesticIndivCommFullPaymentTest@63753b6d] depends on not successfully finished methods
at org.testng.internal.Invoker.invokeTestMethods(Invoker.java:888)
at org.testng.internal.TestMethodWorker.invokeTestMethods(TestMethodWorker.java:125)
at org.testng.internal.TestMethodWorker.run(TestMethodWorker.java:109)
at org.testng.TestRunner.privateRun(TestRunner.java:648)
at org.testng.TestRunner.run(TestRunner.java:505)
at org.testng.SuiteRunner.runTest(SuiteRunner.java:455)
at org.testng.SuiteRunner.runSequentially(SuiteRunner.java:450)
at org.testng.SuiteRunner.privateRun(SuiteRunner.java:415)
at org.testng.SuiteRunner.run(SuiteRunner.java:364)
at org.testng.SuiteRunnerWorker.runSuite(SuiteRunnerWorker.java:52)
at org.testng.SuiteRunnerWorker.run(SuiteRunnerWorker.java:84)
at org.testng.TestNG.runSuitesSequentially(TestNG.java:1208)
at org.testng.TestNG.runSuitesLocally(TestNG.java:1137)
at org.testng.TestNG.runSuites(TestNG.java:1049)
at org.testng.TestNG.run(TestNG.java:1017)
at org.testng.remote.AbstractRemoteTestNG.run(AbstractRemoteTestNG.java:114)
at org.testng.remote.RemoteTestNG.initAndRun(RemoteTestNG.java:251)
at org.testng.remote.RemoteTestNG.main(RemoteTestNG.java:77)
]]>
            </full-stacktrace>
          </exception> <!-- java.lang.Throwable -->
          <reporter-output>
          </reporter-output>
        </test-method> <!-- eduInstitutionPayPalAccountUnipupilCommission -->
        <test-method status="SKIP" signature="shutdown()[pri:0, instance:Unipupil.UniMavenTests.Chrome77BuyCourseAddFeesAgentDomesticIndivCommFullPaymentTest@63753b6d]" name="shutdown" is-config="true" duration-ms="0" started-at="2019-11-22T11:49:09Z" finished-at="2019-11-22T11:49:09Z">
          <reporter-output>
          </reporter-output>
        </test-method> <!-- shutdown -->
      </class> <!-- Unipupil.UniMavenTests.Chrome77BuyCourseAddFeesAgentDomesticIndivCommFullPaymentTest -->
    </test> <!-- Default test -->
  </suite> <!-- Default suite -->
</testng-results>
